[ 2016-11-02T10:31:03+08:00 ] ::1 /easycan/
INFO: [ app_init ] --START--
INFO: Run Behavior\BuildLiteBehavior [ RunTime:0.000031s ]
INFO: [ app_init ] --END-- [ RunTime:0.008438s ]
ERR: 无法加载控制器:Index

[ 2016-11-02T10:31:27+08:00 ] ::1 /easycan/index.php/Home/Public/index.html
INFO: [ app_init ] --START--
INFO: Run Behavior\BuildLiteBehavior [ RunTime:0.000026s ]
INFO: [ app_init ] --END-- [ RunTime:0.000372s ]

[ 2016-11-02T10:31:32+08:00 ] ::1 /easycan/index.php/Home/Public/login
INFO: [ app_init ] --START--
INFO: Run Behavior\BuildLiteBehavior [ RunTime:0.000025s ]
INFO: [ app_init ] --END-- [ RunTime:0.000368s ]

[ 2016-11-02T10:31:32+08:00 ] ::1 /easycan/index.php/Home/Public/main.html
INFO: [ app_init ] --START--
INFO: Run Behavior\BuildLiteBehavior [ RunTime:0.000025s ]
INFO: [ app_init ] --END-- [ RunTime:0.000390s ]

[ 2016-11-02T10:31:37+08:00 ] ::1 /easycan/index.php/Home/Order/orderList
INFO: [ app_init ] --START--
INFO: Run Behavior\BuildLiteBehavior [ RunTime:0.000025s ]
INFO: [ app_init ] --END-- [ RunTime:0.000359s ]

[ 2016-11-02T10:32:39+08:00 ] ::1 /easycan/index.php/Home/Order/getRealTimeLocation/address/5902+Rue+Hamilton%2C+MONTREAL%2C+QC%2C+Canada.html
INFO: [ app_init ] --START--
INFO: Run Behavior\BuildLiteBehavior [ RunTime:0.000027s ]
INFO: [ app_init ] --END-- [ RunTime:0.000372s ]

[ 2016-11-02T10:34:52+08:00 ] ::1 /easycan/index.php/Home/Order/orderList
INFO: [ app_init ] --START--
INFO: Run Behavior\BuildLiteBehavior [ RunTime:0.000026s ]
INFO: [ app_init ] --END-- [ RunTime:0.000389s ]

[ 2016-11-02T10:34:57+08:00 ] ::1 /easycan/index.php/Home/Order/orderList
INFO: [ app_init ] --START--
INFO: Run Behavior\BuildLiteBehavior [ RunTime:0.000026s ]
INFO: [ app_init ] --END-- [ RunTime:0.000361s ]

[ 2016-11-02T10:35:02+08:00 ] ::1 /easycan/index.php/Home/Order/getRealTimeLocation/address/5902+Rue+Hamilton%2C+MONTREAL%2C+QC%2C+Canada.html
INFO: [ app_init ] --START--
INFO: Run Behavior\BuildLiteBehavior [ RunTime:0.000025s ]
INFO: [ app_init ] --END-- [ RunTime:0.000403s ]

