[ 2016-10-28T10:05:49+08:00 ] ::1 /easycan/
INFO: [ app_init ] --START--
INFO: Run Behavior\BuildLiteBehavior [ RunTime:0.000033s ]
INFO: [ app_init ] --END-- [ RunTime:0.104184s ]
ERR: 无法加载控制器:Index

[ 2016-10-28T10:06:11+08:00 ] ::1 /easycan/index.php/Home/Public/index.html
INFO: [ app_init ] --START--
INFO: Run Behavior\BuildLiteBehavior [ RunTime:0.000025s ]
INFO: [ app_init ] --END-- [ RunTime:0.000373s ]

[ 2016-10-28T10:07:03+08:00 ] ::1 /easycan/index.php/Home/Public/login
INFO: [ app_init ] --START--
INFO: Run Behavior\BuildLiteBehavior [ RunTime:0.000042s ]
INFO: [ app_init ] --END-- [ RunTime:0.000416s ]

[ 2016-10-28T10:07:04+08:00 ] ::1 /easycan/index.php/Home/Public/main.html
INFO: [ app_init ] --START--
INFO: Run Behavior\BuildLiteBehavior [ RunTime:0.000026s ]
INFO: [ app_init ] --END-- [ RunTime:0.000400s ]

[ 2016-10-28T10:07:11+08:00 ] ::1 /easycan/index.php/Home/Order/addOrder
INFO: [ app_init ] --START--
INFO: Run Behavior\BuildLiteBehavior [ RunTime:0.000027s ]
INFO: [ app_init ] --END-- [ RunTime:0.000491s ]

[ 2016-10-28T10:07:13+08:00 ] ::1 /easycan/index.php/Home/Order/orderList
INFO: [ app_init ] --START--
INFO: Run Behavior\BuildLiteBehavior [ RunTime:0.000028s ]
INFO: [ app_init ] --END-- [ RunTime:0.000391s ]

[ 2016-10-28T10:07:16+08:00 ] ::1 /easycan/index.php/Home/Order/pageIndex.html
INFO: [ app_init ] --START--
INFO: Run Behavior\BuildLiteBehavior [ RunTime:0.000026s ]
INFO: [ app_init ] --END-- [ RunTime:0.000366s ]

[ 2016-10-28T10:07:18+08:00 ] ::1 /easycan/index.php/Home/Order/pageIndex.html
INFO: [ app_init ] --START--
INFO: Run Behavior\BuildLiteBehavior [ RunTime:0.000024s ]
INFO: [ app_init ] --END-- [ RunTime:0.000348s ]

[ 2016-10-28T10:07:19+08:00 ] ::1 /easycan/index.php/Home/Order/pageIndex.html
INFO: [ app_init ] --START--
INFO: Run Behavior\BuildLiteBehavior [ RunTime:0.000024s ]
INFO: [ app_init ] --END-- [ RunTime:0.000357s ]

[ 2016-10-28T10:07:20+08:00 ] ::1 /easycan/index.php/Home/Order/pageIndex.html
INFO: [ app_init ] --START--
INFO: Run Behavior\BuildLiteBehavior [ RunTime:0.000024s ]
INFO: [ app_init ] --END-- [ RunTime:0.000351s ]

[ 2016-10-28T10:07:22+08:00 ] ::1 /easycan/index.php/Home/Order/pageIndex.html
INFO: [ app_init ] --START--
INFO: Run Behavior\BuildLiteBehavior [ RunTime:0.000027s ]
INFO: [ app_init ] --END-- [ RunTime:0.000379s ]

[ 2016-10-28T10:07:24+08:00 ] ::1 /easycan/index.php/Home/Order/orderList
INFO: [ app_init ] --START--
INFO: Run Behavior\BuildLiteBehavior [ RunTime:0.000027s ]
INFO: [ app_init ] --END-- [ RunTime:0.000477s ]

[ 2016-10-28T10:07:29+08:00 ] ::1 /easycan/index.php/Home/Order/orderList
INFO: [ app_init ] --START--
INFO: Run Behavior\BuildLiteBehavior [ RunTime:0.000025s ]
INFO: [ app_init ] --END-- [ RunTime:0.000351s ]

[ 2016-10-28T10:07:34+08:00 ] ::1 /easycan/index.php/Home/Order/orderList
INFO: [ app_init ] --START--
INFO: Run Behavior\BuildLiteBehavior [ RunTime:0.000025s ]
INFO: [ app_init ] --END-- [ RunTime:0.000424s ]

[ 2016-10-28T10:07:39+08:00 ] ::1 /easycan/index.php/Home/Order/pageIndex.html
INFO: [ app_init ] --START--
INFO: Run Behavior\BuildLiteBehavior [ RunTime:0.000024s ]
INFO: [ app_init ] --END-- [ RunTime:0.000469s ]

[ 2016-10-28T10:09:20+08:00 ] ::1 /easycan/index.php/Home/Order/orderList
INFO: [ app_init ] --START--
INFO: Run Behavior\BuildLiteBehavior [ RunTime:0.000032s ]
INFO: [ app_init ] --END-- [ RunTime:0.007901s ]

[ 2016-10-28T10:09:23+08:00 ] ::1 /easycan/index.php/Home/Order/pageIndex.html
INFO: [ app_init ] --START--
INFO: Run Behavior\BuildLiteBehavior [ RunTime:0.000026s ]
INFO: [ app_init ] --END-- [ RunTime:0.000355s ]

[ 2016-10-28T10:09:26+08:00 ] ::1 /easycan/index.php/Home/Order/pageIndex.html
INFO: [ app_init ] --START--
INFO: Run Behavior\BuildLiteBehavior [ RunTime:0.000027s ]
INFO: [ app_init ] --END-- [ RunTime:0.000387s ]

[ 2016-10-28T10:16:32+08:00 ] ::1 /easycan/index.php/Home/Order/orderList
INFO: [ app_init ] --START--
INFO: Run Behavior\BuildLiteBehavior [ RunTime:0.000027s ]
INFO: [ app_init ] --END-- [ RunTime:0.000408s ]

[ 2016-10-28T10:16:34+08:00 ] ::1 /easycan/index.php/Home/Order/orderList
INFO: [ app_init ] --START--
INFO: Run Behavior\BuildLiteBehavior [ RunTime:0.000028s ]
INFO: [ app_init ] --END-- [ RunTime:0.000367s ]

[ 2016-10-28T10:16:37+08:00 ] ::1 /easycan/index.php/Home/Order/pageIndex.html
INFO: [ app_init ] --START--
INFO: Run Behavior\BuildLiteBehavior [ RunTime:0.000027s ]
INFO: [ app_init ] --END-- [ RunTime:0.000401s ]

[ 2016-10-28T10:16:39+08:00 ] ::1 /easycan/index.php/Home/Order/pageIndex.html
INFO: [ app_init ] --START--
INFO: Run Behavior\BuildLiteBehavior [ RunTime:0.000024s ]
INFO: [ app_init ] --END-- [ RunTime:0.000342s ]

[ 2016-10-28T10:16:41+08:00 ] ::1 /easycan/index.php/Home/Order/pageIndex.html
INFO: [ app_init ] --START--
INFO: Run Behavior\BuildLiteBehavior [ RunTime:0.000025s ]
INFO: [ app_init ] --END-- [ RunTime:0.000356s ]

[ 2016-10-28T10:16:42+08:00 ] ::1 /easycan/index.php/Home/Order/pageIndex.html
INFO: [ app_init ] --START--
INFO: Run Behavior\BuildLiteBehavior [ RunTime:0.000027s ]
INFO: [ app_init ] --END-- [ RunTime:0.000368s ]

[ 2016-10-28T10:16:43+08:00 ] ::1 /easycan/index.php/Home/Order/pageIndex.html
INFO: [ app_init ] --START--
INFO: Run Behavior\BuildLiteBehavior [ RunTime:0.000065s ]
INFO: [ app_init ] --END-- [ RunTime:0.000440s ]

[ 2016-10-28T10:16:43+08:00 ] ::1 /easycan/index.php/Home/Order/pageIndex.html
INFO: [ app_init ] --START--
INFO: Run Behavior\BuildLiteBehavior [ RunTime:0.000027s ]
INFO: [ app_init ] --END-- [ RunTime:0.000372s ]

[ 2016-10-28T10:22:58+08:00 ] ::1 /easycan/index.php/Home/Order/orderList
INFO: [ app_init ] --START--
INFO: Run Behavior\BuildLiteBehavior [ RunTime:0.000029s ]
INFO: [ app_init ] --END-- [ RunTime:0.000419s ]

[ 2016-10-28T10:23:00+08:00 ] ::1 /easycan/index.php/Home/Order/pageIndex.html
INFO: [ app_init ] --START--
INFO: Run Behavior\BuildLiteBehavior [ RunTime:0.000026s ]
INFO: [ app_init ] --END-- [ RunTime:0.000367s ]

[ 2016-10-28T10:23:02+08:00 ] ::1 /easycan/index.php/Home/Order/pageIndex.html
INFO: [ app_init ] --START--
INFO: Run Behavior\BuildLiteBehavior [ RunTime:0.000025s ]
INFO: [ app_init ] --END-- [ RunTime:0.000351s ]

[ 2016-10-28T10:23:04+08:00 ] ::1 /easycan/index.php/Home/Order/pageIndex.html
INFO: [ app_init ] --START--
INFO: Run Behavior\BuildLiteBehavior [ RunTime:0.000039s ]
INFO: [ app_init ] --END-- [ RunTime:0.000487s ]

[ 2016-10-28T10:23:04+08:00 ] ::1 /easycan/index.php/Home/Order/pageIndex.html
INFO: [ app_init ] --START--
INFO: Run Behavior\BuildLiteBehavior [ RunTime:0.000031s ]
INFO: [ app_init ] --END-- [ RunTime:0.000384s ]

[ 2016-10-28T10:23:05+08:00 ] ::1 /easycan/index.php/Home/Order/pageIndex.html
INFO: [ app_init ] --START--
INFO: Run Behavior\BuildLiteBehavior [ RunTime:0.000031s ]
INFO: [ app_init ] --END-- [ RunTime:0.000385s ]

[ 2016-10-28T10:23:06+08:00 ] ::1 /easycan/index.php/Home/Order/pageIndex.html
INFO: [ app_init ] --START--
INFO: Run Behavior\BuildLiteBehavior [ RunTime:0.000027s ]
INFO: [ app_init ] --END-- [ RunTime:0.000370s ]

[ 2016-10-28T10:27:48+08:00 ] ::1 /easycan/index.php/Home/Order/orderList
INFO: [ app_init ] --START--
INFO: Run Behavior\BuildLiteBehavior [ RunTime:0.000027s ]
INFO: [ app_init ] --END-- [ RunTime:0.000408s ]

[ 2016-10-28T10:28:04+08:00 ] ::1 /easycan/index.php/Home/Order/pageIndex.html
INFO: [ app_init ] --START--
INFO: Run Behavior\BuildLiteBehavior [ RunTime:0.000034s ]
INFO: [ app_init ] --END-- [ RunTime:0.000406s ]

[ 2016-10-28T10:28:05+08:00 ] ::1 /easycan/index.php/Home/Order/pageIndex.html
INFO: [ app_init ] --START--
INFO: Run Behavior\BuildLiteBehavior [ RunTime:0.000026s ]
INFO: [ app_init ] --END-- [ RunTime:0.000371s ]

[ 2016-10-28T10:28:24+08:00 ] ::1 /easycan/index.php/Home/Order/orderList
INFO: [ app_init ] --START--
INFO: Run Behavior\BuildLiteBehavior [ RunTime:0.000027s ]
INFO: [ app_init ] --END-- [ RunTime:0.000377s ]

[ 2016-10-28T10:28:58+08:00 ] ::1 /easycan/index.php/Home/Order/orderList
INFO: [ app_init ] --START--
INFO: Run Behavior\BuildLiteBehavior [ RunTime:0.000029s ]
INFO: [ app_init ] --END-- [ RunTime:0.000393s ]

[ 2016-10-28T10:29:02+08:00 ] ::1 /easycan/index.php/Home/Order/pageIndex.html
INFO: [ app_init ] --START--
INFO: Run Behavior\BuildLiteBehavior [ RunTime:0.000027s ]
INFO: [ app_init ] --END-- [ RunTime:0.000382s ]

[ 2016-10-28T10:29:04+08:00 ] ::1 /easycan/index.php/Home/Order/pageIndex.html
INFO: [ app_init ] --START--
INFO: Run Behavior\BuildLiteBehavior [ RunTime:0.000027s ]
INFO: [ app_init ] --END-- [ RunTime:0.000369s ]

[ 2016-10-28T10:29:10+08:00 ] ::1 /easycan/index.php/Home/Order/orderList
INFO: [ app_init ] --START--
INFO: Run Behavior\BuildLiteBehavior [ RunTime:0.000031s ]
INFO: [ app_init ] --END-- [ RunTime:0.000512s ]

[ 2016-10-28T10:29:11+08:00 ] ::1 /easycan/index.php/Home/Order/pageIndex.html
INFO: [ app_init ] --START--
INFO: Run Behavior\BuildLiteBehavior [ RunTime:0.000026s ]
INFO: [ app_init ] --END-- [ RunTime:0.000375s ]

[ 2016-10-28T10:29:12+08:00 ] ::1 /easycan/index.php/Home/Order/pageIndex.html
INFO: [ app_init ] --START--
INFO: Run Behavior\BuildLiteBehavior [ RunTime:0.000025s ]
INFO: [ app_init ] --END-- [ RunTime:0.000356s ]

[ 2016-10-28T10:29:12+08:00 ] ::1 /easycan/index.php/Home/Order/pageIndex.html
INFO: [ app_init ] --START--
INFO: Run Behavior\BuildLiteBehavior [ RunTime:0.000029s ]
INFO: [ app_init ] --END-- [ RunTime:0.000386s ]

[ 2016-10-28T10:29:13+08:00 ] ::1 /easycan/index.php/Home/Order/pageIndex.html
INFO: [ app_init ] --START--
INFO: Run Behavior\BuildLiteBehavior [ RunTime:0.000027s ]
INFO: [ app_init ] --END-- [ RunTime:0.000369s ]

[ 2016-10-28T10:29:13+08:00 ] ::1 /easycan/index.php/Home/Order/pageIndex.html
INFO: [ app_init ] --START--
INFO: Run Behavior\BuildLiteBehavior [ RunTime:0.000026s ]
INFO: [ app_init ] --END-- [ RunTime:0.000362s ]

[ 2016-10-28T10:58:53+08:00 ] ::1 /easycan/index.php/Home/Order/orderList
INFO: [ app_init ] --START--
INFO: Run Behavior\BuildLiteBehavior [ RunTime:0.000029s ]
INFO: [ app_init ] --END-- [ RunTime:0.000736s ]

[ 2016-10-28T10:59:44+08:00 ] ::1 /easycan/index.php/Home/Order/orderList
INFO: [ app_init ] --START--
INFO: Run Behavior\BuildLiteBehavior [ RunTime:0.000047s ]
INFO: [ app_init ] --END-- [ RunTime:0.000798s ]

[ 2016-10-28T11:00:20+08:00 ] ::1 /easycan/index.php/Home/Order/orderList
INFO: [ app_init ] --START--
INFO: Run Behavior\BuildLiteBehavior [ RunTime:0.000030s ]
INFO: [ app_init ] --END-- [ RunTime:0.000446s ]

[ 2016-10-28T11:01:50+08:00 ] ::1 /easycan/index.php/Home/Order/orderList
INFO: [ app_init ] --START--
INFO: Run Behavior\BuildLiteBehavior [ RunTime:0.000051s ]
INFO: [ app_init ] --END-- [ RunTime:0.000561s ]

[ 2016-10-28T11:02:00+08:00 ] ::1 /easycan/index.php/Home/Order/orderList
INFO: [ app_init ] --START--
INFO: Run Behavior\BuildLiteBehavior [ RunTime:0.000032s ]
INFO: [ app_init ] --END-- [ RunTime:0.000484s ]

[ 2016-10-28T11:02:34+08:00 ] ::1 /easycan/index.php/Home/Order/orderList
INFO: [ app_init ] --START--
INFO: Run Behavior\BuildLiteBehavior [ RunTime:0.000046s ]
INFO: [ app_init ] --END-- [ RunTime:0.000526s ]

[ 2016-10-28T11:06:47+08:00 ] ::1 /easycan/index.php/Home/Order/orderList
INFO: [ app_init ] --START--
INFO: Run Behavior\BuildLiteBehavior [ RunTime:0.000029s ]
INFO: [ app_init ] --END-- [ RunTime:0.000418s ]

[ 2016-10-28T11:07:27+08:00 ] ::1 /easycan/index.php/Home/Order/orderList
INFO: [ app_init ] --START--
INFO: Run Behavior\BuildLiteBehavior [ RunTime:0.000025s ]
INFO: [ app_init ] --END-- [ RunTime:0.000357s ]

[ 2016-10-28T11:07:32+08:00 ] ::1 /easycan/index.php/Home/Order/orderList
INFO: [ app_init ] --START--
INFO: Run Behavior\BuildLiteBehavior [ RunTime:0.000027s ]
INFO: [ app_init ] --END-- [ RunTime:0.000369s ]

[ 2016-10-28T11:07:32+08:00 ] ::1 /easycan/index.php/Home/Order/orderList
INFO: [ app_init ] --START--
INFO: Run Behavior\BuildLiteBehavior [ RunTime:0.000027s ]
INFO: [ app_init ] --END-- [ RunTime:0.000417s ]

[ 2016-10-28T11:07:32+08:00 ] ::1 /easycan/index.php/Home/Order/orderList
INFO: [ app_init ] --START--
INFO: Run Behavior\BuildLiteBehavior [ RunTime:0.000033s ]
INFO: [ app_init ] --END-- [ RunTime:0.002184s ]

[ 2016-10-28T11:07:32+08:00 ] ::1 /easycan/index.php/Home/Order/orderList
INFO: [ app_init ] --START--
INFO: Run Behavior\BuildLiteBehavior [ RunTime:0.000032s ]
INFO: [ app_init ] --END-- [ RunTime:0.000469s ]

[ 2016-10-28T11:07:32+08:00 ] ::1 /easycan/index.php/Home/Order/orderList
INFO: [ app_init ] --START--
INFO: Run Behavior\BuildLiteBehavior [ RunTime:0.000028s ]
INFO: [ app_init ] --END-- [ RunTime:0.000488s ]

[ 2016-10-28T11:07:41+08:00 ] ::1 /easycan/index.php/Home/Order/orderList
INFO: [ app_init ] --START--
INFO: Run Behavior\BuildLiteBehavior [ RunTime:0.000026s ]
INFO: [ app_init ] --END-- [ RunTime:0.000403s ]

[ 2016-10-28T11:07:42+08:00 ] ::1 /easycan/index.php/Home/Order/orderList
INFO: [ app_init ] --START--
INFO: Run Behavior\BuildLiteBehavior [ RunTime:0.000029s ]
INFO: [ app_init ] --END-- [ RunTime:0.000413s ]

[ 2016-10-28T11:07:44+08:00 ] ::1 /easycan/index.php/Home/Order/orderList
INFO: [ app_init ] --START--
INFO: Run Behavior\BuildLiteBehavior [ RunTime:0.000028s ]
INFO: [ app_init ] --END-- [ RunTime:0.000382s ]

[ 2016-10-28T11:08:03+08:00 ] ::1 /easycan/index.php/Home/Order/orderList
INFO: [ app_init ] --START--
INFO: Run Behavior\BuildLiteBehavior [ RunTime:0.000027s ]
INFO: [ app_init ] --END-- [ RunTime:0.000378s ]

[ 2016-10-28T11:08:04+08:00 ] ::1 /easycan/index.php/Home/Order/orderList
INFO: [ app_init ] --START--
INFO: Run Behavior\BuildLiteBehavior [ RunTime:0.000040s ]
INFO: [ app_init ] --END-- [ RunTime:0.000666s ]

[ 2016-10-28T11:08:05+08:00 ] ::1 /easycan/index.php/Home/Order/orderList
INFO: [ app_init ] --START--
INFO: Run Behavior\BuildLiteBehavior [ RunTime:0.000027s ]
INFO: [ app_init ] --END-- [ RunTime:0.000376s ]

[ 2016-10-28T11:09:00+08:00 ] ::1 /easycan/index.php/Home/Order/orderList
INFO: [ app_init ] --START--
INFO: Run Behavior\BuildLiteBehavior [ RunTime:0.000033s ]
INFO: [ app_init ] --END-- [ RunTime:0.000640s ]

[ 2016-10-28T11:09:33+08:00 ] ::1 /easycan/index.php/Home/Order/orderList
INFO: [ app_init ] --START--
INFO: Run Behavior\BuildLiteBehavior [ RunTime:0.000028s ]
INFO: [ app_init ] --END-- [ RunTime:0.000418s ]

[ 2016-10-28T11:09:54+08:00 ] ::1 /easycan/index.php/Home/Order/orderList
INFO: [ app_init ] --START--
INFO: Run Behavior\BuildLiteBehavior [ RunTime:0.000028s ]
INFO: [ app_init ] --END-- [ RunTime:0.000430s ]

[ 2016-10-28T11:10:04+08:00 ] ::1 /easycan/index.php/Home/Order/orderList
INFO: [ app_init ] --START--
INFO: Run Behavior\BuildLiteBehavior [ RunTime:0.000030s ]
INFO: [ app_init ] --END-- [ RunTime:0.000406s ]

[ 2016-10-28T11:10:20+08:00 ] ::1 /easycan/index.php/Home/Order/orderList
INFO: [ app_init ] --START--
INFO: Run Behavior\BuildLiteBehavior [ RunTime:0.000028s ]
INFO: [ app_init ] --END-- [ RunTime:0.000370s ]

[ 2016-10-28T11:10:29+08:00 ] ::1 /easycan/index.php/Home/Order/orderList
INFO: [ app_init ] --START--
INFO: Run Behavior\BuildLiteBehavior [ RunTime:0.000029s ]
INFO: [ app_init ] --END-- [ RunTime:0.000396s ]

[ 2016-10-28T11:11:21+08:00 ] ::1 /easycan/index.php/Home/Order/orderList
INFO: [ app_init ] --START--
INFO: Run Behavior\BuildLiteBehavior [ RunTime:0.000030s ]
INFO: [ app_init ] --END-- [ RunTime:0.000424s ]

[ 2016-10-28T11:11:21+08:00 ] ::1 /easycan/index.php/Home/Order/orderList
INFO: [ app_init ] --START--
INFO: Run Behavior\BuildLiteBehavior [ RunTime:0.000025s ]
INFO: [ app_init ] --END-- [ RunTime:0.000369s ]

[ 2016-10-28T11:11:37+08:00 ] ::1 /easycan/index.php/Home/Order/orderList
INFO: [ app_init ] --START--
INFO: Run Behavior\BuildLiteBehavior [ RunTime:0.000028s ]
INFO: [ app_init ] --END-- [ RunTime:0.000399s ]

[ 2016-10-28T11:11:58+08:00 ] ::1 /easycan/index.php/Home/Order/orderList
INFO: [ app_init ] --START--
INFO: Run Behavior\BuildLiteBehavior [ RunTime:0.000029s ]
INFO: [ app_init ] --END-- [ RunTime:0.000475s ]

[ 2016-10-28T11:12:06+08:00 ] ::1 /easycan/index.php/Home/Order/orderList
INFO: [ app_init ] --START--
INFO: Run Behavior\BuildLiteBehavior [ RunTime:0.000027s ]
INFO: [ app_init ] --END-- [ RunTime:0.000421s ]

[ 2016-10-28T11:14:30+08:00 ] ::1 /easycan/index.php/Home/Order/orderList
INFO: [ app_init ] --START--
INFO: Run Behavior\BuildLiteBehavior [ RunTime:0.000040s ]
INFO: [ app_init ] --END-- [ RunTime:0.000574s ]

[ 2016-10-28T11:14:35+08:00 ] ::1 /easycan/index.php/Home/Order/pageIndex.html
INFO: [ app_init ] --START--
INFO: Run Behavior\BuildLiteBehavior [ RunTime:0.000027s ]
INFO: [ app_init ] --END-- [ RunTime:0.000362s ]

[ 2016-10-28T11:14:38+08:00 ] ::1 /easycan/index.php/Home/Order/pageIndex.html
INFO: [ app_init ] --START--
INFO: Run Behavior\BuildLiteBehavior [ RunTime:0.000028s ]
INFO: [ app_init ] --END-- [ RunTime:0.000377s ]

[ 2016-10-28T11:15:08+08:00 ] ::1 /easycan/index.php/Home/Order/pageIndex.html
INFO: [ app_init ] --START--
INFO: Run Behavior\BuildLiteBehavior [ RunTime:0.000026s ]
INFO: [ app_init ] --END-- [ RunTime:0.000376s ]

[ 2016-10-28T11:15:46+08:00 ] ::1 /easycan/index.php/Home/Order/orderList
INFO: [ app_init ] --START--
INFO: Run Behavior\BuildLiteBehavior [ RunTime:0.000027s ]
INFO: [ app_init ] --END-- [ RunTime:0.000371s ]

[ 2016-10-28T11:15:48+08:00 ] ::1 /easycan/index.php/Home/Order/orderList
INFO: [ app_init ] --START--
INFO: Run Behavior\BuildLiteBehavior [ RunTime:0.000028s ]
INFO: [ app_init ] --END-- [ RunTime:0.000420s ]

[ 2016-10-28T11:15:51+08:00 ] ::1 /easycan/index.php/Home/Order/pageIndex.html
INFO: [ app_init ] --START--
INFO: Run Behavior\BuildLiteBehavior [ RunTime:0.000027s ]
INFO: [ app_init ] --END-- [ RunTime:0.000371s ]

[ 2016-10-28T11:15:53+08:00 ] ::1 /easycan/index.php/Home/Order/pageIndex.html
INFO: [ app_init ] --START--
INFO: Run Behavior\BuildLiteBehavior [ RunTime:0.000029s ]
INFO: [ app_init ] --END-- [ RunTime:0.000385s ]

[ 2016-10-28T11:17:29+08:00 ] ::1 /easycan/index.php/Home/Order/orderList
INFO: [ app_init ] --START--
INFO: Run Behavior\BuildLiteBehavior [ RunTime:0.000029s ]
INFO: [ app_init ] --END-- [ RunTime:0.000517s ]

[ 2016-10-28T11:17:31+08:00 ] ::1 /easycan/index.php/Home/Order/pageIndex.html
INFO: [ app_init ] --START--
INFO: Run Behavior\BuildLiteBehavior [ RunTime:0.000027s ]
INFO: [ app_init ] --END-- [ RunTime:0.000495s ]

[ 2016-10-28T11:19:58+08:00 ] ::1 /easycan/index.php/Home/Order/orderList
INFO: [ app_init ] --START--
INFO: Run Behavior\BuildLiteBehavior [ RunTime:0.000027s ]
INFO: [ app_init ] --END-- [ RunTime:0.000415s ]

[ 2016-10-28T11:20:03+08:00 ] ::1 /easycan/index.php/Home/Order/pageIndex.html
INFO: [ app_init ] --START--
INFO: Run Behavior\BuildLiteBehavior [ RunTime:0.000030s ]
INFO: [ app_init ] --END-- [ RunTime:0.000395s ]

[ 2016-10-28T11:20:07+08:00 ] ::1 /easycan/index.php/Home/Order/pageIndex.html
INFO: [ app_init ] --START--
INFO: Run Behavior\BuildLiteBehavior [ RunTime:0.000027s ]
INFO: [ app_init ] --END-- [ RunTime:0.000381s ]

[ 2016-10-28T11:20:08+08:00 ] ::1 /easycan/index.php/Home/Order/pageIndex.html
INFO: [ app_init ] --START--
INFO: Run Behavior\BuildLiteBehavior [ RunTime:0.000030s ]
INFO: [ app_init ] --END-- [ RunTime:0.000453s ]

[ 2016-10-28T11:20:08+08:00 ] ::1 /easycan/index.php/Home/Order/pageIndex.html
INFO: [ app_init ] --START--
INFO: Run Behavior\BuildLiteBehavior [ RunTime:0.000029s ]
INFO: [ app_init ] --END-- [ RunTime:0.000499s ]

[ 2016-10-28T11:20:08+08:00 ] ::1 /easycan/index.php/Home/Order/pageIndex.html
INFO: [ app_init ] --START--
INFO: Run Behavior\BuildLiteBehavior [ RunTime:0.000028s ]
INFO: [ app_init ] --END-- [ RunTime:0.000392s ]

[ 2016-10-28T11:20:10+08:00 ] ::1 /easycan/index.php/Home/Order/pageIndex.html
INFO: [ app_init ] --START--
INFO: Run Behavior\BuildLiteBehavior [ RunTime:0.000037s ]
INFO: [ app_init ] --END-- [ RunTime:0.000390s ]

[ 2016-10-28T11:20:25+08:00 ] ::1 /easycan/index.php/Home/Order/orderList
INFO: [ app_init ] --START--
INFO: Run Behavior\BuildLiteBehavior [ RunTime:0.000029s ]
INFO: [ app_init ] --END-- [ RunTime:0.000469s ]

[ 2016-10-28T11:20:31+08:00 ] ::1 /easycan/index.php/Home/Order/orderList
INFO: [ app_init ] --START--
INFO: Run Behavior\BuildLiteBehavior [ RunTime:0.000030s ]
INFO: [ app_init ] --END-- [ RunTime:0.000408s ]

[ 2016-10-28T11:20:33+08:00 ] ::1 /easycan/index.php/Home/Order/orderList
INFO: [ app_init ] --START--
INFO: Run Behavior\BuildLiteBehavior [ RunTime:0.000037s ]
INFO: [ app_init ] --END-- [ RunTime:0.000586s ]

[ 2016-10-28T11:20:34+08:00 ] ::1 /easycan/index.php/Home/Order/orderList
INFO: [ app_init ] --START--
INFO: Run Behavior\BuildLiteBehavior [ RunTime:0.000045s ]
INFO: [ app_init ] --END-- [ RunTime:0.000738s ]

[ 2016-10-28T11:20:59+08:00 ] ::1 /easycan/index.php/Home/Order/orderList
INFO: [ app_init ] --START--
INFO: Run Behavior\BuildLiteBehavior [ RunTime:0.000027s ]
INFO: [ app_init ] --END-- [ RunTime:0.000430s ]

[ 2016-10-28T11:21:03+08:00 ] ::1 /easycan/index.php/Home/Order/pageIndex.html
INFO: [ app_init ] --START--
INFO: Run Behavior\BuildLiteBehavior [ RunTime:0.000029s ]
INFO: [ app_init ] --END-- [ RunTime:0.000385s ]

[ 2016-10-28T11:21:05+08:00 ] ::1 /easycan/index.php/Home/Order/pageIndex.html
INFO: [ app_init ] --START--
INFO: Run Behavior\BuildLiteBehavior [ RunTime:0.000028s ]
INFO: [ app_init ] --END-- [ RunTime:0.000416s ]

[ 2016-10-28T11:21:19+08:00 ] ::1 /easycan/index.php/Home/Order/orderList
INFO: [ app_init ] --START--
INFO: Run Behavior\BuildLiteBehavior [ RunTime:0.000027s ]
INFO: [ app_init ] --END-- [ RunTime:0.000369s ]

[ 2016-10-28T11:21:21+08:00 ] ::1 /easycan/index.php/Home/Order/pageIndex.html
INFO: [ app_init ] --START--
INFO: Run Behavior\BuildLiteBehavior [ RunTime:0.000028s ]
INFO: [ app_init ] --END-- [ RunTime:0.000389s ]

[ 2016-10-28T11:21:22+08:00 ] ::1 /easycan/index.php/Home/Order/pageIndex.html
INFO: [ app_init ] --START--
INFO: Run Behavior\BuildLiteBehavior [ RunTime:0.000027s ]
INFO: [ app_init ] --END-- [ RunTime:0.000375s ]

[ 2016-10-28T11:21:23+08:00 ] ::1 /easycan/index.php/Home/Order/pageIndex.html
INFO: [ app_init ] --START--
INFO: Run Behavior\BuildLiteBehavior [ RunTime:0.000029s ]
INFO: [ app_init ] --END-- [ RunTime:0.000403s ]

[ 2016-10-28T11:21:23+08:00 ] ::1 /easycan/index.php/Home/Order/pageIndex.html
INFO: [ app_init ] --START--
INFO: Run Behavior\BuildLiteBehavior [ RunTime:0.000027s ]
INFO: [ app_init ] --END-- [ RunTime:0.000376s ]

[ 2016-10-28T11:21:24+08:00 ] ::1 /easycan/index.php/Home/Order/pageIndex.html
INFO: [ app_init ] --START--
INFO: Run Behavior\BuildLiteBehavior [ RunTime:0.000027s ]
INFO: [ app_init ] --END-- [ RunTime:0.000368s ]

[ 2016-10-28T11:24:40+08:00 ] ::1 /easycan/index.php/Home/Order/orderList
INFO: [ app_init ] --START--
INFO: Run Behavior\BuildLiteBehavior [ RunTime:0.000029s ]
INFO: [ app_init ] --END-- [ RunTime:0.000418s ]

[ 2016-10-28T11:26:03+08:00 ] ::1 /easycan/index.php/Home/Order/orderList
INFO: [ app_init ] --START--
INFO: Run Behavior\BuildLiteBehavior [ RunTime:0.000030s ]
INFO: [ app_init ] --END-- [ RunTime:0.000476s ]

[ 2016-10-28T11:26:04+08:00 ] ::1 /easycan/index.php/Home/Order/orderList
INFO: [ app_init ] --START--
INFO: Run Behavior\BuildLiteBehavior [ RunTime:0.000031s ]
INFO: [ app_init ] --END-- [ RunTime:0.000461s ]

[ 2016-10-28T11:27:03+08:00 ] ::1 /easycan/index.php/Home/Order/orderList
INFO: [ app_init ] --START--
INFO: Run Behavior\BuildLiteBehavior [ RunTime:0.000031s ]
INFO: [ app_init ] --END-- [ RunTime:0.000416s ]

[ 2016-10-28T11:30:42+08:00 ] ::1 /easycan/index.php/Home/Order/pageIndex.html
INFO: [ app_init ] --START--
INFO: Run Behavior\BuildLiteBehavior [ RunTime:0.000029s ]
INFO: [ app_init ] --END-- [ RunTime:0.000500s ]

[ 2016-10-28T11:31:06+08:00 ] ::1 /easycan/index.php/Home/Order/orderList
INFO: [ app_init ] --START--
INFO: Run Behavior\BuildLiteBehavior [ RunTime:0.000029s ]
INFO: [ app_init ] --END-- [ RunTime:0.000386s ]

[ 2016-10-28T11:33:17+08:00 ] ::1 /easycan/index.php/Home/Order/orderList
INFO: [ app_init ] --START--
INFO: Run Behavior\BuildLiteBehavior [ RunTime:0.000028s ]
INFO: [ app_init ] --END-- [ RunTime:0.000441s ]

[ 2016-10-28T11:43:58+08:00 ] ::1 /easycan/index.php/Home/Order/orderList
INFO: [ app_init ] --START--
INFO: Run Behavior\BuildLiteBehavior [ RunTime:0.000032s ]
INFO: [ app_init ] --END-- [ RunTime:0.009839s ]

[ 2016-10-28T13:51:52+08:00 ] ::1 /easycan/index.php/Home/Order/orderList
INFO: [ app_init ] --START--
INFO: Run Behavior\BuildLiteBehavior [ RunTime:0.000046s ]
INFO: [ app_init ] --END-- [ RunTime:0.025139s ]

[ 2016-10-28T13:54:45+08:00 ] ::1 /easycan/index.php/Home/Order/orderList
INFO: [ app_init ] --START--
INFO: Run Behavior\BuildLiteBehavior [ RunTime:0.000031s ]
INFO: [ app_init ] --END-- [ RunTime:0.000790s ]

[ 2016-10-28T13:54:55+08:00 ] ::1 /easycan/index.php/Home/Order/orderList
INFO: [ app_init ] --START--
INFO: Run Behavior\BuildLiteBehavior [ RunTime:0.000029s ]
INFO: [ app_init ] --END-- [ RunTime:0.000429s ]

[ 2016-10-28T13:55:28+08:00 ] ::1 /easycan/index.php/Home/Order/orderList
INFO: [ app_init ] --START--
INFO: Run Behavior\BuildLiteBehavior [ RunTime:0.000029s ]
INFO: [ app_init ] --END-- [ RunTime:0.000432s ]

[ 2016-10-28T13:55:29+08:00 ] ::1 /easycan/index.php/Home/Order/orderList
INFO: [ app_init ] --START--
INFO: Run Behavior\BuildLiteBehavior [ RunTime:0.000029s ]
INFO: [ app_init ] --END-- [ RunTime:0.000479s ]

[ 2016-10-28T13:55:29+08:00 ] ::1 /easycan/index.php/Home/Order/orderList
INFO: [ app_init ] --START--
INFO: Run Behavior\BuildLiteBehavior [ RunTime:0.000029s ]
INFO: [ app_init ] --END-- [ RunTime:0.000448s ]

[ 2016-10-28T13:55:29+08:00 ] ::1 /easycan/index.php/Home/Order/orderList
INFO: [ app_init ] --START--
INFO: Run Behavior\BuildLiteBehavior [ RunTime:0.000037s ]
INFO: [ app_init ] --END-- [ RunTime:0.000812s ]

[ 2016-10-28T13:55:30+08:00 ] ::1 /easycan/index.php/Home/Order/orderList
INFO: [ app_init ] --START--
INFO: Run Behavior\BuildLiteBehavior [ RunTime:0.000030s ]
INFO: [ app_init ] --END-- [ RunTime:0.000459s ]

[ 2016-10-28T13:57:33+08:00 ] ::1 /easycan/index.php/Home/Order/orderList
INFO: [ app_init ] --START--
INFO: Run Behavior\BuildLiteBehavior [ RunTime:0.000030s ]
INFO: [ app_init ] --END-- [ RunTime:0.000477s ]

[ 2016-10-28T13:57:36+08:00 ] ::1 /easycan/index.php/Home/Order/orderList
INFO: [ app_init ] --START--
INFO: Run Behavior\BuildLiteBehavior [ RunTime:0.000047s ]
INFO: [ app_init ] --END-- [ RunTime:0.000417s ]

[ 2016-10-28T13:57:37+08:00 ] ::1 /easycan/index.php/Home/Order/orderList
INFO: [ app_init ] --START--
INFO: Run Behavior\BuildLiteBehavior [ RunTime:0.000033s ]
INFO: [ app_init ] --END-- [ RunTime:0.000527s ]

[ 2016-10-28T13:57:56+08:00 ] ::1 /easycan/index.php/Home/Order/orderList
INFO: [ app_init ] --START--
INFO: Run Behavior\BuildLiteBehavior [ RunTime:0.000030s ]
INFO: [ app_init ] --END-- [ RunTime:0.000415s ]

[ 2016-10-28T13:58:45+08:00 ] ::1 /easycan/index.php/Home/Order/orderList
INFO: [ app_init ] --START--
INFO: Run Behavior\BuildLiteBehavior [ RunTime:0.000039s ]
INFO: [ app_init ] --END-- [ RunTime:0.000792s ]

[ 2016-10-28T14:01:19+08:00 ] ::1 /easycan/index.php/Home/Order/orderList
INFO: [ app_init ] --START--
INFO: Run Behavior\BuildLiteBehavior [ RunTime:0.000029s ]
INFO: [ app_init ] --END-- [ RunTime:0.000514s ]

[ 2016-10-28T14:04:32+08:00 ] ::1 /easycan/index.php/Home/Order/orderList
INFO: [ app_init ] --START--
INFO: Run Behavior\BuildLiteBehavior [ RunTime:0.000030s ]
INFO: [ app_init ] --END-- [ RunTime:0.000687s ]

[ 2016-10-28T14:04:39+08:00 ] ::1 /easycan/index.php/Home/Order/pageIndex.html
INFO: [ app_init ] --START--
INFO: Run Behavior\BuildLiteBehavior [ RunTime:0.000028s ]
INFO: [ app_init ] --END-- [ RunTime:0.000386s ]

[ 2016-10-28T14:04:59+08:00 ] ::1 /easycan/index.php/Home/Order/orderList
INFO: [ app_init ] --START--
INFO: Run Behavior\BuildLiteBehavior [ RunTime:0.000028s ]
INFO: [ app_init ] --END-- [ RunTime:0.000390s ]

[ 2016-10-28T14:05:02+08:00 ] ::1 /easycan/index.php/Home/Order/pageIndex.html
INFO: [ app_init ] --START--
INFO: Run Behavior\BuildLiteBehavior [ RunTime:0.000029s ]
INFO: [ app_init ] --END-- [ RunTime:0.000388s ]

[ 2016-10-28T14:05:33+08:00 ] ::1 /easycan/index.php/Home/Order/orderList
INFO: [ app_init ] --START--
INFO: Run Behavior\BuildLiteBehavior [ RunTime:0.000030s ]
INFO: [ app_init ] --END-- [ RunTime:0.000491s ]

[ 2016-10-28T14:05:34+08:00 ] ::1 /easycan/index.php/Home/Order/pageIndex.html
INFO: [ app_init ] --START--
INFO: Run Behavior\BuildLiteBehavior [ RunTime:0.000029s ]
INFO: [ app_init ] --END-- [ RunTime:0.000401s ]

[ 2016-10-28T14:05:54+08:00 ] ::1 /easycan/index.php/Home/Order/pageIndex.html
INFO: [ app_init ] --START--
INFO: Run Behavior\BuildLiteBehavior [ RunTime:0.000028s ]
INFO: [ app_init ] --END-- [ RunTime:0.000394s ]

[ 2016-10-28T14:06:03+08:00 ] ::1 /easycan/index.php/Home/Order/pageIndex.html
INFO: [ app_init ] --START--
INFO: Run Behavior\BuildLiteBehavior [ RunTime:0.000029s ]
INFO: [ app_init ] --END-- [ RunTime:0.000407s ]

[ 2016-10-28T14:07:29+08:00 ] ::1 /easycan/index.php/Home/Order/orderList
INFO: [ app_init ] --START--
INFO: Run Behavior\BuildLiteBehavior [ RunTime:0.000030s ]
INFO: [ app_init ] --END-- [ RunTime:0.000608s ]

[ 2016-10-28T14:07:32+08:00 ] ::1 /easycan/index.php/Home/Order/pageIndex.html
INFO: [ app_init ] --START--
INFO: Run Behavior\BuildLiteBehavior [ RunTime:0.000032s ]
INFO: [ app_init ] --END-- [ RunTime:0.000503s ]

[ 2016-10-28T14:09:08+08:00 ] ::1 /easycan/index.php/Home/Order/orderList
INFO: [ app_init ] --START--
INFO: Run Behavior\BuildLiteBehavior [ RunTime:0.000029s ]
INFO: [ app_init ] --END-- [ RunTime:0.000400s ]

[ 2016-10-28T14:09:13+08:00 ] ::1 /easycan/index.php/Home/Order/pageIndex.html
INFO: [ app_init ] --START--
INFO: Run Behavior\BuildLiteBehavior [ RunTime:0.000028s ]
INFO: [ app_init ] --END-- [ RunTime:0.000494s ]

[ 2016-10-28T14:09:38+08:00 ] ::1 /easycan/index.php/Home/Order/orderList
INFO: [ app_init ] --START--
INFO: Run Behavior\BuildLiteBehavior [ RunTime:0.000030s ]
INFO: [ app_init ] --END-- [ RunTime:0.000578s ]

[ 2016-10-28T14:09:42+08:00 ] ::1 /easycan/index.php/Home/Order/pageIndex.html
INFO: [ app_init ] --START--
INFO: Run Behavior\BuildLiteBehavior [ RunTime:0.000028s ]
INFO: [ app_init ] --END-- [ RunTime:0.000392s ]

[ 2016-10-28T14:09:43+08:00 ] ::1 /easycan/index.php/Home/Order/pageIndex.html
INFO: [ app_init ] --START--
INFO: Run Behavior\BuildLiteBehavior [ RunTime:0.000032s ]
INFO: [ app_init ] --END-- [ RunTime:0.000456s ]

[ 2016-10-28T14:10:02+08:00 ] ::1 /easycan/index.php/Home/Order/orderList
INFO: [ app_init ] --START--
INFO: Run Behavior\BuildLiteBehavior [ RunTime:0.000030s ]
INFO: [ app_init ] --END-- [ RunTime:0.000542s ]

[ 2016-10-28T14:10:05+08:00 ] ::1 /easycan/index.php/Home/Order/orderList
INFO: [ app_init ] --START--
INFO: Run Behavior\BuildLiteBehavior [ RunTime:0.000028s ]
INFO: [ app_init ] --END-- [ RunTime:0.000439s ]

[ 2016-10-28T14:10:10+08:00 ] ::1 /easycan/index.php/Home/Order/pageIndex.html
INFO: [ app_init ] --START--
INFO: Run Behavior\BuildLiteBehavior [ RunTime:0.000028s ]
INFO: [ app_init ] --END-- [ RunTime:0.000413s ]

[ 2016-10-28T14:10:11+08:00 ] ::1 /easycan/index.php/Home/Order/pageIndex.html
INFO: [ app_init ] --START--
INFO: Run Behavior\BuildLiteBehavior [ RunTime:0.000027s ]
INFO: [ app_init ] --END-- [ RunTime:0.000385s ]

[ 2016-10-28T14:10:12+08:00 ] ::1 /easycan/index.php/Home/Order/pageIndex.html
INFO: [ app_init ] --START--
INFO: Run Behavior\BuildLiteBehavior [ RunTime:0.000030s ]
INFO: [ app_init ] --END-- [ RunTime:0.000391s ]

[ 2016-10-28T14:10:14+08:00 ] ::1 /easycan/index.php/Home/Order/pageIndex.html
INFO: [ app_init ] --START--
INFO: Run Behavior\BuildLiteBehavior [ RunTime:0.000029s ]
INFO: [ app_init ] --END-- [ RunTime:0.000392s ]

[ 2016-10-28T14:10:15+08:00 ] ::1 /easycan/index.php/Home/Order/pageIndex.html
INFO: [ app_init ] --START--
INFO: Run Behavior\BuildLiteBehavior [ RunTime:0.000028s ]
INFO: [ app_init ] --END-- [ RunTime:0.000427s ]

[ 2016-10-28T14:10:15+08:00 ] ::1 /easycan/index.php/Home/Order/pageIndex.html
INFO: [ app_init ] --START--
INFO: Run Behavior\BuildLiteBehavior [ RunTime:0.000029s ]
INFO: [ app_init ] --END-- [ RunTime:0.000403s ]

[ 2016-10-28T14:10:16+08:00 ] ::1 /easycan/index.php/Home/Order/pageIndex.html
INFO: [ app_init ] --START--
INFO: Run Behavior\BuildLiteBehavior [ RunTime:0.000027s ]
INFO: [ app_init ] --END-- [ RunTime:0.000382s ]

[ 2016-10-28T14:10:16+08:00 ] ::1 /easycan/index.php/Home/Order/pageIndex.html
INFO: [ app_init ] --START--
INFO: Run Behavior\BuildLiteBehavior [ RunTime:0.000049s ]
INFO: [ app_init ] --END-- [ RunTime:0.000451s ]

[ 2016-10-28T14:10:19+08:00 ] ::1 /easycan/index.php/Home/Order/pageIndex.html
INFO: [ app_init ] --START--
INFO: Run Behavior\BuildLiteBehavior [ RunTime:0.000028s ]
INFO: [ app_init ] --END-- [ RunTime:0.000381s ]

[ 2016-10-28T14:11:05+08:00 ] ::1 /easycan/index.php/Home/Order/orderList
INFO: [ app_init ] --START--
INFO: Run Behavior\BuildLiteBehavior [ RunTime:0.000030s ]
INFO: [ app_init ] --END-- [ RunTime:0.000451s ]

[ 2016-10-28T14:11:08+08:00 ] ::1 /easycan/index.php/Home/Order/pageIndex.html
INFO: [ app_init ] --START--
INFO: Run Behavior\BuildLiteBehavior [ RunTime:0.000033s ]
INFO: [ app_init ] --END-- [ RunTime:0.000451s ]

[ 2016-10-28T14:11:10+08:00 ] ::1 /easycan/index.php/Home/Order/pageIndex.html
INFO: [ app_init ] --START--
INFO: Run Behavior\BuildLiteBehavior [ RunTime:0.000033s ]
INFO: [ app_init ] --END-- [ RunTime:0.000411s ]

[ 2016-10-28T14:11:39+08:00 ] ::1 /easycan/index.php/Home/Order/orderList
INFO: [ app_init ] --START--
INFO: Run Behavior\BuildLiteBehavior [ RunTime:0.000030s ]
INFO: [ app_init ] --END-- [ RunTime:0.000462s ]

[ 2016-10-28T14:11:42+08:00 ] ::1 /easycan/index.php/Home/Order/pageIndex.html
INFO: [ app_init ] --START--
INFO: Run Behavior\BuildLiteBehavior [ RunTime:0.000027s ]
INFO: [ app_init ] --END-- [ RunTime:0.000387s ]

[ 2016-10-28T14:11:43+08:00 ] ::1 /easycan/index.php/Home/Order/pageIndex.html
INFO: [ app_init ] --START--
INFO: Run Behavior\BuildLiteBehavior [ RunTime:0.000027s ]
INFO: [ app_init ] --END-- [ RunTime:0.000373s ]

[ 2016-10-28T14:11:44+08:00 ] ::1 /easycan/index.php/Home/Order/pageIndex.html
INFO: [ app_init ] --START--
INFO: Run Behavior\BuildLiteBehavior [ RunTime:0.000026s ]
INFO: [ app_init ] --END-- [ RunTime:0.000362s ]

[ 2016-10-28T14:11:46+08:00 ] ::1 /easycan/index.php/Home/Order/pageIndex.html
INFO: [ app_init ] --START--
INFO: Run Behavior\BuildLiteBehavior [ RunTime:0.000028s ]
INFO: [ app_init ] --END-- [ RunTime:0.000398s ]

[ 2016-10-28T14:11:48+08:00 ] ::1 /easycan/index.php/Home/Order/pageIndex.html
INFO: [ app_init ] --START--
INFO: Run Behavior\BuildLiteBehavior [ RunTime:0.000028s ]
INFO: [ app_init ] --END-- [ RunTime:0.000376s ]

[ 2016-10-28T14:11:50+08:00 ] ::1 /easycan/index.php/Home/Order/pageIndex.html
INFO: [ app_init ] --START--
INFO: Run Behavior\BuildLiteBehavior [ RunTime:0.000030s ]
INFO: [ app_init ] --END-- [ RunTime:0.000497s ]

[ 2016-10-28T14:13:12+08:00 ] ::1 /easycan/index.php/Home/Order/orderList
INFO: [ app_init ] --START--
INFO: Run Behavior\BuildLiteBehavior [ RunTime:0.000044s ]
INFO: [ app_init ] --END-- [ RunTime:0.002590s ]

[ 2016-10-28T14:13:16+08:00 ] ::1 /easycan/index.php/Home/Order/pageIndex.html
INFO: [ app_init ] --START--
INFO: Run Behavior\BuildLiteBehavior [ RunTime:0.000029s ]
INFO: [ app_init ] --END-- [ RunTime:0.000474s ]

[ 2016-10-28T14:13:18+08:00 ] ::1 /easycan/index.php/Home/Order/pageIndex.html
INFO: [ app_init ] --START--
INFO: Run Behavior\BuildLiteBehavior [ RunTime:0.000027s ]
INFO: [ app_init ] --END-- [ RunTime:0.000367s ]

[ 2016-10-28T14:13:23+08:00 ] ::1 /easycan/index.php/Home/Order/pageIndex.html
INFO: [ app_init ] --START--
INFO: Run Behavior\BuildLiteBehavior [ RunTime:0.000028s ]
INFO: [ app_init ] --END-- [ RunTime:0.000370s ]

[ 2016-10-28T14:13:24+08:00 ] ::1 /easycan/index.php/Home/Order/pageIndex.html
INFO: [ app_init ] --START--
INFO: Run Behavior\BuildLiteBehavior [ RunTime:0.000029s ]
INFO: [ app_init ] --END-- [ RunTime:0.000423s ]

[ 2016-10-28T14:24:43+08:00 ] ::1 /easycan/index.php/Home/Order/orderList
INFO: [ app_init ] --START--
INFO: Run Behavior\BuildLiteBehavior [ RunTime:0.000033s ]
INFO: [ app_init ] --END-- [ RunTime:0.009948s ]

[ 2016-10-28T14:24:46+08:00 ] ::1 /easycan/index.php/Home/Order/pageIndex.html
INFO: [ app_init ] --START--
INFO: Run Behavior\BuildLiteBehavior [ RunTime:0.000029s ]
INFO: [ app_init ] --END-- [ RunTime:0.000382s ]

[ 2016-10-28T14:24:54+08:00 ] ::1 /easycan/index.php/Home/Order/pageIndex.html
INFO: [ app_init ] --START--
INFO: Run Behavior\BuildLiteBehavior [ RunTime:0.000033s ]
INFO: [ app_init ] --END-- [ RunTime:0.000414s ]

[ 2016-10-28T14:24:56+08:00 ] ::1 /easycan/index.php/Home/Order/pageIndex.html
INFO: [ app_init ] --START--
INFO: Run Behavior\BuildLiteBehavior [ RunTime:0.000030s ]
INFO: [ app_init ] --END-- [ RunTime:0.000443s ]

[ 2016-10-28T14:25:23+08:00 ] ::1 /easycan/index.php/Home/Order/orderList
INFO: [ app_init ] --START--
INFO: Run Behavior\BuildLiteBehavior [ RunTime:0.000026s ]
INFO: [ app_init ] --END-- [ RunTime:0.000364s ]

[ 2016-10-28T14:25:26+08:00 ] ::1 /easycan/index.php/Home/Order/pageIndex.html
INFO: [ app_init ] --START--
INFO: Run Behavior\BuildLiteBehavior [ RunTime:0.000029s ]
INFO: [ app_init ] --END-- [ RunTime:0.000381s ]

[ 2016-10-28T14:25:52+08:00 ] ::1 /easycan/index.php/Home/Order/orderList
INFO: [ app_init ] --START--
INFO: Run Behavior\BuildLiteBehavior [ RunTime:0.000028s ]
INFO: [ app_init ] --END-- [ RunTime:0.000428s ]

[ 2016-10-28T14:25:54+08:00 ] ::1 /easycan/index.php/Home/Order/pageIndex.html
INFO: [ app_init ] --START--
INFO: Run Behavior\BuildLiteBehavior [ RunTime:0.000030s ]
INFO: [ app_init ] --END-- [ RunTime:0.000413s ]

[ 2016-10-28T14:26:12+08:00 ] ::1 /easycan/index.php/Home/Order/orderList
INFO: [ app_init ] --START--
INFO: Run Behavior\BuildLiteBehavior [ RunTime:0.000028s ]
INFO: [ app_init ] --END-- [ RunTime:0.000397s ]

[ 2016-10-28T14:26:16+08:00 ] ::1 /easycan/index.php/Home/Order/pageIndex.html
INFO: [ app_init ] --START--
INFO: Run Behavior\BuildLiteBehavior [ RunTime:0.000028s ]
INFO: [ app_init ] --END-- [ RunTime:0.000391s ]

[ 2016-10-28T14:26:43+08:00 ] ::1 /easycan/index.php/Home/Order/orderList
INFO: [ app_init ] --START--
INFO: Run Behavior\BuildLiteBehavior [ RunTime:0.000030s ]
INFO: [ app_init ] --END-- [ RunTime:0.000542s ]

[ 2016-10-28T14:26:45+08:00 ] ::1 /easycan/index.php/Home/Order/orderList
INFO: [ app_init ] --START--
INFO: Run Behavior\BuildLiteBehavior [ RunTime:0.000029s ]
INFO: [ app_init ] --END-- [ RunTime:0.000470s ]

[ 2016-10-28T14:26:47+08:00 ] ::1 /easycan/index.php/Home/Order/orderList
INFO: [ app_init ] --START--
INFO: Run Behavior\BuildLiteBehavior [ RunTime:0.000035s ]
INFO: [ app_init ] --END-- [ RunTime:0.000428s ]

[ 2016-10-28T14:26:57+08:00 ] ::1 /easycan/index.php/Home/Order/pageIndex.html
INFO: [ app_init ] --START--
INFO: Run Behavior\BuildLiteBehavior [ RunTime:0.000028s ]
INFO: [ app_init ] --END-- [ RunTime:0.000378s ]

[ 2016-10-28T15:06:29+08:00 ] ::1 /easycan/index.php/Home/Order/orderList
INFO: [ app_init ] --START--
INFO: Run Behavior\BuildLiteBehavior [ RunTime:0.000031s ]
INFO: [ app_init ] --END-- [ RunTime:0.000756s ]

[ 2016-10-28T15:07:48+08:00 ] ::1 /easycan/index.php/Home/Order/orderList
INFO: [ app_init ] --START--
INFO: Run Behavior\BuildLiteBehavior [ RunTime:0.000027s ]
INFO: [ app_init ] --END-- [ RunTime:0.000377s ]

[ 2016-10-28T15:10:01+08:00 ] ::1 /easycan/index.php/Home/Order/pageIndex.html
INFO: [ app_init ] --START--
INFO: Run Behavior\BuildLiteBehavior [ RunTime:0.000029s ]
INFO: [ app_init ] --END-- [ RunTime:0.000437s ]

[ 2016-10-28T15:10:03+08:00 ] ::1 /easycan/index.php/Home/Order/orderList
INFO: [ app_init ] --START--
INFO: Run Behavior\BuildLiteBehavior [ RunTime:0.000029s ]
INFO: [ app_init ] --END-- [ RunTime:0.000416s ]

[ 2016-10-28T16:00:43+08:00 ] ::1 /easycan/index.php/Home/Order/orderList
INFO: [ app_init ] --START--
INFO: Run Behavior\BuildLiteBehavior [ RunTime:0.000034s ]
INFO: [ app_init ] --END-- [ RunTime:0.009000s ]

[ 2016-10-28T16:00:49+08:00 ] ::1 /easycan/index.php/Home/Order/pageIndex.html
INFO: [ app_init ] --START--
INFO: Run Behavior\BuildLiteBehavior [ RunTime:0.000031s ]
INFO: [ app_init ] --END-- [ RunTime:0.000431s ]

[ 2016-10-28T16:04:43+08:00 ] ::1 /easycan/index.php/Home/Order/orderList
INFO: [ app_init ] --START--
INFO: Run Behavior\BuildLiteBehavior [ RunTime:0.000028s ]
INFO: [ app_init ] --END-- [ RunTime:0.000437s ]

[ 2016-10-28T16:04:47+08:00 ] ::1 /easycan/index.php/Home/Order/pageIndex.html
INFO: [ app_init ] --START--
INFO: Run Behavior\BuildLiteBehavior [ RunTime:0.000029s ]
INFO: [ app_init ] --END-- [ RunTime:0.000429s ]

[ 2016-10-28T16:07:20+08:00 ] ::1 /easycan/index.php/Home/Order/orderList
INFO: [ app_init ] --START--
INFO: Run Behavior\BuildLiteBehavior [ RunTime:0.000029s ]
INFO: [ app_init ] --END-- [ RunTime:0.000431s ]

[ 2016-10-28T16:07:29+08:00 ] ::1 /easycan/index.php/Home/Order/pageIndex.html
INFO: [ app_init ] --START--
INFO: Run Behavior\BuildLiteBehavior [ RunTime:0.000032s ]
INFO: [ app_init ] --END-- [ RunTime:0.000484s ]

[ 2016-10-28T16:08:57+08:00 ] ::1 /easycan/index.php/Home/Order/orderList
INFO: [ app_init ] --START--
INFO: Run Behavior\BuildLiteBehavior [ RunTime:0.000033s ]
INFO: [ app_init ] --END-- [ RunTime:0.000499s ]

[ 2016-10-28T16:09:00+08:00 ] ::1 /easycan/index.php/Home/Order/pageIndex.html
INFO: [ app_init ] --START--
INFO: Run Behavior\BuildLiteBehavior [ RunTime:0.000033s ]
INFO: [ app_init ] --END-- [ RunTime:0.000415s ]

[ 2016-10-28T16:09:09+08:00 ] ::1 /easycan/index.php/Home/Order/pageIndex.html
INFO: [ app_init ] --START--
INFO: Run Behavior\BuildLiteBehavior [ RunTime:0.000028s ]
INFO: [ app_init ] --END-- [ RunTime:0.000460s ]

[ 2016-10-28T16:09:10+08:00 ] ::1 /easycan/index.php/Home/Order/orderList
INFO: [ app_init ] --START--
INFO: Run Behavior\BuildLiteBehavior [ RunTime:0.000028s ]
INFO: [ app_init ] --END-- [ RunTime:0.000382s ]

[ 2016-10-28T16:09:16+08:00 ] ::1 /easycan/index.php/Home/Order/pageIndex.html
INFO: [ app_init ] --START--
INFO: Run Behavior\BuildLiteBehavior [ RunTime:0.000028s ]
INFO: [ app_init ] --END-- [ RunTime:0.000399s ]

[ 2016-10-28T16:10:25+08:00 ] ::1 /easycan/index.php/Home/Order/orderList
INFO: [ app_init ] --START--
INFO: Run Behavior\BuildLiteBehavior [ RunTime:0.000029s ]
INFO: [ app_init ] --END-- [ RunTime:0.000452s ]

[ 2016-10-28T16:10:27+08:00 ] ::1 /easycan/index.php/Home/Order/orderList
INFO: [ app_init ] --START--
INFO: Run Behavior\BuildLiteBehavior [ RunTime:0.000028s ]
INFO: [ app_init ] --END-- [ RunTime:0.000572s ]

[ 2016-10-28T16:10:29+08:00 ] ::1 /easycan/index.php/Home/Order/pageIndex.html
INFO: [ app_init ] --START--
INFO: Run Behavior\BuildLiteBehavior [ RunTime:0.000027s ]
INFO: [ app_init ] --END-- [ RunTime:0.000372s ]

[ 2016-10-28T16:10:32+08:00 ] ::1 /easycan/index.php/Home/Order/pageIndex.html
INFO: [ app_init ] --START--
INFO: Run Behavior\BuildLiteBehavior [ RunTime:0.000028s ]
INFO: [ app_init ] --END-- [ RunTime:0.000384s ]

[ 2016-10-28T16:12:03+08:00 ] ::1 /easycan/index.php/Home/Order/orderList
INFO: [ app_init ] --START--
INFO: Run Behavior\BuildLiteBehavior [ RunTime:0.000027s ]
INFO: [ app_init ] --END-- [ RunTime:0.000394s ]

[ 2016-10-28T16:12:07+08:00 ] ::1 /easycan/index.php/Home/Order/pageIndex.html
INFO: [ app_init ] --START--
INFO: Run Behavior\BuildLiteBehavior [ RunTime:0.000027s ]
INFO: [ app_init ] --END-- [ RunTime:0.000371s ]

[ 2016-10-28T16:14:32+08:00 ] ::1 /easycan/index.php/Home/Order/orderList
INFO: [ app_init ] --START--
INFO: Run Behavior\BuildLiteBehavior [ RunTime:0.000029s ]
INFO: [ app_init ] --END-- [ RunTime:0.000434s ]

[ 2016-10-28T16:14:33+08:00 ] ::1 /easycan/index.php/Home/Order/pageIndex.html
INFO: [ app_init ] --START--
INFO: Run Behavior\BuildLiteBehavior [ RunTime:0.000028s ]
INFO: [ app_init ] --END-- [ RunTime:0.000414s ]

[ 2016-10-28T16:14:38+08:00 ] ::1 /easycan/index.php/Home/Order/pageIndex.html
INFO: [ app_init ] --START--
INFO: Run Behavior\BuildLiteBehavior [ RunTime:0.000030s ]
INFO: [ app_init ] --END-- [ RunTime:0.000394s ]

[ 2016-10-28T16:14:42+08:00 ] ::1 /easycan/index.php/Home/Order/orderList
INFO: [ app_init ] --START--
INFO: Run Behavior\BuildLiteBehavior [ RunTime:0.000040s ]
INFO: [ app_init ] --END-- [ RunTime:0.000505s ]

[ 2016-10-28T16:14:43+08:00 ] ::1 /easycan/index.php/Home/Order/pageIndex.html
INFO: [ app_init ] --START--
INFO: Run Behavior\BuildLiteBehavior [ RunTime:0.000028s ]
INFO: [ app_init ] --END-- [ RunTime:0.000384s ]

[ 2016-10-28T16:16:20+08:00 ] ::1 /easycan/index.php/Home/Order/orderList
INFO: [ app_init ] --START--
INFO: Run Behavior\BuildLiteBehavior [ RunTime:0.000029s ]
INFO: [ app_init ] --END-- [ RunTime:0.000428s ]

[ 2016-10-28T16:16:32+08:00 ] ::1 /easycan/index.php/Home/Order/pageIndex.html
INFO: [ app_init ] --START--
INFO: Run Behavior\BuildLiteBehavior [ RunTime:0.000027s ]
INFO: [ app_init ] --END-- [ RunTime:0.000399s ]

[ 2016-10-28T16:16:39+08:00 ] ::1 /easycan/index.php/Home/Order/pageIndex.html
INFO: [ app_init ] --START--
INFO: Run Behavior\BuildLiteBehavior [ RunTime:0.000027s ]
INFO: [ app_init ] --END-- [ RunTime:0.000375s ]

[ 2016-10-28T16:16:42+08:00 ] ::1 /easycan/index.php/Home/Order/pageIndex.html
INFO: [ app_init ] --START--
INFO: Run Behavior\BuildLiteBehavior [ RunTime:0.000033s ]
INFO: [ app_init ] --END-- [ RunTime:0.000441s ]

[ 2016-10-28T16:17:00+08:00 ] ::1 /easycan/index.php/Home/Order/orderList
INFO: [ app_init ] --START--
INFO: Run Behavior\BuildLiteBehavior [ RunTime:0.000028s ]
INFO: [ app_init ] --END-- [ RunTime:0.000436s ]

[ 2016-10-28T16:17:02+08:00 ] ::1 /easycan/index.php/Home/Order/pageIndex.html
INFO: [ app_init ] --START--
INFO: Run Behavior\BuildLiteBehavior [ RunTime:0.000030s ]
INFO: [ app_init ] --END-- [ RunTime:0.000392s ]

[ 2016-10-28T16:17:18+08:00 ] ::1 /easycan/index.php/Home/Order/orderList
INFO: [ app_init ] --START--
INFO: Run Behavior\BuildLiteBehavior [ RunTime:0.000036s ]
INFO: [ app_init ] --END-- [ RunTime:0.000644s ]

[ 2016-10-28T16:17:20+08:00 ] ::1 /easycan/index.php/Home/Order/pageIndex.html
INFO: [ app_init ] --START--
INFO: Run Behavior\BuildLiteBehavior [ RunTime:0.000028s ]
INFO: [ app_init ] --END-- [ RunTime:0.000387s ]

[ 2016-10-28T16:17:22+08:00 ] ::1 /easycan/index.php/Home/Order/pageIndex.html
INFO: [ app_init ] --START--
INFO: Run Behavior\BuildLiteBehavior [ RunTime:0.000033s ]
INFO: [ app_init ] --END-- [ RunTime:0.000376s ]

[ 2016-10-28T16:17:23+08:00 ] ::1 /easycan/index.php/Home/Order/pageIndex.html
INFO: [ app_init ] --START--
INFO: Run Behavior\BuildLiteBehavior [ RunTime:0.000029s ]
INFO: [ app_init ] --END-- [ RunTime:0.000382s ]

[ 2016-10-28T16:17:24+08:00 ] ::1 /easycan/index.php/Home/Order/pageIndex.html
INFO: [ app_init ] --START--
INFO: Run Behavior\BuildLiteBehavior [ RunTime:0.000036s ]
INFO: [ app_init ] --END-- [ RunTime:0.000419s ]

[ 2016-10-28T16:17:25+08:00 ] ::1 /easycan/index.php/Home/Order/pageIndex.html
INFO: [ app_init ] --START--
INFO: Run Behavior\BuildLiteBehavior [ RunTime:0.000027s ]
INFO: [ app_init ] --END-- [ RunTime:0.000371s ]

[ 2016-10-28T16:17:27+08:00 ] ::1 /easycan/index.php/Home/Order/pageIndex.html
INFO: [ app_init ] --START--
INFO: Run Behavior\BuildLiteBehavior [ RunTime:0.000033s ]
INFO: [ app_init ] --END-- [ RunTime:0.000461s ]

[ 2016-10-28T16:17:41+08:00 ] ::1 /easycan/index.php/Home/Order/orderList
INFO: [ app_init ] --START--
INFO: Run Behavior\BuildLiteBehavior [ RunTime:0.000032s ]
INFO: [ app_init ] --END-- [ RunTime:0.000398s ]

[ 2016-10-28T16:17:43+08:00 ] ::1 /easycan/index.php/Home/Order/pageIndex.html
INFO: [ app_init ] --START--
INFO: Run Behavior\BuildLiteBehavior [ RunTime:0.000030s ]
INFO: [ app_init ] --END-- [ RunTime:0.000445s ]

[ 2016-10-28T16:17:44+08:00 ] ::1 /easycan/index.php/Home/Order/pageIndex.html
INFO: [ app_init ] --START--
INFO: Run Behavior\BuildLiteBehavior [ RunTime:0.000030s ]
INFO: [ app_init ] --END-- [ RunTime:0.000390s ]

[ 2016-10-28T16:17:45+08:00 ] ::1 /easycan/index.php/Home/Order/pageIndex.html
INFO: [ app_init ] --START--
INFO: Run Behavior\BuildLiteBehavior [ RunTime:0.000029s ]
INFO: [ app_init ] --END-- [ RunTime:0.000388s ]

[ 2016-10-28T16:17:45+08:00 ] ::1 /easycan/index.php/Home/Order/pageIndex.html
INFO: [ app_init ] --START--
INFO: Run Behavior\BuildLiteBehavior [ RunTime:0.000028s ]
INFO: [ app_init ] --END-- [ RunTime:0.000391s ]

[ 2016-10-28T16:17:46+08:00 ] ::1 /easycan/index.php/Home/Order/pageIndex.html
INFO: [ app_init ] --START--
INFO: Run Behavior\BuildLiteBehavior [ RunTime:0.000027s ]
INFO: [ app_init ] --END-- [ RunTime:0.000374s ]

[ 2016-10-28T16:18:43+08:00 ] ::1 /easycan/index.php/Home/Order/orderList
INFO: [ app_init ] --START--
INFO: Run Behavior\BuildLiteBehavior [ RunTime:0.000027s ]
INFO: [ app_init ] --END-- [ RunTime:0.000414s ]

[ 2016-10-28T16:18:46+08:00 ] ::1 /easycan/index.php/Home/Order/pageIndex.html
INFO: [ app_init ] --START--
INFO: Run Behavior\BuildLiteBehavior [ RunTime:0.000032s ]
INFO: [ app_init ] --END-- [ RunTime:0.000404s ]

[ 2016-10-28T16:18:47+08:00 ] ::1 /easycan/index.php/Home/Order/pageIndex.html
INFO: [ app_init ] --START--
INFO: Run Behavior\BuildLiteBehavior [ RunTime:0.000029s ]
INFO: [ app_init ] --END-- [ RunTime:0.000389s ]

[ 2016-10-28T16:18:48+08:00 ] ::1 /easycan/index.php/Home/Order/pageIndex.html
INFO: [ app_init ] --START--
INFO: Run Behavior\BuildLiteBehavior [ RunTime:0.000030s ]
INFO: [ app_init ] --END-- [ RunTime:0.000400s ]

[ 2016-10-28T16:18:48+08:00 ] ::1 /easycan/index.php/Home/Order/pageIndex.html
INFO: [ app_init ] --START--
INFO: Run Behavior\BuildLiteBehavior [ RunTime:0.000029s ]
INFO: [ app_init ] --END-- [ RunTime:0.000438s ]

[ 2016-10-28T16:18:48+08:00 ] ::1 /easycan/index.php/Home/Order/pageIndex.html
INFO: [ app_init ] --START--
INFO: Run Behavior\BuildLiteBehavior [ RunTime:0.000028s ]
INFO: [ app_init ] --END-- [ RunTime:0.000367s ]

[ 2016-10-28T16:18:50+08:00 ] ::1 /easycan/index.php/Home/Order/pageIndex.html
INFO: [ app_init ] --START--
INFO: Run Behavior\BuildLiteBehavior [ RunTime:0.000029s ]
INFO: [ app_init ] --END-- [ RunTime:0.000401s ]

[ 2016-10-28T16:18:51+08:00 ] ::1 /easycan/index.php/Home/Order/pageIndex.html
INFO: [ app_init ] --START--
INFO: Run Behavior\BuildLiteBehavior [ RunTime:0.000029s ]
INFO: [ app_init ] --END-- [ RunTime:0.000407s ]

[ 2016-10-28T16:18:52+08:00 ] ::1 /easycan/index.php/Home/Order/pageIndex.html
INFO: [ app_init ] --START--
INFO: Run Behavior\BuildLiteBehavior [ RunTime:0.000031s ]
INFO: [ app_init ] --END-- [ RunTime:0.000423s ]

[ 2016-10-28T16:18:53+08:00 ] ::1 /easycan/index.php/Home/Order/pageIndex.html
INFO: [ app_init ] --START--
INFO: Run Behavior\BuildLiteBehavior [ RunTime:0.000029s ]
INFO: [ app_init ] --END-- [ RunTime:0.000402s ]

[ 2016-10-28T16:18:53+08:00 ] ::1 /easycan/index.php/Home/Order/pageIndex.html
INFO: [ app_init ] --START--
INFO: Run Behavior\BuildLiteBehavior [ RunTime:0.000028s ]
INFO: [ app_init ] --END-- [ RunTime:0.000387s ]

[ 2016-10-28T16:50:23+08:00 ] ::1 /easycan/index.php/Home/Rbac/access/rid/1.html
INFO: [ app_init ] --START--
INFO: Run Behavior\BuildLiteBehavior [ RunTime:0.000024s ]
INFO: [ app_init ] --END-- [ RunTime:0.000394s ]

[ 2016-10-28T16:50:23+08:00 ] ::1 /easycan/index.php/Home/Public/index.html
INFO: [ app_init ] --START--
INFO: Run Behavior\BuildLiteBehavior [ RunTime:0.000025s ]
INFO: [ app_init ] --END-- [ RunTime:0.000377s ]

[ 2016-10-28T16:50:31+08:00 ] ::1 /easycan/index.php/Home/Public/login
INFO: [ app_init ] --START--
INFO: Run Behavior\BuildLiteBehavior [ RunTime:0.000025s ]
INFO: [ app_init ] --END-- [ RunTime:0.000405s ]

[ 2016-10-28T16:50:31+08:00 ] ::1 /easycan/index.php/Home/Public/main.html
INFO: [ app_init ] --START--
INFO: Run Behavior\BuildLiteBehavior [ RunTime:0.000026s ]
INFO: [ app_init ] --END-- [ RunTime:0.000370s ]

[ 2016-10-28T16:50:35+08:00 ] ::1 /easycan/index.php/Home/Order/orderList
INFO: [ app_init ] --START--
INFO: Run Behavior\BuildLiteBehavior [ RunTime:0.000026s ]
INFO: [ app_init ] --END-- [ RunTime:0.000363s ]

[ 2016-10-28T16:50:36+08:00 ] ::1 /easycan/index.php/Home/Order/pageIndex.html
INFO: [ app_init ] --START--
INFO: Run Behavior\BuildLiteBehavior [ RunTime:0.000024s ]
INFO: [ app_init ] --END-- [ RunTime:0.000355s ]

[ 2016-10-28T16:50:37+08:00 ] ::1 /easycan/index.php/Home/Order/pageIndex.html
INFO: [ app_init ] --START--
INFO: Run Behavior\BuildLiteBehavior [ RunTime:0.000024s ]
INFO: [ app_init ] --END-- [ RunTime:0.000355s ]

[ 2016-10-28T16:50:38+08:00 ] ::1 /easycan/index.php/Home/Order/pageIndex.html
INFO: [ app_init ] --START--
INFO: Run Behavior\BuildLiteBehavior [ RunTime:0.000025s ]
INFO: [ app_init ] --END-- [ RunTime:0.000359s ]

[ 2016-10-28T16:50:38+08:00 ] ::1 /easycan/index.php/Home/Order/pageIndex.html
INFO: [ app_init ] --START--
INFO: Run Behavior\BuildLiteBehavior [ RunTime:0.000024s ]
INFO: [ app_init ] --END-- [ RunTime:0.000346s ]

[ 2016-10-28T16:50:39+08:00 ] ::1 /easycan/index.php/Home/Order/pageIndex.html
INFO: [ app_init ] --START--
INFO: Run Behavior\BuildLiteBehavior [ RunTime:0.000024s ]
INFO: [ app_init ] --END-- [ RunTime:0.000348s ]

[ 2016-10-28T16:50:40+08:00 ] ::1 /easycan/index.php/Home/Order/pageIndex.html
INFO: [ app_init ] --START--
INFO: Run Behavior\BuildLiteBehavior [ RunTime:0.000024s ]
INFO: [ app_init ] --END-- [ RunTime:0.000345s ]

[ 2016-10-28T16:50:41+08:00 ] ::1 /easycan/index.php/Home/Order/pageIndex.html
INFO: [ app_init ] --START--
INFO: Run Behavior\BuildLiteBehavior [ RunTime:0.000024s ]
INFO: [ app_init ] --END-- [ RunTime:0.000344s ]

[ 2016-10-28T16:50:42+08:00 ] ::1 /easycan/index.php/Home/Order/pageIndex.html
INFO: [ app_init ] --START--
INFO: Run Behavior\BuildLiteBehavior [ RunTime:0.000023s ]
INFO: [ app_init ] --END-- [ RunTime:0.000346s ]

[ 2016-10-28T16:50:42+08:00 ] ::1 /easycan/index.php/Home/Order/pageIndex.html
INFO: [ app_init ] --START--
INFO: Run Behavior\BuildLiteBehavior [ RunTime:0.000023s ]
INFO: [ app_init ] --END-- [ RunTime:0.000416s ]

[ 2016-10-28T16:50:43+08:00 ] ::1 /easycan/index.php/Home/Order/pageIndex.html
INFO: [ app_init ] --START--
INFO: Run Behavior\BuildLiteBehavior [ RunTime:0.000024s ]
INFO: [ app_init ] --END-- [ RunTime:0.000358s ]

[ 2016-10-28T16:50:45+08:00 ] ::1 /easycan/index.php/Home/Order/pageIndex.html
INFO: [ app_init ] --START--
INFO: Run Behavior\BuildLiteBehavior [ RunTime:0.000026s ]
INFO: [ app_init ] --END-- [ RunTime:0.000361s ]

[ 2016-10-28T16:50:46+08:00 ] ::1 /easycan/index.php/Home/Order/pageIndex.html
INFO: [ app_init ] --START--
INFO: Run Behavior\BuildLiteBehavior [ RunTime:0.000058s ]
INFO: [ app_init ] --END-- [ RunTime:0.000441s ]

[ 2016-10-28T16:50:46+08:00 ] ::1 /easycan/index.php/Home/Order/pageIndex.html
INFO: [ app_init ] --START--
INFO: Run Behavior\BuildLiteBehavior [ RunTime:0.000023s ]
INFO: [ app_init ] --END-- [ RunTime:0.000343s ]

[ 2016-10-28T16:50:46+08:00 ] ::1 /easycan/index.php/Home/Order/pageIndex.html
INFO: [ app_init ] --START--
INFO: Run Behavior\BuildLiteBehavior [ RunTime:0.000025s ]
INFO: [ app_init ] --END-- [ RunTime:0.000353s ]

[ 2016-10-28T16:50:47+08:00 ] ::1 /easycan/index.php/Home/Order/pageIndex.html
INFO: [ app_init ] --START--
INFO: Run Behavior\BuildLiteBehavior [ RunTime:0.000024s ]
INFO: [ app_init ] --END-- [ RunTime:0.000352s ]

[ 2016-10-28T16:50:52+08:00 ] ::1 /easycan/index.php/Home/Order/orderList
INFO: [ app_init ] --START--
INFO: Run Behavior\BuildLiteBehavior [ RunTime:0.000027s ]
INFO: [ app_init ] --END-- [ RunTime:0.000379s ]

[ 2016-10-28T16:51:37+08:00 ] ::1 /easycan/index.php/Home/Order/orderList
INFO: [ app_init ] --START--
INFO: Run Behavior\BuildLiteBehavior [ RunTime:0.000025s ]
INFO: [ app_init ] --END-- [ RunTime:0.000364s ]

[ 2016-10-28T16:52:52+08:00 ] ::1 /easycan/index.php/Home/Order/orderList
INFO: [ app_init ] --START--
INFO: Run Behavior\BuildLiteBehavior [ RunTime:0.000025s ]
INFO: [ app_init ] --END-- [ RunTime:0.000395s ]

[ 2016-10-28T16:52:57+08:00 ] ::1 /easycan/index.php/Home/Order/orderList
INFO: [ app_init ] --START--
INFO: Run Behavior\BuildLiteBehavior [ RunTime:0.000024s ]
INFO: [ app_init ] --END-- [ RunTime:0.000372s ]

[ 2016-10-28T16:54:47+08:00 ] ::1 /easycan/index.php/Home/Order/orderList
INFO: [ app_init ] --START--
INFO: Run Behavior\BuildLiteBehavior [ RunTime:0.000026s ]
INFO: [ app_init ] --END-- [ RunTime:0.000374s ]

[ 2016-10-28T16:54:50+08:00 ] ::1 /easycan/index.php/Home/Order/orderList
INFO: [ app_init ] --START--
INFO: Run Behavior\BuildLiteBehavior [ RunTime:0.000025s ]
INFO: [ app_init ] --END-- [ RunTime:0.000356s ]

[ 2016-10-28T16:56:18+08:00 ] ::1 /easycan/index.php/Home/Order/orderList
INFO: [ app_init ] --START--
INFO: Run Behavior\BuildLiteBehavior [ RunTime:0.000027s ]
INFO: [ app_init ] --END-- [ RunTime:0.000451s ]

[ 2016-10-28T16:56:18+08:00 ] ::1 /easycan/index.php/Home/Public/index.html
INFO: [ app_init ] --START--
INFO: Run Behavior\BuildLiteBehavior [ RunTime:0.000025s ]
INFO: [ app_init ] --END-- [ RunTime:0.000407s ]

[ 2016-10-28T16:56:23+08:00 ] ::1 /easycan/index.php/Home/Public/login
INFO: [ app_init ] --START--
INFO: Run Behavior\BuildLiteBehavior [ RunTime:0.000025s ]
INFO: [ app_init ] --END-- [ RunTime:0.000363s ]

[ 2016-10-28T16:56:23+08:00 ] ::1 /easycan/index.php/Home/Public/main.html
INFO: [ app_init ] --START--
INFO: Run Behavior\BuildLiteBehavior [ RunTime:0.000025s ]
INFO: [ app_init ] --END-- [ RunTime:0.000372s ]

[ 2016-10-28T16:56:25+08:00 ] ::1 /easycan/index.php/Home/Order/orderList
INFO: [ app_init ] --START--
INFO: Run Behavior\BuildLiteBehavior [ RunTime:0.000028s ]
INFO: [ app_init ] --END-- [ RunTime:0.000422s ]

[ 2016-10-28T16:57:26+08:00 ] ::1 /easycan/index.php/Home/Order/orderList
INFO: [ app_init ] --START--
INFO: Run Behavior\BuildLiteBehavior [ RunTime:0.000025s ]
INFO: [ app_init ] --END-- [ RunTime:0.000352s ]

[ 2016-10-28T16:58:48+08:00 ] ::1 /easycan/index.php/Home/Order/orderList
INFO: [ app_init ] --START--
INFO: Run Behavior\BuildLiteBehavior [ RunTime:0.000026s ]
INFO: [ app_init ] --END-- [ RunTime:0.000397s ]

[ 2016-10-28T17:01:39+08:00 ] ::1 /easycan/index.php/Home/Order/orderList
INFO: [ app_init ] --START--
INFO: Run Behavior\BuildLiteBehavior [ RunTime:0.000027s ]
INFO: [ app_init ] --END-- [ RunTime:0.000408s ]

[ 2016-10-28T17:01:42+08:00 ] ::1 /easycan/index.php/Home/Order/getMap.html
INFO: [ app_init ] --START--
INFO: Run Behavior\BuildLiteBehavior [ RunTime:0.000025s ]
INFO: [ app_init ] --END-- [ RunTime:0.000382s ]

[ 2016-10-28T17:01:49+08:00 ] ::1 /easycan/index.php/Home/Order/orderList
INFO: [ app_init ] --START--
INFO: Run Behavior\BuildLiteBehavior [ RunTime:0.000036s ]
INFO: [ app_init ] --END-- [ RunTime:0.000502s ]

[ 2016-10-28T17:01:50+08:00 ] ::1 /easycan/index.php/Home/Order/getMap.html
INFO: [ app_init ] --START--
INFO: Run Behavior\BuildLiteBehavior [ RunTime:0.000027s ]
INFO: [ app_init ] --END-- [ RunTime:0.000360s ]

[ 2016-10-28T17:02:04+08:00 ] ::1 /easycan/index.php/Home/Order/getMap.html
INFO: [ app_init ] --START--
INFO: Run Behavior\BuildLiteBehavior [ RunTime:0.000025s ]
INFO: [ app_init ] --END-- [ RunTime:0.000373s ]

[ 2016-10-28T17:02:04+08:00 ] ::1 /easycan/index.php/Home/Public/index.html
INFO: [ app_init ] --START--
INFO: Run Behavior\BuildLiteBehavior [ RunTime:0.000027s ]
INFO: [ app_init ] --END-- [ RunTime:0.000378s ]

[ 2016-10-28T17:02:09+08:00 ] ::1 /easycan/index.php/Home/Public/login
INFO: [ app_init ] --START--
INFO: Run Behavior\BuildLiteBehavior [ RunTime:0.000027s ]
INFO: [ app_init ] --END-- [ RunTime:0.000421s ]

[ 2016-10-28T17:02:09+08:00 ] ::1 /easycan/index.php/Home/Public/main.html
INFO: [ app_init ] --START--
INFO: Run Behavior\BuildLiteBehavior [ RunTime:0.000026s ]
INFO: [ app_init ] --END-- [ RunTime:0.000379s ]

[ 2016-10-28T17:02:11+08:00 ] ::1 /easycan/index.php/Home/Order/orderList
INFO: [ app_init ] --START--
INFO: Run Behavior\BuildLiteBehavior [ RunTime:0.000031s ]
INFO: [ app_init ] --END-- [ RunTime:0.000471s ]

[ 2016-10-28T17:02:12+08:00 ] ::1 /easycan/index.php/Home/Order/getMap.html
INFO: [ app_init ] --START--
INFO: Run Behavior\BuildLiteBehavior [ RunTime:0.000026s ]
INFO: [ app_init ] --END-- [ RunTime:0.000374s ]

[ 2016-10-28T17:09:12+08:00 ] ::1 /easycan/index.php/Home/Index/index.html
INFO: [ app_init ] --START--
INFO: Run Behavior\BuildLiteBehavior [ RunTime:0.000024s ]
INFO: [ app_init ] --END-- [ RunTime:0.000402s ]
ERR: 无法加载控制器:Index

[ 2016-10-28T17:09:17+08:00 ] ::1 /easycan/index.php/Home/Public/index.html
INFO: [ app_init ] --START--
INFO: Run Behavior\BuildLiteBehavior [ RunTime:0.000026s ]
INFO: [ app_init ] --END-- [ RunTime:0.000375s ]

[ 2016-10-28T17:09:17+08:00 ] ::1 /easycan/index.php/Home/Public/main.html
INFO: [ app_init ] --START--
INFO: Run Behavior\BuildLiteBehavior [ RunTime:0.000026s ]
INFO: [ app_init ] --END-- [ RunTime:0.000368s ]

[ 2016-10-28T17:09:19+08:00 ] ::1 /easycan/index.php/Home/Order/orderList
INFO: [ app_init ] --START--
INFO: Run Behavior\BuildLiteBehavior [ RunTime:0.000027s ]
INFO: [ app_init ] --END-- [ RunTime:0.000379s ]

[ 2016-10-28T17:10:05+08:00 ] ::1 /easycan/index.php/Home/Order/orderList
INFO: [ app_init ] --START--
INFO: Run Behavior\BuildLiteBehavior [ RunTime:0.000025s ]
INFO: [ app_init ] --END-- [ RunTime:0.000366s ]

[ 2016-10-28T17:10:48+08:00 ] ::1 /easycan/index.php/Home/Order/orderList
INFO: [ app_init ] --START--
INFO: Run Behavior\BuildLiteBehavior [ RunTime:0.000027s ]
INFO: [ app_init ] --END-- [ RunTime:0.000417s ]

[ 2016-10-28T17:11:22+08:00 ] ::1 /easycan/index.php/Home/Order/orderList
INFO: [ app_init ] --START--
INFO: Run Behavior\BuildLiteBehavior [ RunTime:0.000027s ]
INFO: [ app_init ] --END-- [ RunTime:0.000372s ]

[ 2016-10-28T17:13:14+08:00 ] ::1 /easycan/index.php/Home/Order/orderList
INFO: [ app_init ] --START--
INFO: Run Behavior\BuildLiteBehavior [ RunTime:0.000032s ]
INFO: [ app_init ] --END-- [ RunTime:0.000577s ]

[ 2016-10-28T17:13:27+08:00 ] ::1 /easycan/index.php/Home/Order/orderList
INFO: [ app_init ] --START--
INFO: Run Behavior\BuildLiteBehavior [ RunTime:0.000025s ]
INFO: [ app_init ] --END-- [ RunTime:0.000451s ]

[ 2016-10-28T17:13:31+08:00 ] ::1 /easycan/index.php/Home/Order/orderList
INFO: [ app_init ] --START--
INFO: Run Behavior\BuildLiteBehavior [ RunTime:0.000025s ]
INFO: [ app_init ] --END-- [ RunTime:0.000358s ]

[ 2016-10-28T17:13:57+08:00 ] ::1 /easycan/index.php/Home/Order/orderList
INFO: [ app_init ] --START--
INFO: Run Behavior\BuildLiteBehavior [ RunTime:0.000024s ]
INFO: [ app_init ] --END-- [ RunTime:0.000344s ]

[ 2016-10-28T17:13:59+08:00 ] ::1 /easycan/index.php/Home/Order/orderList
INFO: [ app_init ] --START--
INFO: Run Behavior\BuildLiteBehavior [ RunTime:0.000027s ]
INFO: [ app_init ] --END-- [ RunTime:0.000379s ]

[ 2016-10-28T17:27:52+08:00 ] ::1 /easycan/index.php/Home/Order/orderList
INFO: [ app_init ] --START--
INFO: Run Behavior\BuildLiteBehavior [ RunTime:0.000026s ]
INFO: [ app_init ] --END-- [ RunTime:0.000445s ]

[ 2016-10-28T17:28:11+08:00 ] ::1 /easycan/index.php/Home/Order/getMap.html
INFO: [ app_init ] --START--
INFO: Run Behavior\BuildLiteBehavior [ RunTime:0.000026s ]
INFO: [ app_init ] --END-- [ RunTime:0.000429s ]

[ 2016-10-28T17:29:44+08:00 ] ::1 /easycan/index.php/Home/Order/orderList
INFO: [ app_init ] --START--
INFO: Run Behavior\BuildLiteBehavior [ RunTime:0.000025s ]
INFO: [ app_init ] --END-- [ RunTime:0.000376s ]

[ 2016-10-28T17:30:59+08:00 ] ::1 /easycan/index.php/Home/Order/orderList
INFO: [ app_init ] --START--
INFO: Run Behavior\BuildLiteBehavior [ RunTime:0.000026s ]
INFO: [ app_init ] --END-- [ RunTime:0.000419s ]

[ 2016-10-28T17:31:19+08:00 ] ::1 /easycan/index.php/Home/Order/orderList
INFO: [ app_init ] --START--
INFO: Run Behavior\BuildLiteBehavior [ RunTime:0.000024s ]
INFO: [ app_init ] --END-- [ RunTime:0.000381s ]

[ 2016-10-28T17:34:47+08:00 ] ::1 /easycan/index.php/Home/Order/getMap.html
INFO: [ app_init ] --START--
INFO: Run Behavior\BuildLiteBehavior [ RunTime:0.000036s ]
INFO: [ app_init ] --END-- [ RunTime:0.000515s ]

[ 2016-10-28T17:37:25+08:00 ] ::1 /easycan/index.php/Home/Order/orderList
INFO: [ app_init ] --START--
INFO: Run Behavior\BuildLiteBehavior [ RunTime:0.000026s ]
INFO: [ app_init ] --END-- [ RunTime:0.000419s ]

[ 2016-10-28T17:37:42+08:00 ] ::1 /easycan/index.php/Home/Order/orderList
INFO: [ app_init ] --START--
INFO: Run Behavior\BuildLiteBehavior [ RunTime:0.000028s ]
INFO: [ app_init ] --END-- [ RunTime:0.000414s ]

[ 2016-10-28T17:38:57+08:00 ] ::1 /easycan/index.php/Home/Order/orderList
INFO: [ app_init ] --START--
INFO: Run Behavior\BuildLiteBehavior [ RunTime:0.000028s ]
INFO: [ app_init ] --END-- [ RunTime:0.000442s ]

[ 2016-10-28T17:42:09+08:00 ] ::1 /easycan/index.php/Home/Order/orderList
INFO: [ app_init ] --START--
INFO: Run Behavior\BuildLiteBehavior [ RunTime:0.000025s ]
INFO: [ app_init ] --END-- [ RunTime:0.000393s ]

[ 2016-10-28T17:43:14+08:00 ] ::1 /easycan/index.php/Home/Order/orderList
INFO: [ app_init ] --START--
INFO: Run Behavior\BuildLiteBehavior [ RunTime:0.000027s ]
INFO: [ app_init ] --END-- [ RunTime:0.000421s ]

[ 2016-10-28T17:44:21+08:00 ] ::1 /easycan/index.php/Home/Order/orderList
INFO: [ app_init ] --START--
INFO: Run Behavior\BuildLiteBehavior [ RunTime:0.000025s ]
INFO: [ app_init ] --END-- [ RunTime:0.000427s ]

[ 2016-10-28T17:44:44+08:00 ] ::1 /easycan/index.php/Home/Order/orderList
INFO: [ app_init ] --START--
INFO: Run Behavior\BuildLiteBehavior [ RunTime:0.000028s ]
INFO: [ app_init ] --END-- [ RunTime:0.000399s ]

[ 2016-10-28T17:45:19+08:00 ] ::1 /easycan/index.php/Home/Order/orderList
INFO: [ app_init ] --START--
INFO: Run Behavior\BuildLiteBehavior [ RunTime:0.000026s ]
INFO: [ app_init ] --END-- [ RunTime:0.000374s ]

[ 2016-10-28T17:45:42+08:00 ] ::1 /easycan/index.php/Home/Order/orderList
INFO: [ app_init ] --START--
INFO: Run Behavior\BuildLiteBehavior [ RunTime:0.000027s ]
INFO: [ app_init ] --END-- [ RunTime:0.000387s ]

[ 2016-10-28T17:45:51+08:00 ] ::1 /easycan/index.php/Home/Public/main.html
INFO: [ app_init ] --START--
INFO: Run Behavior\BuildLiteBehavior [ RunTime:0.000028s ]
INFO: [ app_init ] --END-- [ RunTime:0.000444s ]

[ 2016-10-28T17:46:30+08:00 ] ::1 /easycan/index.php/Home/Public/main.html
INFO: [ app_init ] --START--
INFO: Run Behavior\BuildLiteBehavior [ RunTime:0.000035s ]
INFO: [ app_init ] --END-- [ RunTime:0.000470s ]

[ 2016-10-28T17:46:31+08:00 ] ::1 /easycan/index.php/Home/Order/orderList
INFO: [ app_init ] --START--
INFO: Run Behavior\BuildLiteBehavior [ RunTime:0.000027s ]
INFO: [ app_init ] --END-- [ RunTime:0.000395s ]

[ 2016-10-28T17:47:08+08:00 ] ::1 /easycan/index.php/Home/Order/orderList
INFO: [ app_init ] --START--
INFO: Run Behavior\BuildLiteBehavior [ RunTime:0.000024s ]
INFO: [ app_init ] --END-- [ RunTime:0.000347s ]

[ 2016-10-28T17:47:11+08:00 ] ::1 /easycan/index.php/Home/Order/orderList
INFO: [ app_init ] --START--
INFO: Run Behavior\BuildLiteBehavior [ RunTime:0.000027s ]
INFO: [ app_init ] --END-- [ RunTime:0.000399s ]

[ 2016-10-28T17:48:00+08:00 ] ::1 /easycan/index.php/Home/Order/orderList
INFO: [ app_init ] --START--
INFO: Run Behavior\BuildLiteBehavior [ RunTime:0.000027s ]
INFO: [ app_init ] --END-- [ RunTime:0.000445s ]

[ 2016-10-28T17:49:03+08:00 ] ::1 /easycan/index.php/Home/Order/orderList
INFO: [ app_init ] --START--
INFO: Run Behavior\BuildLiteBehavior [ RunTime:0.000034s ]
INFO: [ app_init ] --END-- [ RunTime:0.000435s ]

[ 2016-10-28T17:51:11+08:00 ] ::1 /easycan/index.php/Home/Order/orderList
INFO: [ app_init ] --START--
INFO: Run Behavior\BuildLiteBehavior [ RunTime:0.000028s ]
INFO: [ app_init ] --END-- [ RunTime:0.000439s ]

[ 2016-10-28T19:32:47+08:00 ] ::1 /easycan/index.php/Home/Public/index.html
INFO: [ app_init ] --START--
INFO: Run Behavior\BuildLiteBehavior [ RunTime:0.000033s ]
INFO: [ app_init ] --END-- [ RunTime:0.007873s ]

[ 2016-10-28T19:32:57+08:00 ] ::1 /easycan/index.php/Home/Public/login
INFO: [ app_init ] --START--
INFO: Run Behavior\BuildLiteBehavior [ RunTime:0.000025s ]
INFO: [ app_init ] --END-- [ RunTime:0.000350s ]

[ 2016-10-28T19:32:58+08:00 ] ::1 /easycan/index.php/Home/Public/main.html
INFO: [ app_init ] --START--
INFO: Run Behavior\BuildLiteBehavior [ RunTime:0.000028s ]
INFO: [ app_init ] --END-- [ RunTime:0.000394s ]

[ 2016-10-28T19:33:00+08:00 ] ::1 /easycan/index.php/Home/Order/orderList
INFO: [ app_init ] --START--
INFO: Run Behavior\BuildLiteBehavior [ RunTime:0.000026s ]
INFO: [ app_init ] --END-- [ RunTime:0.000420s ]

[ 2016-10-28T19:33:02+08:00 ] ::1 /easycan/index.php/Home/Order/addOrder
INFO: [ app_init ] --START--
INFO: Run Behavior\BuildLiteBehavior [ RunTime:0.000023s ]
INFO: [ app_init ] --END-- [ RunTime:0.000386s ]

[ 2016-10-28T19:33:02+08:00 ] ::1 /easycan/index.php/Home/Order/orderList
INFO: [ app_init ] --START--
INFO: Run Behavior\BuildLiteBehavior [ RunTime:0.000025s ]
INFO: [ app_init ] --END-- [ RunTime:0.000368s ]

[ 2016-10-28T19:33:05+08:00 ] ::1 /easycan/index.php/Home/Order/getMap.html
INFO: [ app_init ] --START--
INFO: Run Behavior\BuildLiteBehavior [ RunTime:0.000034s ]
INFO: [ app_init ] --END-- [ RunTime:0.000379s ]

[ 2016-10-28T19:36:10+08:00 ] ::1 /easycan/index.php/Home/Order/orderList
INFO: [ app_init ] --START--
INFO: Run Behavior\BuildLiteBehavior [ RunTime:0.000025s ]
INFO: [ app_init ] --END-- [ RunTime:0.000448s ]

[ 2016-10-28T19:37:17+08:00 ] ::1 /easycan/index.php/Home/Order/orderList
INFO: [ app_init ] --START--
INFO: Run Behavior\BuildLiteBehavior [ RunTime:0.000027s ]
INFO: [ app_init ] --END-- [ RunTime:0.000425s ]

[ 2016-10-28T19:37:19+08:00 ] ::1 /easycan/index.php/Home/Order/getMap.html
INFO: [ app_init ] --START--
INFO: Run Behavior\BuildLiteBehavior [ RunTime:0.000029s ]
INFO: [ app_init ] --END-- [ RunTime:0.000383s ]

[ 2016-10-28T19:39:58+08:00 ] ::1 /easycan/index.php/Home/Order/orderList
INFO: [ app_init ] --START--
INFO: Run Behavior\BuildLiteBehavior [ RunTime:0.000025s ]
INFO: [ app_init ] --END-- [ RunTime:0.000398s ]

[ 2016-10-28T19:40:25+08:00 ] ::1 /easycan/index.php/Home/Order/orderList
INFO: [ app_init ] --START--
INFO: Run Behavior\BuildLiteBehavior [ RunTime:0.000027s ]
INFO: [ app_init ] --END-- [ RunTime:0.000413s ]

[ 2016-10-28T19:40:59+08:00 ] ::1 /easycan/index.php/Home/Order/orderList
INFO: [ app_init ] --START--
INFO: Run Behavior\BuildLiteBehavior [ RunTime:0.000026s ]
INFO: [ app_init ] --END-- [ RunTime:0.000381s ]

[ 2016-10-28T19:41:27+08:00 ] ::1 /easycan/index.php/Home/Order/orderList
INFO: [ app_init ] --START--
INFO: Run Behavior\BuildLiteBehavior [ RunTime:0.000027s ]
INFO: [ app_init ] --END-- [ RunTime:0.000428s ]

[ 2016-10-28T19:41:51+08:00 ] ::1 /easycan/index.php/Home/Order/orderList
INFO: [ app_init ] --START--
INFO: Run Behavior\BuildLiteBehavior [ RunTime:0.000026s ]
INFO: [ app_init ] --END-- [ RunTime:0.000409s ]

[ 2016-10-28T19:42:05+08:00 ] ::1 /easycan/index.php/Home/Order/orderList
INFO: [ app_init ] --START--
INFO: Run Behavior\BuildLiteBehavior [ RunTime:0.000027s ]
INFO: [ app_init ] --END-- [ RunTime:0.000410s ]

[ 2016-10-28T19:42:13+08:00 ] ::1 /easycan/index.php/Home/Order/orderList
INFO: [ app_init ] --START--
INFO: Run Behavior\BuildLiteBehavior [ RunTime:0.000027s ]
INFO: [ app_init ] --END-- [ RunTime:0.000378s ]

[ 2016-10-28T19:42:49+08:00 ] ::1 /easycan/index.php/Home/Order/orderList
INFO: [ app_init ] --START--
INFO: Run Behavior\BuildLiteBehavior [ RunTime:0.000026s ]
INFO: [ app_init ] --END-- [ RunTime:0.000377s ]

[ 2016-10-28T19:42:58+08:00 ] ::1 /easycan/index.php/Home/Order/orderList
INFO: [ app_init ] --START--
INFO: Run Behavior\BuildLiteBehavior [ RunTime:0.000025s ]
INFO: [ app_init ] --END-- [ RunTime:0.000355s ]

[ 2016-10-28T19:43:00+08:00 ] ::1 /easycan/index.php/Home/Order/getMap.html
INFO: [ app_init ] --START--
INFO: Run Behavior\BuildLiteBehavior [ RunTime:0.000027s ]
INFO: [ app_init ] --END-- [ RunTime:0.000406s ]

[ 2016-10-28T19:43:52+08:00 ] ::1 /easycan/index.php/Home/Order/orderList
INFO: [ app_init ] --START--
INFO: Run Behavior\BuildLiteBehavior [ RunTime:0.000028s ]
INFO: [ app_init ] --END-- [ RunTime:0.000423s ]

[ 2016-10-28T19:43:55+08:00 ] ::1 /easycan/index.php/Home/Order/orderList
INFO: [ app_init ] --START--
INFO: Run Behavior\BuildLiteBehavior [ RunTime:0.000026s ]
INFO: [ app_init ] --END-- [ RunTime:0.000374s ]

[ 2016-10-28T19:43:57+08:00 ] ::1 /easycan/index.php/Home/Order/orderList
INFO: [ app_init ] --START--
INFO: Run Behavior\BuildLiteBehavior [ RunTime:0.000026s ]
INFO: [ app_init ] --END-- [ RunTime:0.000370s ]

[ 2016-10-28T19:44:15+08:00 ] ::1 /easycan/index.php/Home/Public/index.html
INFO: [ app_init ] --START--
INFO: Run Behavior\BuildLiteBehavior [ RunTime:0.000027s ]
INFO: [ app_init ] --END-- [ RunTime:0.000441s ]

[ 2016-10-28T19:44:20+08:00 ] ::1 /easycan/index.php/Home/Public/login
INFO: [ app_init ] --START--
INFO: Run Behavior\BuildLiteBehavior [ RunTime:0.000026s ]
INFO: [ app_init ] --END-- [ RunTime:0.000377s ]

[ 2016-10-28T19:44:20+08:00 ] ::1 /easycan/index.php/Home/Public/main.html
INFO: [ app_init ] --START--
INFO: Run Behavior\BuildLiteBehavior [ RunTime:0.000027s ]
INFO: [ app_init ] --END-- [ RunTime:0.000359s ]

[ 2016-10-28T19:44:22+08:00 ] ::1 /easycan/index.php/Home/Order/orderList
INFO: [ app_init ] --START--
INFO: Run Behavior\BuildLiteBehavior [ RunTime:0.000026s ]
INFO: [ app_init ] --END-- [ RunTime:0.000369s ]

[ 2016-10-28T19:44:42+08:00 ] ::1 /easycan/index.php/Home/Order/orderList
INFO: [ app_init ] --START--
INFO: Run Behavior\BuildLiteBehavior [ RunTime:0.000026s ]
INFO: [ app_init ] --END-- [ RunTime:0.000379s ]

[ 2016-10-28T19:49:28+08:00 ] ::1 /easycan/index.php/Home/Order/orderList
INFO: [ app_init ] --START--
INFO: Run Behavior\BuildLiteBehavior [ RunTime:0.000030s ]
INFO: [ app_init ] --END-- [ RunTime:0.000425s ]

[ 2016-10-28T19:49:58+08:00 ] ::1 /easycan/index.php/Home/Order/orderList
INFO: [ app_init ] --START--
INFO: Run Behavior\BuildLiteBehavior [ RunTime:0.000027s ]
INFO: [ app_init ] --END-- [ RunTime:0.000510s ]

[ 2016-10-28T19:50:18+08:00 ] ::1 /easycan/index.php/Home/Order/orderList
INFO: [ app_init ] --START--
INFO: Run Behavior\BuildLiteBehavior [ RunTime:0.000027s ]
INFO: [ app_init ] --END-- [ RunTime:0.000412s ]

[ 2016-10-28T19:50:29+08:00 ] ::1 /easycan/index.php/Home/Order/orderList
INFO: [ app_init ] --START--
INFO: Run Behavior\BuildLiteBehavior [ RunTime:0.000026s ]
INFO: [ app_init ] --END-- [ RunTime:0.000402s ]

[ 2016-10-28T19:50:48+08:00 ] ::1 /easycan/index.php/Home/Order/orderList
INFO: [ app_init ] --START--
INFO: Run Behavior\BuildLiteBehavior [ RunTime:0.000035s ]
INFO: [ app_init ] --END-- [ RunTime:0.000417s ]

[ 2016-10-28T19:51:11+08:00 ] ::1 /easycan/index.php/Home/Order/orderList
INFO: [ app_init ] --START--
INFO: Run Behavior\BuildLiteBehavior [ RunTime:0.000026s ]
INFO: [ app_init ] --END-- [ RunTime:0.000368s ]

[ 2016-10-28T19:52:02+08:00 ] ::1 /easycan/index.php/Home/Order/orderList
INFO: [ app_init ] --START--
INFO: Run Behavior\BuildLiteBehavior [ RunTime:0.000026s ]
INFO: [ app_init ] --END-- [ RunTime:0.000375s ]

[ 2016-10-28T19:52:49+08:00 ] ::1 /easycan/index.php/Home/Order/orderList
INFO: [ app_init ] --START--
INFO: Run Behavior\BuildLiteBehavior [ RunTime:0.000026s ]
INFO: [ app_init ] --END-- [ RunTime:0.000409s ]

[ 2016-10-28T19:53:05+08:00 ] ::1 /easycan/index.php/Home/Order/orderList
INFO: [ app_init ] --START--
INFO: Run Behavior\BuildLiteBehavior [ RunTime:0.000045s ]
INFO: [ app_init ] --END-- [ RunTime:0.000440s ]

[ 2016-10-28T19:53:16+08:00 ] ::1 /easycan/index.php/Home/Order/orderList
INFO: [ app_init ] --START--
INFO: Run Behavior\BuildLiteBehavior [ RunTime:0.000028s ]
INFO: [ app_init ] --END-- [ RunTime:0.000409s ]

[ 2016-10-28T19:53:37+08:00 ] ::1 /easycan/index.php/Home/Order/orderList
INFO: [ app_init ] --START--
INFO: Run Behavior\BuildLiteBehavior [ RunTime:0.000024s ]
INFO: [ app_init ] --END-- [ RunTime:0.000364s ]

[ 2016-10-28T19:53:58+08:00 ] ::1 /easycan/index.php/Home/Order/orderList
INFO: [ app_init ] --START--
INFO: Run Behavior\BuildLiteBehavior [ RunTime:0.000038s ]
INFO: [ app_init ] --END-- [ RunTime:0.000412s ]

[ 2016-10-28T19:55:31+08:00 ] ::1 /easycan/index.php/Home/Order/orderList
INFO: [ app_init ] --START--
INFO: Run Behavior\BuildLiteBehavior [ RunTime:0.000026s ]
INFO: [ app_init ] --END-- [ RunTime:0.000404s ]

[ 2016-10-28T19:56:00+08:00 ] ::1 /easycan/index.php/Home/Order/orderList
INFO: [ app_init ] --START--
INFO: Run Behavior\BuildLiteBehavior [ RunTime:0.000027s ]
INFO: [ app_init ] --END-- [ RunTime:0.000412s ]

[ 2016-10-28T19:56:40+08:00 ] ::1 /easycan/index.php/Home/Order/orderList
INFO: [ app_init ] --START--
INFO: Run Behavior\BuildLiteBehavior [ RunTime:0.000028s ]
INFO: [ app_init ] --END-- [ RunTime:0.000489s ]

[ 2016-10-28T20:02:44+08:00 ] ::1 /easycan/index.php/Home/Order/orderList
INFO: [ app_init ] --START--
INFO: Run Behavior\BuildLiteBehavior [ RunTime:0.000032s ]
INFO: [ app_init ] --END-- [ RunTime:0.008239s ]

[ 2016-10-28T20:03:10+08:00 ] ::1 /easycan/index.php/Home/Order/orderList
INFO: [ app_init ] --START--
INFO: Run Behavior\BuildLiteBehavior [ RunTime:0.000025s ]
INFO: [ app_init ] --END-- [ RunTime:0.000448s ]

[ 2016-10-28T20:03:42+08:00 ] ::1 /easycan/index.php/Home/Order/orderList
INFO: [ app_init ] --START--
INFO: Run Behavior\BuildLiteBehavior [ RunTime:0.000027s ]
INFO: [ app_init ] --END-- [ RunTime:0.000384s ]

[ 2016-10-28T20:03:58+08:00 ] ::1 /easycan/index.php/Home/Order/orderList
INFO: [ app_init ] --START--
INFO: Run Behavior\BuildLiteBehavior [ RunTime:0.000028s ]
INFO: [ app_init ] --END-- [ RunTime:0.000378s ]

[ 2016-10-28T20:04:26+08:00 ] ::1 /easycan/index.php/Home/Order/orderList
INFO: [ app_init ] --START--
INFO: Run Behavior\BuildLiteBehavior [ RunTime:0.000028s ]
INFO: [ app_init ] --END-- [ RunTime:0.000436s ]

[ 2016-10-28T20:04:45+08:00 ] ::1 /easycan/index.php/Home/Order/orderList
INFO: [ app_init ] --START--
INFO: Run Behavior\BuildLiteBehavior [ RunTime:0.000026s ]
INFO: [ app_init ] --END-- [ RunTime:0.000403s ]

[ 2016-10-28T20:05:06+08:00 ] ::1 /easycan/index.php/Home/Order/orderList
INFO: [ app_init ] --START--
INFO: Run Behavior\BuildLiteBehavior [ RunTime:0.000052s ]
INFO: [ app_init ] --END-- [ RunTime:0.000650s ]

[ 2016-10-28T20:05:46+08:00 ] ::1 /easycan/index.php/Home/Order/orderList
INFO: [ app_init ] --START--
INFO: Run Behavior\BuildLiteBehavior [ RunTime:0.000027s ]
INFO: [ app_init ] --END-- [ RunTime:0.000379s ]

[ 2016-10-28T20:05:52+08:00 ] ::1 /easycan/index.php/Home/Order/orderList
INFO: [ app_init ] --START--
INFO: Run Behavior\BuildLiteBehavior [ RunTime:0.000026s ]
INFO: [ app_init ] --END-- [ RunTime:0.000409s ]

[ 2016-10-28T20:06:31+08:00 ] ::1 /easycan/index.php/Home/Order/orderList
INFO: [ app_init ] --START--
INFO: Run Behavior\BuildLiteBehavior [ RunTime:0.000034s ]
INFO: [ app_init ] --END-- [ RunTime:0.000381s ]

[ 2016-10-28T20:07:33+08:00 ] ::1 /easycan/index.php/Home/Order/orderList
INFO: [ app_init ] --START--
INFO: Run Behavior\BuildLiteBehavior [ RunTime:0.000028s ]
INFO: [ app_init ] --END-- [ RunTime:0.000431s ]

[ 2016-10-28T20:08:03+08:00 ] ::1 /easycan/index.php/Home/Order/orderList
INFO: [ app_init ] --START--
INFO: Run Behavior\BuildLiteBehavior [ RunTime:0.000027s ]
INFO: [ app_init ] --END-- [ RunTime:0.000369s ]

[ 2016-10-28T20:09:14+08:00 ] ::1 /easycan/index.php/Home/Order/getMap.html
INFO: [ app_init ] --START--
INFO: Run Behavior\BuildLiteBehavior [ RunTime:0.000026s ]
INFO: [ app_init ] --END-- [ RunTime:0.000382s ]

[ 2016-10-28T20:11:02+08:00 ] ::1 /easycan/index.php/Home/Order/orderList
INFO: [ app_init ] --START--
INFO: Run Behavior\BuildLiteBehavior [ RunTime:0.000026s ]
INFO: [ app_init ] --END-- [ RunTime:0.000400s ]

[ 2016-10-28T20:11:41+08:00 ] ::1 /easycan/index.php/Home/Order/orderList
INFO: [ app_init ] --START--
INFO: Run Behavior\BuildLiteBehavior [ RunTime:0.000026s ]
INFO: [ app_init ] --END-- [ RunTime:0.000423s ]

[ 2016-10-28T20:12:14+08:00 ] ::1 /easycan/index.php/Home/Order/orderList
INFO: [ app_init ] --START--
INFO: Run Behavior\BuildLiteBehavior [ RunTime:0.000025s ]
INFO: [ app_init ] --END-- [ RunTime:0.000395s ]

[ 2016-10-28T20:13:26+08:00 ] ::1 /easycan/index.php/Home/Order/orderList
INFO: [ app_init ] --START--
INFO: Run Behavior\BuildLiteBehavior [ RunTime:0.000028s ]
INFO: [ app_init ] --END-- [ RunTime:0.000488s ]

[ 2016-10-28T20:15:24+08:00 ] ::1 /easycan/index.php/Home/Order/orderList
INFO: [ app_init ] --START--
INFO: Run Behavior\BuildLiteBehavior [ RunTime:0.000032s ]
INFO: [ app_init ] --END-- [ RunTime:0.000469s ]

[ 2016-10-28T20:17:58+08:00 ] ::1 /easycan/index.php/Home/Order/orderList
INFO: [ app_init ] --START--
INFO: Run Behavior\BuildLiteBehavior [ RunTime:0.000027s ]
INFO: [ app_init ] --END-- [ RunTime:0.000471s ]

[ 2016-10-28T20:18:01+08:00 ] ::1 /easycan/index.php/Home/Order/pageIndex.html
INFO: [ app_init ] --START--
INFO: Run Behavior\BuildLiteBehavior [ RunTime:0.000026s ]
INFO: [ app_init ] --END-- [ RunTime:0.000380s ]

[ 2016-10-28T20:18:06+08:00 ] ::1 /easycan/index.php/Home/Order/pageIndex.html
INFO: [ app_init ] --START--
INFO: Run Behavior\BuildLiteBehavior [ RunTime:0.000027s ]
INFO: [ app_init ] --END-- [ RunTime:0.000435s ]

[ 2016-10-28T20:18:12+08:00 ] ::1 /easycan/index.php/Home/Order/orderList
INFO: [ app_init ] --START--
INFO: Run Behavior\BuildLiteBehavior [ RunTime:0.000027s ]
INFO: [ app_init ] --END-- [ RunTime:0.000401s ]

[ 2016-10-28T20:30:02+08:00 ] ::1 /easycan/index.php/Home/Order/orderList
INFO: [ app_init ] --START--
INFO: Run Behavior\BuildLiteBehavior [ RunTime:0.000037s ]
INFO: [ app_init ] --END-- [ RunTime:0.000477s ]

[ 2016-10-28T20:30:54+08:00 ] ::1 /easycan/index.php/Home/Order/orderList
INFO: [ app_init ] --START--
INFO: Run Behavior\BuildLiteBehavior [ RunTime:0.000026s ]
INFO: [ app_init ] --END-- [ RunTime:0.000429s ]

[ 2016-10-28T20:32:33+08:00 ] ::1 /easycan/index.php/Home/Order/orderList
INFO: [ app_init ] --START--
INFO: Run Behavior\BuildLiteBehavior [ RunTime:0.000025s ]
INFO: [ app_init ] --END-- [ RunTime:0.000391s ]

[ 2016-10-28T20:32:34+08:00 ] ::1 /easycan/index.php/Home/Order/orderList
INFO: [ app_init ] --START--
INFO: Run Behavior\BuildLiteBehavior [ RunTime:0.000026s ]
INFO: [ app_init ] --END-- [ RunTime:0.000374s ]

[ 2016-10-28T20:32:36+08:00 ] ::1 /easycan/index.php/Home/Order/orderList
INFO: [ app_init ] --START--
INFO: Run Behavior\BuildLiteBehavior [ RunTime:0.000027s ]
INFO: [ app_init ] --END-- [ RunTime:0.000374s ]

[ 2016-10-28T20:32:39+08:00 ] ::1 /easycan/index.php/Home/Order/orderList
INFO: [ app_init ] --START--
INFO: Run Behavior\BuildLiteBehavior [ RunTime:0.000026s ]
INFO: [ app_init ] --END-- [ RunTime:0.000371s ]

[ 2016-10-28T20:32:41+08:00 ] ::1 /easycan/index.php/Home/Order/orderList
INFO: [ app_init ] --START--
INFO: Run Behavior\BuildLiteBehavior [ RunTime:0.000029s ]
INFO: [ app_init ] --END-- [ RunTime:0.000410s ]

[ 2016-10-28T20:33:11+08:00 ] ::1 /easycan/index.php/Home/Order/orderList
INFO: [ app_init ] --START--
INFO: Run Behavior\BuildLiteBehavior [ RunTime:0.000027s ]
INFO: [ app_init ] --END-- [ RunTime:0.000413s ]

[ 2016-10-28T20:33:13+08:00 ] ::1 /easycan/index.php/Home/Order/orderList
INFO: [ app_init ] --START--
INFO: Run Behavior\BuildLiteBehavior [ RunTime:0.000024s ]
INFO: [ app_init ] --END-- [ RunTime:0.000361s ]

[ 2016-10-28T20:33:15+08:00 ] ::1 /easycan/index.php/Home/Order/orderList
INFO: [ app_init ] --START--
INFO: Run Behavior\BuildLiteBehavior [ RunTime:0.000026s ]
INFO: [ app_init ] --END-- [ RunTime:0.000361s ]

[ 2016-10-28T20:34:01+08:00 ] ::1 /easycan/index.php/Home/Order/orderList
INFO: [ app_init ] --START--
INFO: Run Behavior\BuildLiteBehavior [ RunTime:0.000025s ]
INFO: [ app_init ] --END-- [ RunTime:0.000391s ]

[ 2016-10-28T20:34:02+08:00 ] ::1 /easycan/index.php/Home/Order/orderList
INFO: [ app_init ] --START--
INFO: Run Behavior\BuildLiteBehavior [ RunTime:0.000026s ]
INFO: [ app_init ] --END-- [ RunTime:0.000407s ]

[ 2016-10-28T20:34:55+08:00 ] ::1 /easycan/index.php/Home/Order/orderList
INFO: [ app_init ] --START--
INFO: Run Behavior\BuildLiteBehavior [ RunTime:0.000030s ]
INFO: [ app_init ] --END-- [ RunTime:0.000393s ]

[ 2016-10-28T20:34:57+08:00 ] ::1 /easycan/index.php/Home/Order/orderList
INFO: [ app_init ] --START--
INFO: Run Behavior\BuildLiteBehavior [ RunTime:0.000026s ]
INFO: [ app_init ] --END-- [ RunTime:0.000403s ]

[ 2016-10-28T20:34:59+08:00 ] ::1 /easycan/index.php/Home/Order/orderList
INFO: [ app_init ] --START--
INFO: Run Behavior\BuildLiteBehavior [ RunTime:0.000027s ]
INFO: [ app_init ] --END-- [ RunTime:0.000376s ]

[ 2016-10-28T20:35:01+08:00 ] ::1 /easycan/index.php/Home/Order/orderList
INFO: [ app_init ] --START--
INFO: Run Behavior\BuildLiteBehavior [ RunTime:0.000024s ]
INFO: [ app_init ] --END-- [ RunTime:0.000359s ]

[ 2016-10-28T20:35:03+08:00 ] ::1 /easycan/index.php/Home/Order/orderList
INFO: [ app_init ] --START--
INFO: Run Behavior\BuildLiteBehavior [ RunTime:0.000029s ]
INFO: [ app_init ] --END-- [ RunTime:0.000409s ]

[ 2016-10-28T20:35:10+08:00 ] ::1 /easycan/index.php/Home/Order/orderList
INFO: [ app_init ] --START--
INFO: Run Behavior\BuildLiteBehavior [ RunTime:0.000043s ]
INFO: [ app_init ] --END-- [ RunTime:0.000628s ]

[ 2016-10-28T20:35:12+08:00 ] ::1 /easycan/index.php/Home/Order/orderList
INFO: [ app_init ] --START--
INFO: Run Behavior\BuildLiteBehavior [ RunTime:0.000025s ]
INFO: [ app_init ] --END-- [ RunTime:0.000392s ]

[ 2016-10-28T20:35:13+08:00 ] ::1 /easycan/index.php/Home/Order/orderList
INFO: [ app_init ] --START--
INFO: Run Behavior\BuildLiteBehavior [ RunTime:0.000026s ]
INFO: [ app_init ] --END-- [ RunTime:0.000369s ]

[ 2016-10-28T20:35:15+08:00 ] ::1 /easycan/index.php/Home/Order/orderList
INFO: [ app_init ] --START--
INFO: Run Behavior\BuildLiteBehavior [ RunTime:0.000025s ]
INFO: [ app_init ] --END-- [ RunTime:0.000370s ]

[ 2016-10-28T20:36:40+08:00 ] ::1 /easycan/index.php/Home/Order/orderList
INFO: [ app_init ] --START--
INFO: Run Behavior\BuildLiteBehavior [ RunTime:0.000027s ]
INFO: [ app_init ] --END-- [ RunTime:0.000385s ]

[ 2016-10-28T20:36:42+08:00 ] ::1 /easycan/index.php/Home/Order/orderList
INFO: [ app_init ] --START--
INFO: Run Behavior\BuildLiteBehavior [ RunTime:0.000029s ]
INFO: [ app_init ] --END-- [ RunTime:0.000419s ]

[ 2016-10-28T20:36:44+08:00 ] ::1 /easycan/index.php/Home/Order/orderList
INFO: [ app_init ] --START--
INFO: Run Behavior\BuildLiteBehavior [ RunTime:0.000027s ]
INFO: [ app_init ] --END-- [ RunTime:0.000376s ]

[ 2016-10-28T20:36:46+08:00 ] ::1 /easycan/index.php/Home/Order/orderList
INFO: [ app_init ] --START--
INFO: Run Behavior\BuildLiteBehavior [ RunTime:0.000025s ]
INFO: [ app_init ] --END-- [ RunTime:0.000362s ]

[ 2016-10-28T20:37:02+08:00 ] ::1 /easycan/index.php/Home/Order/orderList
INFO: [ app_init ] --START--
INFO: Run Behavior\BuildLiteBehavior [ RunTime:0.000028s ]
INFO: [ app_init ] --END-- [ RunTime:0.000389s ]

[ 2016-10-28T20:37:05+08:00 ] ::1 /easycan/index.php/Home/Order/orderList
INFO: [ app_init ] --START--
INFO: Run Behavior\BuildLiteBehavior [ RunTime:0.000030s ]
INFO: [ app_init ] --END-- [ RunTime:0.000369s ]

[ 2016-10-28T20:37:06+08:00 ] ::1 /easycan/index.php/Home/Order/orderList
INFO: [ app_init ] --START--
INFO: Run Behavior\BuildLiteBehavior [ RunTime:0.000026s ]
INFO: [ app_init ] --END-- [ RunTime:0.000371s ]

[ 2016-10-28T20:37:09+08:00 ] ::1 /easycan/index.php/Home/Order/orderList
INFO: [ app_init ] --START--
INFO: Run Behavior\BuildLiteBehavior [ RunTime:0.000027s ]
INFO: [ app_init ] --END-- [ RunTime:0.000372s ]

[ 2016-10-28T20:37:11+08:00 ] ::1 /easycan/index.php/Home/Order/orderList
INFO: [ app_init ] --START--
INFO: Run Behavior\BuildLiteBehavior [ RunTime:0.000027s ]
INFO: [ app_init ] --END-- [ RunTime:0.000373s ]

[ 2016-10-28T20:37:13+08:00 ] ::1 /easycan/index.php/Home/Order/orderList
INFO: [ app_init ] --START--
INFO: Run Behavior\BuildLiteBehavior [ RunTime:0.000025s ]
INFO: [ app_init ] --END-- [ RunTime:0.000429s ]

[ 2016-10-28T20:37:31+08:00 ] ::1 /easycan/index.php/Home/Order/orderList
INFO: [ app_init ] --START--
INFO: Run Behavior\BuildLiteBehavior [ RunTime:0.000026s ]
INFO: [ app_init ] --END-- [ RunTime:0.000386s ]

[ 2016-10-28T20:37:40+08:00 ] ::1 /easycan/index.php/Home/Order/orderList
INFO: [ app_init ] --START--
INFO: Run Behavior\BuildLiteBehavior [ RunTime:0.000028s ]
INFO: [ app_init ] --END-- [ RunTime:0.000494s ]

[ 2016-10-28T20:37:59+08:00 ] ::1 /easycan/index.php/Home/Order/orderList
INFO: [ app_init ] --START--
INFO: Run Behavior\BuildLiteBehavior [ RunTime:0.000025s ]
INFO: [ app_init ] --END-- [ RunTime:0.000385s ]

[ 2016-10-28T20:39:02+08:00 ] ::1 /easycan/index.php/Home/Order/orderList
INFO: [ app_init ] --START--
INFO: Run Behavior\BuildLiteBehavior [ RunTime:0.000029s ]
INFO: [ app_init ] --END-- [ RunTime:0.000395s ]

[ 2016-10-28T20:39:03+08:00 ] ::1 /easycan/index.php/Home/Order/orderList
INFO: [ app_init ] --START--
INFO: Run Behavior\BuildLiteBehavior [ RunTime:0.000026s ]
INFO: [ app_init ] --END-- [ RunTime:0.000397s ]

[ 2016-10-28T20:39:04+08:00 ] ::1 /easycan/index.php/Home/Order/orderList
INFO: [ app_init ] --START--
INFO: Run Behavior\BuildLiteBehavior [ RunTime:0.000030s ]
INFO: [ app_init ] --END-- [ RunTime:0.000408s ]

[ 2016-10-28T20:39:04+08:00 ] ::1 /easycan/index.php/Home/Order/orderList
INFO: [ app_init ] --START--
INFO: Run Behavior\BuildLiteBehavior [ RunTime:0.000032s ]
INFO: [ app_init ] --END-- [ RunTime:0.000794s ]

[ 2016-10-28T20:40:13+08:00 ] ::1 /easycan/index.php/Home/Order/orderList
INFO: [ app_init ] --START--
INFO: Run Behavior\BuildLiteBehavior [ RunTime:0.000027s ]
INFO: [ app_init ] --END-- [ RunTime:0.000463s ]

[ 2016-10-28T20:40:43+08:00 ] ::1 /easycan/index.php/Home/Order/orderList
INFO: [ app_init ] --START--
INFO: Run Behavior\BuildLiteBehavior [ RunTime:0.000029s ]
INFO: [ app_init ] --END-- [ RunTime:0.000470s ]

[ 2016-10-28T20:40:44+08:00 ] ::1 /easycan/index.php/Home/Order/orderList
INFO: [ app_init ] --START--
INFO: Run Behavior\BuildLiteBehavior [ RunTime:0.000030s ]
INFO: [ app_init ] --END-- [ RunTime:0.000446s ]

[ 2016-10-28T20:41:04+08:00 ] ::1 /easycan/index.php/Home/Order/orderList
INFO: [ app_init ] --START--
INFO: Run Behavior\BuildLiteBehavior [ RunTime:0.000027s ]
INFO: [ app_init ] --END-- [ RunTime:0.000425s ]

[ 2016-10-28T20:41:05+08:00 ] ::1 /easycan/index.php/Home/Order/orderList
INFO: [ app_init ] --START--
INFO: Run Behavior\BuildLiteBehavior [ RunTime:0.000026s ]
INFO: [ app_init ] --END-- [ RunTime:0.000400s ]

[ 2016-10-28T20:41:07+08:00 ] ::1 /easycan/index.php/Home/Order/orderList
INFO: [ app_init ] --START--
INFO: Run Behavior\BuildLiteBehavior [ RunTime:0.000029s ]
INFO: [ app_init ] --END-- [ RunTime:0.000401s ]

[ 2016-10-28T20:41:16+08:00 ] ::1 /easycan/index.php/Home/Order/orderList
INFO: [ app_init ] --START--
INFO: Run Behavior\BuildLiteBehavior [ RunTime:0.000026s ]
INFO: [ app_init ] --END-- [ RunTime:0.000366s ]

[ 2016-10-28T20:41:19+08:00 ] ::1 /easycan/index.php/Home/Order/orderList
INFO: [ app_init ] --START--
INFO: Run Behavior\BuildLiteBehavior [ RunTime:0.000027s ]
INFO: [ app_init ] --END-- [ RunTime:0.000386s ]

[ 2016-10-28T20:41:35+08:00 ] ::1 /easycan/index.php/Home/Order/orderList
INFO: [ app_init ] --START--
INFO: Run Behavior\BuildLiteBehavior [ RunTime:0.000027s ]
INFO: [ app_init ] --END-- [ RunTime:0.000371s ]

[ 2016-10-28T20:41:36+08:00 ] ::1 /easycan/index.php/Home/Order/orderList
INFO: [ app_init ] --START--
INFO: Run Behavior\BuildLiteBehavior [ RunTime:0.000027s ]
INFO: [ app_init ] --END-- [ RunTime:0.000432s ]

[ 2016-10-28T20:41:39+08:00 ] ::1 /easycan/index.php/Home/Order/orderList
INFO: [ app_init ] --START--
INFO: Run Behavior\BuildLiteBehavior [ RunTime:0.000028s ]
INFO: [ app_init ] --END-- [ RunTime:0.000376s ]

[ 2016-10-28T20:43:24+08:00 ] ::1 /easycan/index.php/Home/Order/orderList
INFO: [ app_init ] --START--
INFO: Run Behavior\BuildLiteBehavior [ RunTime:0.000025s ]
INFO: [ app_init ] --END-- [ RunTime:0.000407s ]

[ 2016-10-28T23:39:25+08:00 ] ::1 /easycan/index.php/Home/Order/orderList
INFO: [ app_init ] --START--
INFO: Run Behavior\BuildLiteBehavior [ RunTime:0.000027s ]
INFO: [ app_init ] --END-- [ RunTime:0.000422s ]

[ 2016-10-28T23:39:26+08:00 ] ::1 /easycan/index.php/Home/Order/orderList
INFO: [ app_init ] --START--
INFO: Run Behavior\BuildLiteBehavior [ RunTime:0.000027s ]
INFO: [ app_init ] --END-- [ RunTime:0.000379s ]

[ 2016-10-28T23:39:31+08:00 ] ::1 /easycan/index.php/Home/Order/orderList
INFO: [ app_init ] --START--
INFO: Run Behavior\BuildLiteBehavior [ RunTime:0.000027s ]
INFO: [ app_init ] --END-- [ RunTime:0.000400s ]

[ 2016-10-28T23:40:44+08:00 ] ::1 /easycan/index.php/Home/Order/orderList
INFO: [ app_init ] --START--
INFO: Run Behavior\BuildLiteBehavior [ RunTime:0.000030s ]
INFO: [ app_init ] --END-- [ RunTime:0.000387s ]

[ 2016-10-28T23:41:41+08:00 ] ::1 /easycan/index.php/Home/Order/orderList
INFO: [ app_init ] --START--
INFO: Run Behavior\BuildLiteBehavior [ RunTime:0.000027s ]
INFO: [ app_init ] --END-- [ RunTime:0.000431s ]

[ 2016-10-28T23:41:42+08:00 ] ::1 /easycan/index.php/Home/Order/orderList
INFO: [ app_init ] --START--
INFO: Run Behavior\BuildLiteBehavior [ RunTime:0.000026s ]
INFO: [ app_init ] --END-- [ RunTime:0.000374s ]

[ 2016-10-28T23:43:02+08:00 ] ::1 /easycan/index.php/Home/Order/orderList
INFO: [ app_init ] --START--
INFO: Run Behavior\BuildLiteBehavior [ RunTime:0.000025s ]
INFO: [ app_init ] --END-- [ RunTime:0.000366s ]

[ 2016-10-28T23:46:31+08:00 ] ::1 /easycan/index.php/Home/Order/orderList
INFO: [ app_init ] --START--
INFO: Run Behavior\BuildLiteBehavior [ RunTime:0.000026s ]
INFO: [ app_init ] --END-- [ RunTime:0.000406s ]

[ 2016-10-28T23:47:02+08:00 ] ::1 /easycan/index.php/Home/Order/orderList
INFO: [ app_init ] --START--
INFO: Run Behavior\BuildLiteBehavior [ RunTime:0.000029s ]
INFO: [ app_init ] --END-- [ RunTime:0.000465s ]

[ 2016-10-28T23:47:03+08:00 ] ::1 /easycan/index.php/Home/Order/orderList
INFO: [ app_init ] --START--
INFO: Run Behavior\BuildLiteBehavior [ RunTime:0.000028s ]
INFO: [ app_init ] --END-- [ RunTime:0.000383s ]

[ 2016-10-28T23:47:20+08:00 ] ::1 /easycan/index.php/Home/Order/orderList
INFO: [ app_init ] --START--
INFO: Run Behavior\BuildLiteBehavior [ RunTime:0.000028s ]
INFO: [ app_init ] --END-- [ RunTime:0.000400s ]

[ 2016-10-28T23:47:53+08:00 ] ::1 /easycan/index.php/Home/Order/orderList
INFO: [ app_init ] --START--
INFO: Run Behavior\BuildLiteBehavior [ RunTime:0.000029s ]
INFO: [ app_init ] --END-- [ RunTime:0.000394s ]

[ 2016-10-28T23:49:24+08:00 ] ::1 /easycan/index.php/Home/Order/orderList
INFO: [ app_init ] --START--
INFO: Run Behavior\BuildLiteBehavior [ RunTime:0.000026s ]
INFO: [ app_init ] --END-- [ RunTime:0.000405s ]

