[ 2016-10-18T09:23:53+08:00 ] ::1 /easycan/index.php/Home/Rabc/addRole.html
INFO: [ app_init ] --START--
INFO: Run Behavior\BuildLiteBehavior [ RunTime:0.000029s ]
INFO: [ app_init ] --END-- [ RunTime:0.007640s ]
INFO: [ app_begin ] --START--
INFO: Run Behavior\ReadHtmlCacheBehavior [ RunTime:0.010125s ]
INFO: [ app_begin ] --END-- [ RunTime:0.010257s ]
INFO: [ view_parse ] --START--
INFO: [ template_filter ] --START--
INFO: Run Behavior\ContentReplaceBehavior [ RunTime:0.000087s ]
INFO: [ template_filter ] --END-- [ RunTime:0.000215s ]
INFO: Run Behavior\ParseTemplateBehavior [ RunTime:0.136878s ]
INFO: [ view_parse ] --END-- [ RunTime:0.137019s ]
INFO: [ view_filter ] --START--
INFO: Run Behavior\WriteHtmlCacheBehavior [ RunTime:0.007166s ]
INFO: [ view_filter ] --END-- [ RunTime:0.007289s ]
INFO: [ app_end ] --START--
INFO: Run Behavior\ShowPageTraceBehavior [ RunTime:0.005769s ]
INFO: [ app_end ] --END-- [ RunTime:0.005884s ]

[ 2016-10-18T09:23:57+08:00 ] ::1 /easycan/index.php/Home/Rabc/addRole.html
INFO: [ app_init ] --START--
INFO: Run Behavior\BuildLiteBehavior [ RunTime:0.000027s ]
INFO: [ app_init ] --END-- [ RunTime:0.000421s ]
INFO: [ app_begin ] --START--
INFO: Run Behavior\ReadHtmlCacheBehavior [ RunTime:0.000544s ]
INFO: [ app_begin ] --END-- [ RunTime:0.000662s ]
INFO: [ view_parse ] --START--
INFO: [ template_filter ] --START--
INFO: Run Behavior\ContentReplaceBehavior [ RunTime:0.000082s ]
INFO: [ template_filter ] --END-- [ RunTime:0.000245s ]
INFO: Run Behavior\ParseTemplateBehavior [ RunTime:0.009387s ]
INFO: [ view_parse ] --END-- [ RunTime:0.009520s ]
INFO: [ view_filter ] --START--
INFO: Run Behavior\WriteHtmlCacheBehavior [ RunTime:0.000400s ]
INFO: [ view_filter ] --END-- [ RunTime:0.000512s ]
INFO: [ app_end ] --START--
INFO: Run Behavior\ShowPageTraceBehavior [ RunTime:0.000538s ]
INFO: [ app_end ] --END-- [ RunTime:0.000652s ]

[ 2016-10-18T09:23:57+08:00 ] ::1 /easycan/index.php/Home/Rabc/addRole.html
INFO: [ app_init ] --START--
INFO: Run Behavior\BuildLiteBehavior [ RunTime:0.000032s ]
INFO: [ app_init ] --END-- [ RunTime:0.000587s ]
INFO: [ app_begin ] --START--
INFO: Run Behavior\ReadHtmlCacheBehavior [ RunTime:0.000557s ]
INFO: [ app_begin ] --END-- [ RunTime:0.000677s ]
INFO: [ view_parse ] --START--
INFO: [ template_filter ] --START--
INFO: Run Behavior\ContentReplaceBehavior [ RunTime:0.000083s ]
INFO: [ template_filter ] --END-- [ RunTime:0.000206s ]
INFO: Run Behavior\ParseTemplateBehavior [ RunTime:0.008862s ]
INFO: [ view_parse ] --END-- [ RunTime:0.009014s ]
INFO: [ view_filter ] --START--
INFO: Run Behavior\WriteHtmlCacheBehavior [ RunTime:0.000378s ]
INFO: [ view_filter ] --END-- [ RunTime:0.000484s ]
INFO: [ app_end ] --START--
INFO: Run Behavior\ShowPageTraceBehavior [ RunTime:0.000517s ]
INFO: [ app_end ] --END-- [ RunTime:0.000627s ]

[ 2016-10-18T09:23:57+08:00 ] ::1 /easycan/index.php/Home/Rabc/addRole.html
INFO: [ app_init ] --START--
INFO: Run Behavior\BuildLiteBehavior [ RunTime:0.000025s ]
INFO: [ app_init ] --END-- [ RunTime:0.000384s ]
INFO: [ app_begin ] --START--
INFO: Run Behavior\ReadHtmlCacheBehavior [ RunTime:0.000537s ]
INFO: [ app_begin ] --END-- [ RunTime:0.000653s ]
INFO: [ view_parse ] --START--
INFO: [ template_filter ] --START--
INFO: Run Behavior\ContentReplaceBehavior [ RunTime:0.000085s ]
INFO: [ template_filter ] --END-- [ RunTime:0.000234s ]
INFO: Run Behavior\ParseTemplateBehavior [ RunTime:0.009236s ]
INFO: [ view_parse ] --END-- [ RunTime:0.009380s ]
INFO: [ view_filter ] --START--
INFO: Run Behavior\WriteHtmlCacheBehavior [ RunTime:0.000417s ]
INFO: [ view_filter ] --END-- [ RunTime:0.000539s ]
INFO: [ app_end ] --START--
INFO: Run Behavior\ShowPageTraceBehavior [ RunTime:0.000544s ]
INFO: [ app_end ] --END-- [ RunTime:0.000657s ]

[ 2016-10-18T09:23:58+08:00 ] ::1 /easycan/index.php/Home/Rabc/addRole.html
INFO: [ app_init ] --START--
INFO: Run Behavior\BuildLiteBehavior [ RunTime:0.000027s ]
INFO: [ app_init ] --END-- [ RunTime:0.000449s ]
INFO: [ app_begin ] --START--
INFO: Run Behavior\ReadHtmlCacheBehavior [ RunTime:0.000551s ]
INFO: [ app_begin ] --END-- [ RunTime:0.000671s ]
INFO: [ view_parse ] --START--
INFO: [ template_filter ] --START--
INFO: Run Behavior\ContentReplaceBehavior [ RunTime:0.000086s ]
INFO: [ template_filter ] --END-- [ RunTime:0.000217s ]
INFO: Run Behavior\ParseTemplateBehavior [ RunTime:0.008634s ]
INFO: [ view_parse ] --END-- [ RunTime:0.008773s ]
INFO: [ view_filter ] --START--
INFO: Run Behavior\WriteHtmlCacheBehavior [ RunTime:0.000411s ]
INFO: [ view_filter ] --END-- [ RunTime:0.000530s ]
INFO: [ app_end ] --START--
INFO: Run Behavior\ShowPageTraceBehavior [ RunTime:0.000546s ]
INFO: [ app_end ] --END-- [ RunTime:0.000659s ]

[ 2016-10-18T09:23:58+08:00 ] ::1 /easycan/index.php/Home/Rabc/addRole.html
INFO: [ app_init ] --START--
INFO: Run Behavior\BuildLiteBehavior [ RunTime:0.000026s ]
INFO: [ app_init ] --END-- [ RunTime:0.000401s ]
INFO: [ app_begin ] --START--
INFO: Run Behavior\ReadHtmlCacheBehavior [ RunTime:0.000751s ]
INFO: [ app_begin ] --END-- [ RunTime:0.000898s ]
INFO: [ view_parse ] --START--
INFO: [ template_filter ] --START--
INFO: Run Behavior\ContentReplaceBehavior [ RunTime:0.000086s ]
INFO: [ template_filter ] --END-- [ RunTime:0.000224s ]
INFO: Run Behavior\ParseTemplateBehavior [ RunTime:0.008473s ]
INFO: [ view_parse ] --END-- [ RunTime:0.008618s ]
INFO: [ view_filter ] --START--
INFO: Run Behavior\WriteHtmlCacheBehavior [ RunTime:0.000512s ]
INFO: [ view_filter ] --END-- [ RunTime:0.000642s ]
INFO: [ app_end ] --START--
INFO: Run Behavior\ShowPageTraceBehavior [ RunTime:0.000849s ]
INFO: [ app_end ] --END-- [ RunTime:0.001029s ]

[ 2016-10-18T09:23:59+08:00 ] ::1 /easycan/index.php/Home/Rabc/addRole.html
INFO: [ app_init ] --START--
INFO: Run Behavior\BuildLiteBehavior [ RunTime:0.000028s ]
INFO: [ app_init ] --END-- [ RunTime:0.000411s ]
INFO: [ app_begin ] --START--
INFO: Run Behavior\ReadHtmlCacheBehavior [ RunTime:0.000650s ]
INFO: [ app_begin ] --END-- [ RunTime:0.000780s ]
INFO: [ view_parse ] --START--
INFO: [ template_filter ] --START--
INFO: Run Behavior\ContentReplaceBehavior [ RunTime:0.000087s ]
INFO: [ template_filter ] --END-- [ RunTime:0.000220s ]
INFO: Run Behavior\ParseTemplateBehavior [ RunTime:0.009183s ]
INFO: [ view_parse ] --END-- [ RunTime:0.009350s ]
INFO: [ view_filter ] --START--
INFO: Run Behavior\WriteHtmlCacheBehavior [ RunTime:0.000389s ]
INFO: [ view_filter ] --END-- [ RunTime:0.000505s ]
INFO: [ app_end ] --START--
INFO: Run Behavior\ShowPageTraceBehavior [ RunTime:0.000524s ]
INFO: [ app_end ] --END-- [ RunTime:0.000634s ]

[ 2016-10-18T09:23:59+08:00 ] ::1 /easycan/index.php/Home/Rabc/addRole.html
INFO: [ app_init ] --START--
INFO: Run Behavior\BuildLiteBehavior [ RunTime:0.000027s ]
INFO: [ app_init ] --END-- [ RunTime:0.000422s ]
INFO: [ app_begin ] --START--
INFO: Run Behavior\ReadHtmlCacheBehavior [ RunTime:0.000528s ]
INFO: [ app_begin ] --END-- [ RunTime:0.000644s ]
INFO: [ view_parse ] --START--
INFO: [ template_filter ] --START--
INFO: Run Behavior\ContentReplaceBehavior [ RunTime:0.000088s ]
INFO: [ template_filter ] --END-- [ RunTime:0.000221s ]
INFO: Run Behavior\ParseTemplateBehavior [ RunTime:0.009191s ]
INFO: [ view_parse ] --END-- [ RunTime:0.009331s ]
INFO: [ view_filter ] --START--
INFO: Run Behavior\WriteHtmlCacheBehavior [ RunTime:0.000409s ]
INFO: [ view_filter ] --END-- [ RunTime:0.000531s ]
INFO: [ app_end ] --START--
INFO: Run Behavior\ShowPageTraceBehavior [ RunTime:0.000541s ]
INFO: [ app_end ] --END-- [ RunTime:0.000655s ]

[ 2016-10-18T09:23:59+08:00 ] ::1 /easycan/index.php/Home/Rabc/addRole.html
INFO: [ app_init ] --START--
INFO: Run Behavior\BuildLiteBehavior [ RunTime:0.000028s ]
INFO: [ app_init ] --END-- [ RunTime:0.000406s ]
INFO: [ app_begin ] --START--
INFO: Run Behavior\ReadHtmlCacheBehavior [ RunTime:0.000544s ]
INFO: [ app_begin ] --END-- [ RunTime:0.000662s ]
INFO: [ view_parse ] --START--
INFO: [ template_filter ] --START--
INFO: Run Behavior\ContentReplaceBehavior [ RunTime:0.000083s ]
INFO: [ template_filter ] --END-- [ RunTime:0.000205s ]
INFO: Run Behavior\ParseTemplateBehavior [ RunTime:0.008619s ]
INFO: [ view_parse ] --END-- [ RunTime:0.008758s ]
INFO: [ view_filter ] --START--
INFO: Run Behavior\WriteHtmlCacheBehavior [ RunTime:0.000419s ]
INFO: [ view_filter ] --END-- [ RunTime:0.000536s ]
INFO: [ app_end ] --START--
INFO: Run Behavior\ShowPageTraceBehavior [ RunTime:0.000562s ]
INFO: [ app_end ] --END-- [ RunTime:0.000673s ]

[ 2016-10-18T09:23:59+08:00 ] ::1 /easycan/index.php/Home/Rabc/addRole.html
INFO: [ app_init ] --START--
INFO: Run Behavior\BuildLiteBehavior [ RunTime:0.000023s ]
INFO: [ app_init ] --END-- [ RunTime:0.000378s ]
INFO: [ app_begin ] --START--
INFO: Run Behavior\ReadHtmlCacheBehavior [ RunTime:0.000533s ]
INFO: [ app_begin ] --END-- [ RunTime:0.000653s ]
INFO: [ view_parse ] --START--
INFO: [ template_filter ] --START--
INFO: Run Behavior\ContentReplaceBehavior [ RunTime:0.000086s ]
INFO: [ template_filter ] --END-- [ RunTime:0.000235s ]
INFO: Run Behavior\ParseTemplateBehavior [ RunTime:0.009016s ]
INFO: [ view_parse ] --END-- [ RunTime:0.009153s ]
INFO: [ view_filter ] --START--
INFO: Run Behavior\WriteHtmlCacheBehavior [ RunTime:0.000405s ]
INFO: [ view_filter ] --END-- [ RunTime:0.000525s ]
INFO: [ app_end ] --START--
INFO: Run Behavior\ShowPageTraceBehavior [ RunTime:0.000564s ]
INFO: [ app_end ] --END-- [ RunTime:0.000679s ]

[ 2016-10-18T09:28:05+08:00 ] ::1 /easycan/index.php/Home/Rabc/addRole.html
INFO: [ app_init ] --START--
INFO: Run Behavior\BuildLiteBehavior [ RunTime:0.000024s ]
INFO: [ app_init ] --END-- [ RunTime:0.000373s ]
INFO: [ app_begin ] --START--
INFO: Run Behavior\ReadHtmlCacheBehavior [ RunTime:0.000422s ]
INFO: [ app_begin ] --END-- [ RunTime:0.000535s ]
INFO: [ view_parse ] --START--
INFO: [ template_filter ] --START--
INFO: Run Behavior\ContentReplaceBehavior [ RunTime:0.000090s ]
INFO: [ template_filter ] --END-- [ RunTime:0.000237s ]
INFO: Run Behavior\ParseTemplateBehavior [ RunTime:0.048133s ]
INFO: [ view_parse ] --END-- [ RunTime:0.048314s ]
INFO: [ view_filter ] --START--
INFO: Run Behavior\WriteHtmlCacheBehavior [ RunTime:0.000302s ]
INFO: [ view_filter ] --END-- [ RunTime:0.000410s ]
INFO: [ app_end ] --START--
INFO: Run Behavior\ShowPageTraceBehavior [ RunTime:0.000431s ]
INFO: [ app_end ] --END-- [ RunTime:0.000541s ]

[ 2016-10-18T09:28:06+08:00 ] ::1 /easycan/index.php/Home/Rabc/addRole.html
INFO: [ app_init ] --START--
INFO: Run Behavior\BuildLiteBehavior [ RunTime:0.000026s ]
INFO: [ app_init ] --END-- [ RunTime:0.000369s ]
INFO: [ app_begin ] --START--
INFO: Run Behavior\ReadHtmlCacheBehavior [ RunTime:0.000400s ]
INFO: [ app_begin ] --END-- [ RunTime:0.000519s ]
INFO: [ view_parse ] --START--
INFO: [ template_filter ] --START--
INFO: Run Behavior\ContentReplaceBehavior [ RunTime:0.000089s ]
INFO: [ template_filter ] --END-- [ RunTime:0.000231s ]
INFO: Run Behavior\ParseTemplateBehavior [ RunTime:0.008204s ]
INFO: [ view_parse ] --END-- [ RunTime:0.008330s ]
INFO: [ view_filter ] --START--
INFO: Run Behavior\WriteHtmlCacheBehavior [ RunTime:0.000228s ]
INFO: [ view_filter ] --END-- [ RunTime:0.000340s ]
INFO: [ app_end ] --START--
INFO: Run Behavior\ShowPageTraceBehavior [ RunTime:0.000373s ]
INFO: [ app_end ] --END-- [ RunTime:0.000487s ]

[ 2016-10-18T09:28:07+08:00 ] ::1 /easycan/index.php/Home/Rabc/addRole.html
INFO: [ app_init ] --START--
INFO: Run Behavior\BuildLiteBehavior [ RunTime:0.000024s ]
INFO: [ app_init ] --END-- [ RunTime:0.000389s ]
INFO: [ app_begin ] --START--
INFO: Run Behavior\ReadHtmlCacheBehavior [ RunTime:0.000351s ]
INFO: [ app_begin ] --END-- [ RunTime:0.000465s ]
INFO: [ view_parse ] --START--
INFO: [ template_filter ] --START--
INFO: Run Behavior\ContentReplaceBehavior [ RunTime:0.000087s ]
INFO: [ template_filter ] --END-- [ RunTime:0.000254s ]
INFO: Run Behavior\ParseTemplateBehavior [ RunTime:0.008297s ]
INFO: [ view_parse ] --END-- [ RunTime:0.008427s ]
INFO: [ view_filter ] --START--
INFO: Run Behavior\WriteHtmlCacheBehavior [ RunTime:0.000230s ]
INFO: [ view_filter ] --END-- [ RunTime:0.000346s ]
INFO: [ app_end ] --START--
INFO: Run Behavior\ShowPageTraceBehavior [ RunTime:0.000373s ]
INFO: [ app_end ] --END-- [ RunTime:0.000486s ]

[ 2016-10-18T09:31:35+08:00 ] ::1 /easycan/index.php/Home/Rabc/addRole.html
INFO: [ app_init ] --START--
INFO: Run Behavior\BuildLiteBehavior [ RunTime:0.000025s ]
INFO: [ app_init ] --END-- [ RunTime:0.000443s ]
NOTIC: [8] Undefined variable: menu_config D:\www\easycan\Application\Home\Conf\config.php 第 24 行.

[ 2016-10-18T09:31:54+08:00 ] ::1 /easycan/index.php/Home/Rabc/addRole.html
INFO: [ app_init ] --START--
INFO: Run Behavior\BuildLiteBehavior [ RunTime:0.000027s ]
INFO: [ app_init ] --END-- [ RunTime:0.000374s ]
NOTIC: [8] Undefined variable: menu_config D:\www\easycan\Application\Home\Conf\config.php 第 24 行.

[ 2016-10-18T09:32:03+08:00 ] ::1 /easycan/index.php/Home/Rabc/addRole.html
INFO: [ app_init ] --START--
INFO: Run Behavior\BuildLiteBehavior [ RunTime:0.000026s ]
INFO: [ app_init ] --END-- [ RunTime:0.000365s ]
NOTIC: [8] Undefined variable: menu_config D:\www\easycan\Application\Home\Conf\config.php 第 24 行.

[ 2016-10-18T09:32:18+08:00 ] ::1 /easycan/index.php/Home/Rabc/addRole.html
INFO: [ app_init ] --START--
INFO: Run Behavior\BuildLiteBehavior [ RunTime:0.000029s ]
INFO: [ app_init ] --END-- [ RunTime:0.000394s ]
NOTIC: [8] Undefined variable: menu_config D:\www\easycan\Application\Home\Conf\config.php 第 24 行.

[ 2016-10-18T09:32:39+08:00 ] ::1 /easycan/index.php/Home/Index/index.html
INFO: [ app_init ] --START--
INFO: Run Behavior\BuildLiteBehavior [ RunTime:0.000026s ]
INFO: [ app_init ] --END-- [ RunTime:0.000369s ]
NOTIC: [8] Undefined variable: menu_config D:\www\easycan\Application\Home\Conf\config.php 第 24 行.

[ 2016-10-18T09:33:46+08:00 ] ::1 /easycan/index.php/Home/Index/index.html
INFO: [ app_init ] --START--
INFO: Run Behavior\BuildLiteBehavior [ RunTime:0.000026s ]
INFO: [ app_init ] --END-- [ RunTime:0.000400s ]
NOTIC: [8] Undefined variable: menu_config D:\www\easycan\Application\Home\Conf\config.php 第 24 行.

[ 2016-10-18T09:34:14+08:00 ] ::1 /easycan/index.php/Home/Rabc/addRole.html
INFO: [ app_init ] --START--
INFO: Run Behavior\BuildLiteBehavior [ RunTime:0.000027s ]
INFO: [ app_init ] --END-- [ RunTime:0.000370s ]
NOTIC: [8] Undefined variable: menu_config D:\www\easycan\Application\Home\Conf\config.php 第 24 行.

[ 2016-10-18T09:34:51+08:00 ] ::1 /easycan/index.php/Home/Rabc/addRole.html
INFO: [ app_init ] --START--
INFO: Run Behavior\BuildLiteBehavior [ RunTime:0.000027s ]
INFO: [ app_init ] --END-- [ RunTime:0.000369s ]
NOTIC: [8] Undefined variable: menu_config D:\www\easycan\Application\Home\Conf\config.php 第 24 行.

[ 2016-10-18T09:37:54+08:00 ] ::1 /easycan/index.php/Home/Index/index
INFO: [ app_init ] --START--
INFO: Run Behavior\BuildLiteBehavior [ RunTime:0.000025s ]
INFO: [ app_init ] --END-- [ RunTime:0.000387s ]
NOTIC: [8] Undefined variable: menu_config D:\www\easycan\Application\Home\Conf\config.php 第 22 行.

[ 2016-10-18T09:37:56+08:00 ] ::1 /easycan/index.php/Home/Rabc/addRole.html
INFO: [ app_init ] --START--
INFO: Run Behavior\BuildLiteBehavior [ RunTime:0.000024s ]
INFO: [ app_init ] --END-- [ RunTime:0.000356s ]
NOTIC: [8] Undefined variable: menu_config D:\www\easycan\Application\Home\Conf\config.php 第 22 行.

[ 2016-10-18T09:45:25+08:00 ] ::1 /easycan/index.php/Home/Rabc/addRole.html
INFO: [ app_init ] --START--
INFO: Run Behavior\BuildLiteBehavior [ RunTime:0.000026s ]
INFO: [ app_init ] --END-- [ RunTime:0.000436s ]

[ 2016-10-18T09:45:40+08:00 ] ::1 /easycan/index.php/Home/Rabc/addRoleHandle.html
INFO: [ app_init ] --START--
INFO: Run Behavior\BuildLiteBehavior [ RunTime:0.000027s ]
INFO: [ app_init ] --END-- [ RunTime:0.000375s ]

[ 2016-10-18T09:46:18+08:00 ] ::1 /easycan/index.php/Home/Rabc/addRoleHandle.html
INFO: [ app_init ] --START--
INFO: Run Behavior\BuildLiteBehavior [ RunTime:0.000025s ]
INFO: [ app_init ] --END-- [ RunTime:0.000359s ]

[ 2016-10-18T09:46:20+08:00 ] ::1 /easycan/index.php/Home/Rabc/addRole.html
INFO: [ app_init ] --START--
INFO: Run Behavior\BuildLiteBehavior [ RunTime:0.000027s ]
INFO: [ app_init ] --END-- [ RunTime:0.000377s ]

[ 2016-10-18T09:46:39+08:00 ] ::1 /easycan/index.php/Home/Rabc/addRoleHandle.html
INFO: [ app_init ] --START--
INFO: Run Behavior\BuildLiteBehavior [ RunTime:0.000024s ]
INFO: [ app_init ] --END-- [ RunTime:0.000388s ]

[ 2016-10-18T10:05:14+08:00 ] ::1 /easycan/index.php/Home/Rabc/addRole.html
INFO: [ app_init ] --START--
INFO: Run Behavior\BuildLiteBehavior [ RunTime:0.000026s ]
INFO: [ app_init ] --END-- [ RunTime:0.000397s ]

[ 2016-10-18T10:05:15+08:00 ] ::1 /easycan/index.php/Home/Rabc/roleList.html
INFO: [ app_init ] --START--
INFO: Run Behavior\BuildLiteBehavior [ RunTime:0.000024s ]
INFO: [ app_init ] --END-- [ RunTime:0.000339s ]

[ 2016-10-18T10:07:21+08:00 ] ::1 /easycan/index.php/Home/Rabc/roleList.html
INFO: [ app_init ] --START--
INFO: Run Behavior\BuildLiteBehavior [ RunTime:0.000025s ]
INFO: [ app_init ] --END-- [ RunTime:0.000391s ]

[ 2016-10-18T10:08:00+08:00 ] ::1 /easycan/index.php/Home/Rabc/roleList.html
INFO: [ app_init ] --START--
INFO: Run Behavior\BuildLiteBehavior [ RunTime:0.000025s ]
INFO: [ app_init ] --END-- [ RunTime:0.000415s ]

[ 2016-10-18T10:09:12+08:00 ] ::1 /easycan/index.php/Home/Rabc/roleList.html
INFO: [ app_init ] --START--
INFO: Run Behavior\BuildLiteBehavior [ RunTime:0.000027s ]
INFO: [ app_init ] --END-- [ RunTime:0.000441s ]

[ 2016-10-18T10:09:59+08:00 ] ::1 /easycan/index.php/Home/Rabc/roleList.html
INFO: [ app_init ] --START--
INFO: Run Behavior\BuildLiteBehavior [ RunTime:0.000025s ]
INFO: [ app_init ] --END-- [ RunTime:0.000371s ]

[ 2016-10-18T10:11:36+08:00 ] ::1 /easycan/index.php/Home/Rabc/roleList.html
INFO: [ app_init ] --START--
INFO: Run Behavior\BuildLiteBehavior [ RunTime:0.000027s ]
INFO: [ app_init ] --END-- [ RunTime:0.000529s ]

[ 2016-10-18T10:14:41+08:00 ] ::1 /easycan/index.php/Home/Rabc/roleList.html
INFO: [ app_init ] --START--
INFO: Run Behavior\BuildLiteBehavior [ RunTime:0.000027s ]
INFO: [ app_init ] --END-- [ RunTime:0.000533s ]

[ 2016-10-18T10:14:52+08:00 ] ::1 /easycan/index.php/Home/Rabc/roleList.html
INFO: [ app_init ] --START--
INFO: Run Behavior\BuildLiteBehavior [ RunTime:0.000025s ]
INFO: [ app_init ] --END-- [ RunTime:0.000385s ]

[ 2016-10-18T10:14:54+08:00 ] ::1 /easycan/index.php/Home/Rabc/roleList.html
INFO: [ app_init ] --START--
INFO: Run Behavior\BuildLiteBehavior [ RunTime:0.000041s ]
INFO: [ app_init ] --END-- [ RunTime:0.000420s ]

[ 2016-10-18T10:14:55+08:00 ] ::1 /easycan/index.php/Home/Rabc/roleList.html
INFO: [ app_init ] --START--
INFO: Run Behavior\BuildLiteBehavior [ RunTime:0.000025s ]
INFO: [ app_init ] --END-- [ RunTime:0.000421s ]

[ 2016-10-18T10:15:08+08:00 ] ::1 /easycan/index.php/Home/Rabc/roleList.html
INFO: [ app_init ] --START--
INFO: Run Behavior\BuildLiteBehavior [ RunTime:0.000027s ]
INFO: [ app_init ] --END-- [ RunTime:0.000419s ]

[ 2016-10-18T10:15:36+08:00 ] ::1 /easycan/index.php/Home/Rabc/roleList.html
INFO: [ app_init ] --START--
INFO: Run Behavior\BuildLiteBehavior [ RunTime:0.000029s ]
INFO: [ app_init ] --END-- [ RunTime:0.000423s ]

[ 2016-10-18T10:15:50+08:00 ] ::1 /easycan/index.php/Home/Rabc/roleList.html
INFO: [ app_init ] --START--
INFO: Run Behavior\BuildLiteBehavior [ RunTime:0.000030s ]
INFO: [ app_init ] --END-- [ RunTime:0.000444s ]

[ 2016-10-18T10:15:51+08:00 ] ::1 /easycan/index.php/Home/Rabc/roleList.html
INFO: [ app_init ] --START--
INFO: Run Behavior\BuildLiteBehavior [ RunTime:0.000027s ]
INFO: [ app_init ] --END-- [ RunTime:0.000402s ]

[ 2016-10-18T10:15:52+08:00 ] ::1 /easycan/index.php/Home/Rabc/roleList.html
INFO: [ app_init ] --START--
INFO: Run Behavior\BuildLiteBehavior [ RunTime:0.000027s ]
INFO: [ app_init ] --END-- [ RunTime:0.000424s ]

[ 2016-10-18T10:16:50+08:00 ] ::1 /easycan/index.php/Home/Rabc/addRole.html
INFO: [ app_init ] --START--
INFO: Run Behavior\BuildLiteBehavior [ RunTime:0.000025s ]
INFO: [ app_init ] --END-- [ RunTime:0.000407s ]

[ 2016-10-18T10:16:59+08:00 ] ::1 /easycan/index.php/Home/Rabc/addRoleHandle.html
INFO: [ app_init ] --START--
INFO: Run Behavior\BuildLiteBehavior [ RunTime:0.000024s ]
INFO: [ app_init ] --END-- [ RunTime:0.000385s ]

[ 2016-10-18T10:17:01+08:00 ] ::1 /easycan/index.php/Home/Rabc/roleList.html
INFO: [ app_init ] --START--
INFO: Run Behavior\BuildLiteBehavior [ RunTime:0.000027s ]
INFO: [ app_init ] --END-- [ RunTime:0.000397s ]

[ 2016-10-18T10:29:23+08:00 ] ::1 /easycan/index.php/Home/Rabc/roleList.html
INFO: [ app_init ] --START--
INFO: Run Behavior\BuildLiteBehavior [ RunTime:0.000028s ]
INFO: [ app_init ] --END-- [ RunTime:0.000430s ]

[ 2016-10-18T10:29:25+08:00 ] ::1 /easycan/index.php/Home/Rabc/addNode.html
INFO: [ app_init ] --START--
INFO: Run Behavior\BuildLiteBehavior [ RunTime:0.000028s ]
INFO: [ app_init ] --END-- [ RunTime:0.000404s ]

[ 2016-10-18T10:49:05+08:00 ] ::1 /easycan/index.php/Home/Rabc/addNode.html
INFO: [ app_init ] --START--
INFO: Run Behavior\BuildLiteBehavior [ RunTime:0.000027s ]
INFO: [ app_init ] --END-- [ RunTime:0.000413s ]

[ 2016-10-18T10:49:09+08:00 ] ::1 /easycan/index.php/Home/Rabc/addNode.html
INFO: [ app_init ] --START--
INFO: Run Behavior\BuildLiteBehavior [ RunTime:0.000026s ]
INFO: [ app_init ] --END-- [ RunTime:0.000394s ]

[ 2016-10-18T10:49:19+08:00 ] ::1 /easycan/index.php/Home/Rabc/addNodeHandle.html
INFO: [ app_init ] --START--
INFO: Run Behavior\BuildLiteBehavior [ RunTime:0.000025s ]
INFO: [ app_init ] --END-- [ RunTime:0.000387s ]

[ 2016-10-18T10:56:35+08:00 ] ::1 /easycan/index.php/Home/Rabc/addNode.html
INFO: [ app_init ] --START--
INFO: Run Behavior\BuildLiteBehavior [ RunTime:0.000026s ]
INFO: [ app_init ] --END-- [ RunTime:0.000387s ]

[ 2016-10-18T10:56:51+08:00 ] ::1 /easycan/index.php/Home/Rabc/addNodeHandle.html
INFO: [ app_init ] --START--
INFO: Run Behavior\BuildLiteBehavior [ RunTime:0.000025s ]
INFO: [ app_init ] --END-- [ RunTime:0.000392s ]

[ 2016-10-18T10:57:00+08:00 ] ::1 /easycan/index.php/Home/Rabc/addNode.html
INFO: [ app_init ] --START--
INFO: Run Behavior\BuildLiteBehavior [ RunTime:0.000026s ]
INFO: [ app_init ] --END-- [ RunTime:0.000417s ]

[ 2016-10-18T10:57:04+08:00 ] ::1 /easycan/index.php/Home/Rabc/addNode.html
INFO: [ app_init ] --START--
INFO: Run Behavior\BuildLiteBehavior [ RunTime:0.000027s ]
INFO: [ app_init ] --END-- [ RunTime:0.000408s ]

[ 2016-10-18T10:59:49+08:00 ] ::1 /easycan/index.php/Home/Rabc/addNode.html
INFO: [ app_init ] --START--
INFO: Run Behavior\BuildLiteBehavior [ RunTime:0.000031s ]
INFO: [ app_init ] --END-- [ RunTime:0.000466s ]

[ 2016-10-18T11:00:31+08:00 ] ::1 /easycan/index.php/Home/Rabc/addNode.html
INFO: [ app_init ] --START--
INFO: Run Behavior\BuildLiteBehavior [ RunTime:0.000026s ]
INFO: [ app_init ] --END-- [ RunTime:0.000403s ]

[ 2016-10-18T11:05:27+08:00 ] ::1 /easycan/index.php/Home/Rabc/addNode.html
INFO: [ app_init ] --START--
INFO: Run Behavior\BuildLiteBehavior [ RunTime:0.000028s ]
INFO: [ app_init ] --END-- [ RunTime:0.000432s ]
ERR: 无法加载控制器:Rabc

[ 2016-10-18T11:05:40+08:00 ] ::1 /easycan/index.php/Home/Index/index.html
INFO: [ app_init ] --START--
INFO: Run Behavior\BuildLiteBehavior [ RunTime:0.000026s ]
INFO: [ app_init ] --END-- [ RunTime:0.000510s ]

[ 2016-10-18T11:05:42+08:00 ] ::1 /easycan/index.php/Home/Rbac/addRole.html
INFO: [ app_init ] --START--
INFO: Run Behavior\BuildLiteBehavior [ RunTime:0.000025s ]
INFO: [ app_init ] --END-- [ RunTime:0.000417s ]
ERR: 无法加载控制器:Rbac

[ 2016-10-18T11:06:28+08:00 ] ::1 /easycan/index.php/Home/Rbac/addRole.html
INFO: [ app_init ] --START--
INFO: Run Behavior\BuildLiteBehavior [ RunTime:0.000027s ]
INFO: [ app_init ] --END-- [ RunTime:0.000397s ]
ERR: 无法加载控制器:Rbac

[ 2016-10-18T11:06:41+08:00 ] ::1 /easycan/index.php/Home/Rbac/roleList.html
INFO: [ app_init ] --START--
INFO: Run Behavior\BuildLiteBehavior [ RunTime:0.000035s ]
INFO: [ app_init ] --END-- [ RunTime:0.000415s ]
ERR: 无法加载控制器:Rbac

[ 2016-10-18T11:06:44+08:00 ] ::1 /easycan/index.php/Home/Rbac/addNode.html
INFO: [ app_init ] --START--
INFO: Run Behavior\BuildLiteBehavior [ RunTime:0.000026s ]
INFO: [ app_init ] --END-- [ RunTime:0.000400s ]
ERR: 无法加载控制器:Rbac

[ 2016-10-18T11:07:01+08:00 ] ::1 /easycan/index.php/Home/Index/index.html
INFO: [ app_init ] --START--
INFO: Run Behavior\BuildLiteBehavior [ RunTime:0.000029s ]
INFO: [ app_init ] --END-- [ RunTime:0.000445s ]

[ 2016-10-18T11:07:03+08:00 ] ::1 /easycan/index.php/Home/Rbac/addRole.html
INFO: [ app_init ] --START--
INFO: Run Behavior\BuildLiteBehavior [ RunTime:0.000025s ]
INFO: [ app_init ] --END-- [ RunTime:0.000434s ]
ERR: 无法加载控制器:Rbac

[ 2016-10-18T11:07:44+08:00 ] ::1 /easycan/index.php/Home/Rbac/addRole.html
INFO: [ app_init ] --START--
INFO: Run Behavior\BuildLiteBehavior [ RunTime:0.000026s ]
INFO: [ app_init ] --END-- [ RunTime:0.000364s ]

[ 2016-10-18T11:07:45+08:00 ] ::1 /easycan/index.php/Home/Rbac/roleList.html
INFO: [ app_init ] --START--
INFO: Run Behavior\BuildLiteBehavior [ RunTime:0.000027s ]
INFO: [ app_init ] --END-- [ RunTime:0.000374s ]

[ 2016-10-18T11:07:46+08:00 ] ::1 /easycan/index.php/Home/Rbac/addNode.html
INFO: [ app_init ] --START--
INFO: Run Behavior\BuildLiteBehavior [ RunTime:0.000027s ]
INFO: [ app_init ] --END-- [ RunTime:0.000370s ]

[ 2016-10-18T11:07:47+08:00 ] ::1 /easycan/index.php/Home/Rbac/addNode.html
INFO: [ app_init ] --START--
INFO: Run Behavior\BuildLiteBehavior [ RunTime:0.000024s ]
INFO: [ app_init ] --END-- [ RunTime:0.000388s ]

[ 2016-10-18T11:08:38+08:00 ] ::1 /easycan/index.php/Home/Rbac/addNodeHandle.html
INFO: [ app_init ] --START--
INFO: Run Behavior\BuildLiteBehavior [ RunTime:0.000025s ]
INFO: [ app_init ] --END-- [ RunTime:0.000423s ]

[ 2016-10-18T11:10:06+08:00 ] ::1 /easycan/index.php/Home/Rbac/addNode.html
INFO: [ app_init ] --START--
INFO: Run Behavior\BuildLiteBehavior [ RunTime:0.000026s ]
INFO: [ app_init ] --END-- [ RunTime:0.000373s ]

[ 2016-10-18T11:14:39+08:00 ] ::1 /easycan/index.php/Home/Rbac/addNode.html
INFO: [ app_init ] --START--
INFO: Run Behavior\BuildLiteBehavior [ RunTime:0.000026s ]
INFO: [ app_init ] --END-- [ RunTime:0.000394s ]

[ 2016-10-18T11:15:04+08:00 ] ::1 /easycan/index.php/Home/Rbac/addNodeHandle.html
INFO: [ app_init ] --START--
INFO: Run Behavior\BuildLiteBehavior [ RunTime:0.000024s ]
INFO: [ app_init ] --END-- [ RunTime:0.000338s ]

[ 2016-10-18T11:15:05+08:00 ] ::1 /easycan/index.php/Home/Rbac/%7B/easycan/index.php/Home/Rbac/addNode.html%7D
INFO: [ app_init ] --START--
INFO: Run Behavior\BuildLiteBehavior [ RunTime:0.000026s ]
INFO: [ app_init ] --END-- [ RunTime:0.000405s ]
ERR: 非法操作:{

[ 2016-10-18T11:15:32+08:00 ] ::1 /easycan/index.php/Home/Rbac/addNode.html
INFO: [ app_init ] --START--
INFO: Run Behavior\BuildLiteBehavior [ RunTime:0.000027s ]
INFO: [ app_init ] --END-- [ RunTime:0.000363s ]

[ 2016-10-18T11:15:36+08:00 ] ::1 /easycan/index.php/Home/Rbac/roleList.html
INFO: [ app_init ] --START--
INFO: Run Behavior\BuildLiteBehavior [ RunTime:0.000043s ]
INFO: [ app_init ] --END-- [ RunTime:0.000390s ]

[ 2016-10-18T11:15:36+08:00 ] ::1 /easycan/index.php/Home/Rbac/addRole.html
INFO: [ app_init ] --START--
INFO: Run Behavior\BuildLiteBehavior [ RunTime:0.000024s ]
INFO: [ app_init ] --END-- [ RunTime:0.000352s ]

[ 2016-10-18T11:15:37+08:00 ] ::1 /easycan/index.php/Home/Rbac/addNode.html
INFO: [ app_init ] --START--
INFO: Run Behavior\BuildLiteBehavior [ RunTime:0.000026s ]
INFO: [ app_init ] --END-- [ RunTime:0.000368s ]

[ 2016-10-18T11:16:06+08:00 ] ::1 /easycan/index.php/Home/Rbac/addNodeHandle.html
INFO: [ app_init ] --START--
INFO: Run Behavior\BuildLiteBehavior [ RunTime:0.000025s ]
INFO: [ app_init ] --END-- [ RunTime:0.000373s ]

[ 2016-10-18T11:16:07+08:00 ] ::1 /easycan/index.php/Home/Rbac/addNode.html
INFO: [ app_init ] --START--
INFO: Run Behavior\BuildLiteBehavior [ RunTime:0.000026s ]
INFO: [ app_init ] --END-- [ RunTime:0.000381s ]

[ 2016-10-18T11:17:05+08:00 ] ::1 /easycan/index.php/Home/Rbac/roleList.html
INFO: [ app_init ] --START--
INFO: Run Behavior\BuildLiteBehavior [ RunTime:0.000024s ]
INFO: [ app_init ] --END-- [ RunTime:0.000380s ]

[ 2016-10-18T11:17:06+08:00 ] ::1 /easycan/index.php/Home/Rbac/addNode.html
INFO: [ app_init ] --START--
INFO: Run Behavior\BuildLiteBehavior [ RunTime:0.000027s ]
INFO: [ app_init ] --END-- [ RunTime:0.000369s ]

[ 2016-10-18T11:17:08+08:00 ] ::1 /easycan/index.php/Home/Rbac/addRole.html
INFO: [ app_init ] --START--
INFO: Run Behavior\BuildLiteBehavior [ RunTime:0.000026s ]
INFO: [ app_init ] --END-- [ RunTime:0.000367s ]

[ 2016-10-18T11:27:15+08:00 ] ::1 /easycan/index.php/Home/Rbac/addRole.html
INFO: [ app_init ] --START--
INFO: Run Behavior\BuildLiteBehavior [ RunTime:0.000027s ]
INFO: [ app_init ] --END-- [ RunTime:0.000424s ]

[ 2016-10-18T11:27:17+08:00 ] ::1 /easycan/index.php/Home/Rbac/nodeList.html
INFO: [ app_init ] --START--
INFO: Run Behavior\BuildLiteBehavior [ RunTime:0.000026s ]
INFO: [ app_init ] --END-- [ RunTime:0.000376s ]
ERR: 非法操作:nodeList

[ 2016-10-18T11:34:24+08:00 ] ::1 /easycan/index.php/Home/Rbac/nodeList.html
INFO: [ app_init ] --START--
INFO: Run Behavior\BuildLiteBehavior [ RunTime:0.000024s ]
INFO: [ app_init ] --END-- [ RunTime:0.000374s ]

[ 2016-10-18T11:36:46+08:00 ] ::1 /easycan/index.php/Home/Rbac/nodeList.html
INFO: [ app_init ] --START--
INFO: Run Behavior\BuildLiteBehavior [ RunTime:0.000026s ]
INFO: [ app_init ] --END-- [ RunTime:0.000403s ]

[ 2016-10-18T11:39:41+08:00 ] ::1 /easycan/index.php/Home/Rbac/nodeList.html
INFO: [ app_init ] --START--
INFO: Run Behavior\BuildLiteBehavior [ RunTime:0.000025s ]
INFO: [ app_init ] --END-- [ RunTime:0.000400s ]

[ 2016-10-18T11:40:03+08:00 ] ::1 /easycan/index.php/Home/Rbac/nodeList.html
INFO: [ app_init ] --START--
INFO: Run Behavior\BuildLiteBehavior [ RunTime:0.000027s ]
INFO: [ app_init ] --END-- [ RunTime:0.000369s ]

[ 2016-10-18T11:40:33+08:00 ] ::1 /easycan/index.php/Home/Rbac/nodeList.html
INFO: [ app_init ] --START--
INFO: Run Behavior\BuildLiteBehavior [ RunTime:0.000024s ]
INFO: [ app_init ] --END-- [ RunTime:0.000349s ]

[ 2016-10-18T11:40:35+08:00 ] ::1 /easycan/index.php/Home/Rbac/nodeList.html
INFO: [ app_init ] --START--
INFO: Run Behavior\BuildLiteBehavior [ RunTime:0.000026s ]
INFO: [ app_init ] --END-- [ RunTime:0.000355s ]

[ 2016-10-18T11:41:31+08:00 ] ::1 /easycan/index.php/Home/Rbac/nodeList.html
INFO: [ app_init ] --START--
INFO: Run Behavior\BuildLiteBehavior [ RunTime:0.000041s ]
INFO: [ app_init ] --END-- [ RunTime:0.000440s ]

[ 2016-10-18T11:42:35+08:00 ] ::1 /easycan/index.php/Home/Rbac/nodeList.html
INFO: [ app_init ] --START--
INFO: Run Behavior\BuildLiteBehavior [ RunTime:0.000025s ]
INFO: [ app_init ] --END-- [ RunTime:0.000385s ]

[ 2016-10-18T15:14:28+08:00 ] ::1 /easycan/index.php/Home/Rbac/addNode.html
INFO: [ app_init ] --START--
INFO: Run Behavior\BuildLiteBehavior [ RunTime:0.000034s ]
INFO: [ app_init ] --END-- [ RunTime:0.008025s ]

[ 2016-10-18T15:14:44+08:00 ] ::1 /easycan/index.php/Home/Rbac/addNodeHandle.html
INFO: [ app_init ] --START--
INFO: Run Behavior\BuildLiteBehavior [ RunTime:0.000028s ]
INFO: [ app_init ] --END-- [ RunTime:0.000378s ]

[ 2016-10-18T15:14:45+08:00 ] ::1 /easycan/index.php/Home/Rbac/addNode.html
INFO: [ app_init ] --START--
INFO: Run Behavior\BuildLiteBehavior [ RunTime:0.000029s ]
INFO: [ app_init ] --END-- [ RunTime:0.000385s ]

[ 2016-10-18T15:14:47+08:00 ] ::1 /easycan/index.php/Home/Rbac/nodeList.html
INFO: [ app_init ] --START--
INFO: Run Behavior\BuildLiteBehavior [ RunTime:0.000029s ]
INFO: [ app_init ] --END-- [ RunTime:0.000372s ]

[ 2016-10-18T15:15:57+08:00 ] ::1 /easycan/index.php/Home/Rbac/nodeList.html
INFO: [ app_init ] --START--
INFO: Run Behavior\BuildLiteBehavior [ RunTime:0.000032s ]
INFO: [ app_init ] --END-- [ RunTime:0.000485s ]

[ 2016-10-18T15:15:59+08:00 ] ::1 /easycan/index.php/Home/Rbac/addNode.html
INFO: [ app_init ] --START--
INFO: Run Behavior\BuildLiteBehavior [ RunTime:0.000040s ]
INFO: [ app_init ] --END-- [ RunTime:0.000452s ]

[ 2016-10-18T15:16:00+08:00 ] ::1 /easycan/index.php/Home/Rbac/nodeList.html
INFO: [ app_init ] --START--
INFO: Run Behavior\BuildLiteBehavior [ RunTime:0.000023s ]
INFO: [ app_init ] --END-- [ RunTime:0.000350s ]

[ 2016-10-18T15:16:35+08:00 ] ::1 /easycan/index.php/Home/Rbac/nodeList.html
INFO: [ app_init ] --START--
INFO: Run Behavior\BuildLiteBehavior [ RunTime:0.000025s ]
INFO: [ app_init ] --END-- [ RunTime:0.000385s ]

[ 2016-10-18T15:16:51+08:00 ] ::1 /easycan/index.php/Home/Rbac/addNode.html
INFO: [ app_init ] --START--
INFO: Run Behavior\BuildLiteBehavior [ RunTime:0.000031s ]
INFO: [ app_init ] --END-- [ RunTime:0.000424s ]

[ 2016-10-18T15:18:15+08:00 ] ::1 /easycan/index.php/Home/Rbac/addNode.html
INFO: [ app_init ] --START--
INFO: Run Behavior\BuildLiteBehavior [ RunTime:0.000030s ]
INFO: [ app_init ] --END-- [ RunTime:0.000370s ]

[ 2016-10-18T15:18:15+08:00 ] ::1 /easycan/index.php/Home/Rbac/nodeList.html
INFO: [ app_init ] --START--
INFO: Run Behavior\BuildLiteBehavior [ RunTime:0.000032s ]
INFO: [ app_init ] --END-- [ RunTime:0.000386s ]

[ 2016-10-18T15:19:44+08:00 ] ::1 /easycan/index.php/Home/Rbac/nodeList.html
INFO: [ app_init ] --START--
INFO: Run Behavior\BuildLiteBehavior [ RunTime:0.000030s ]
INFO: [ app_init ] --END-- [ RunTime:0.000529s ]

[ 2016-10-18T15:19:51+08:00 ] ::1 /easycan/index.php/Home/Rbac/addNode.html
INFO: [ app_init ] --START--
INFO: Run Behavior\BuildLiteBehavior [ RunTime:0.000029s ]
INFO: [ app_init ] --END-- [ RunTime:0.000445s ]

[ 2016-10-18T15:20:15+08:00 ] ::1 /easycan/index.php/Home/Rbac/nodeList.html
INFO: [ app_init ] --START--
INFO: Run Behavior\BuildLiteBehavior [ RunTime:0.000028s ]
INFO: [ app_init ] --END-- [ RunTime:0.000402s ]

[ 2016-10-18T15:20:20+08:00 ] ::1 /easycan/index.php/Home/Rbac/addNodeHandle.html
INFO: [ app_init ] --START--
INFO: Run Behavior\BuildLiteBehavior [ RunTime:0.000028s ]
INFO: [ app_init ] --END-- [ RunTime:0.000386s ]

[ 2016-10-18T15:20:21+08:00 ] ::1 /easycan/index.php/Home/Rbac/addNode.html
INFO: [ app_init ] --START--
INFO: Run Behavior\BuildLiteBehavior [ RunTime:0.000028s ]
INFO: [ app_init ] --END-- [ RunTime:0.000396s ]

[ 2016-10-18T15:20:23+08:00 ] ::1 /easycan/index.php/Home/Rbac/nodeList.html
INFO: [ app_init ] --START--
INFO: Run Behavior\BuildLiteBehavior [ RunTime:0.000030s ]
INFO: [ app_init ] --END-- [ RunTime:0.000405s ]

[ 2016-10-18T15:20:46+08:00 ] ::1 /easycan/index.php/Home/Rbac/nodeList.html
INFO: [ app_init ] --START--
INFO: Run Behavior\BuildLiteBehavior [ RunTime:0.000031s ]
INFO: [ app_init ] --END-- [ RunTime:0.000460s ]

[ 2016-10-18T15:21:06+08:00 ] ::1 /easycan/index.php/Home/Rbac/addNode.html
INFO: [ app_init ] --START--
INFO: Run Behavior\BuildLiteBehavior [ RunTime:0.000028s ]
INFO: [ app_init ] --END-- [ RunTime:0.000401s ]

[ 2016-10-18T15:21:20+08:00 ] ::1 /easycan/index.php/Home/Rbac/addNodeHandle.html
INFO: [ app_init ] --START--
INFO: Run Behavior\BuildLiteBehavior [ RunTime:0.000030s ]
INFO: [ app_init ] --END-- [ RunTime:0.000415s ]

[ 2016-10-18T15:21:21+08:00 ] ::1 /easycan/index.php/Home/Rbac/addNode.html
INFO: [ app_init ] --START--
INFO: Run Behavior\BuildLiteBehavior [ RunTime:0.000032s ]
INFO: [ app_init ] --END-- [ RunTime:0.000488s ]

[ 2016-10-18T15:21:22+08:00 ] ::1 /easycan/index.php/Home/Rbac/nodeList.html
INFO: [ app_init ] --START--
INFO: Run Behavior\BuildLiteBehavior [ RunTime:0.000029s ]
INFO: [ app_init ] --END-- [ RunTime:0.000423s ]

[ 2016-10-18T15:21:48+08:00 ] ::1 /easycan/index.php/Home/Rbac/addNodeHandle.html
INFO: [ app_init ] --START--
INFO: Run Behavior\BuildLiteBehavior [ RunTime:0.000030s ]
INFO: [ app_init ] --END-- [ RunTime:0.000424s ]

[ 2016-10-18T15:21:49+08:00 ] ::1 /easycan/index.php/Home/Rbac/addNode.html
INFO: [ app_init ] --START--
INFO: Run Behavior\BuildLiteBehavior [ RunTime:0.000028s ]
INFO: [ app_init ] --END-- [ RunTime:0.000409s ]

[ 2016-10-18T15:21:51+08:00 ] ::1 /easycan/index.php/Home/Rbac/nodeList.html
INFO: [ app_init ] --START--
INFO: Run Behavior\BuildLiteBehavior [ RunTime:0.000028s ]
INFO: [ app_init ] --END-- [ RunTime:0.000383s ]

[ 2016-10-18T15:22:18+08:00 ] ::1 /easycan/index.php/Home/Rbac/nodeList.html
INFO: [ app_init ] --START--
INFO: Run Behavior\BuildLiteBehavior [ RunTime:0.000028s ]
INFO: [ app_init ] --END-- [ RunTime:0.000423s ]

[ 2016-10-18T15:22:20+08:00 ] ::1 /easycan/index.php/Home/Rbac/nodeList.html
INFO: [ app_init ] --START--
INFO: Run Behavior\BuildLiteBehavior [ RunTime:0.000030s ]
INFO: [ app_init ] --END-- [ RunTime:0.000403s ]

[ 2016-10-18T15:22:21+08:00 ] ::1 /easycan/index.php/Home/Rbac/nodeList.html
INFO: [ app_init ] --START--
INFO: Run Behavior\BuildLiteBehavior [ RunTime:0.000026s ]
INFO: [ app_init ] --END-- [ RunTime:0.000444s ]

[ 2016-10-18T15:22:57+08:00 ] ::1 /easycan/index.php/Home/Rbac/nodeList.html
INFO: [ app_init ] --START--
INFO: Run Behavior\BuildLiteBehavior [ RunTime:0.000026s ]
INFO: [ app_init ] --END-- [ RunTime:0.000394s ]

[ 2016-10-18T15:26:42+08:00 ] ::1 /easycan/index.php/Home/Rbac/nodeList.html
INFO: [ app_init ] --START--
INFO: Run Behavior\BuildLiteBehavior [ RunTime:0.000026s ]
INFO: [ app_init ] --END-- [ RunTime:0.000404s ]

[ 2016-10-18T15:26:43+08:00 ] ::1 /easycan/index.php/Home/Rbac/addUser.html
INFO: [ app_init ] --START--
INFO: Run Behavior\BuildLiteBehavior [ RunTime:0.000025s ]
INFO: [ app_init ] --END-- [ RunTime:0.000356s ]

[ 2016-10-18T15:27:02+08:00 ] ::1 /easycan/index.php/Home/Rbac/addUser.html
INFO: [ app_init ] --START--
INFO: Run Behavior\BuildLiteBehavior [ RunTime:0.000032s ]
INFO: [ app_init ] --END-- [ RunTime:0.000449s ]

[ 2016-10-18T15:33:44+08:00 ] ::1 /easycan/index.php/Home/Rbac/addUser.html
INFO: [ app_init ] --START--
INFO: Run Behavior\BuildLiteBehavior [ RunTime:0.000031s ]
INFO: [ app_init ] --END-- [ RunTime:0.000420s ]

[ 2016-10-18T15:33:59+08:00 ] ::1 /easycan/index.php/Home/Rbac/addUser.html
INFO: [ app_init ] --START--
INFO: Run Behavior\BuildLiteBehavior [ RunTime:0.000030s ]
INFO: [ app_init ] --END-- [ RunTime:0.000420s ]

[ 2016-10-18T15:34:17+08:00 ] ::1 /easycan/index.php/Home/Rbac/addUser.html
INFO: [ app_init ] --START--
INFO: Run Behavior\BuildLiteBehavior [ RunTime:0.000027s ]
INFO: [ app_init ] --END-- [ RunTime:0.000383s ]

[ 2016-10-18T15:39:06+08:00 ] ::1 /easycan/index.php/Home/Rbac/addUser.html
INFO: [ app_init ] --START--
INFO: Run Behavior\BuildLiteBehavior [ RunTime:0.000027s ]
INFO: [ app_init ] --END-- [ RunTime:0.000395s ]

[ 2016-10-18T15:41:06+08:00 ] ::1 /easycan/index.php/Home/Rbac/addRoleHandle.html
INFO: [ app_init ] --START--
INFO: Run Behavior\BuildLiteBehavior [ RunTime:0.000027s ]
INFO: [ app_init ] --END-- [ RunTime:0.000394s ]

[ 2016-10-18T15:41:25+08:00 ] ::1 /easycan/index.php/Home/Rbac/addRole.html
INFO: [ app_init ] --START--
INFO: Run Behavior\BuildLiteBehavior [ RunTime:0.000030s ]
INFO: [ app_init ] --END-- [ RunTime:0.000615s ]

[ 2016-10-18T15:41:33+08:00 ] ::1 /easycan/index.php/Home/Rbac/addRole.html
INFO: [ app_init ] --START--
INFO: Run Behavior\BuildLiteBehavior [ RunTime:0.000025s ]
INFO: [ app_init ] --END-- [ RunTime:0.000397s ]

[ 2016-10-18T15:41:36+08:00 ] ::1 /easycan/index.php/Home/Rbac/addUser.html
INFO: [ app_init ] --START--
INFO: Run Behavior\BuildLiteBehavior [ RunTime:0.000025s ]
INFO: [ app_init ] --END-- [ RunTime:0.000337s ]

[ 2016-10-18T15:41:51+08:00 ] ::1 /easycan/index.php/Home/Rbac/addUser.html
INFO: [ app_init ] --START--
INFO: Run Behavior\BuildLiteBehavior [ RunTime:0.000026s ]
INFO: [ app_init ] --END-- [ RunTime:0.000378s ]

[ 2016-10-18T15:41:59+08:00 ] ::1 /easycan/index.php/Home/Rbac/addUserHandle.html
INFO: [ app_init ] --START--
INFO: Run Behavior\BuildLiteBehavior [ RunTime:0.000025s ]
INFO: [ app_init ] --END-- [ RunTime:0.000379s ]

[ 2016-10-18T15:48:42+08:00 ] ::1 /easycan/index.php/Home/Rbac/addUser.html
INFO: [ app_init ] --START--
INFO: Run Behavior\BuildLiteBehavior [ RunTime:0.000027s ]
INFO: [ app_init ] --END-- [ RunTime:0.000410s ]

[ 2016-10-18T15:48:43+08:00 ] ::1 /easycan/index.php/Home/Rbac/addUser.html
INFO: [ app_init ] --START--
INFO: Run Behavior\BuildLiteBehavior [ RunTime:0.000028s ]
INFO: [ app_init ] --END-- [ RunTime:0.000433s ]

[ 2016-10-18T15:48:44+08:00 ] ::1 /easycan/index.php/Home/Rbac/addUser.html
INFO: [ app_init ] --START--
INFO: Run Behavior\BuildLiteBehavior [ RunTime:0.000030s ]
INFO: [ app_init ] --END-- [ RunTime:0.000444s ]

[ 2016-10-18T15:48:45+08:00 ] ::1 /easycan/index.php/Home/Rbac/addUser.html
INFO: [ app_init ] --START--
INFO: Run Behavior\BuildLiteBehavior [ RunTime:0.000030s ]
INFO: [ app_init ] --END-- [ RunTime:0.000461s ]

[ 2016-10-18T15:49:01+08:00 ] ::1 /easycan/index.php/Home/Rbac/addUserHandle.html
INFO: [ app_init ] --START--
INFO: Run Behavior\BuildLiteBehavior [ RunTime:0.000030s ]
INFO: [ app_init ] --END-- [ RunTime:0.000442s ]

[ 2016-10-18T15:50:37+08:00 ] ::1 /easycan/index.php/Home/Rbac/addUser.html
INFO: [ app_init ] --START--
INFO: Run Behavior\BuildLiteBehavior [ RunTime:0.000030s ]
INFO: [ app_init ] --END-- [ RunTime:0.000435s ]

[ 2016-10-18T15:50:37+08:00 ] ::1 /easycan/index.php/Home/Rbac/addUser.html
INFO: [ app_init ] --START--
INFO: Run Behavior\BuildLiteBehavior [ RunTime:0.000029s ]
INFO: [ app_init ] --END-- [ RunTime:0.000413s ]

[ 2016-10-18T15:50:38+08:00 ] ::1 /easycan/index.php/Home/Rbac/addUser.html
INFO: [ app_init ] --START--
INFO: Run Behavior\BuildLiteBehavior [ RunTime:0.000034s ]
INFO: [ app_init ] --END-- [ RunTime:0.000568s ]

[ 2016-10-18T15:50:38+08:00 ] ::1 /easycan/index.php/Home/Rbac/addUser.html
INFO: [ app_init ] --START--
INFO: Run Behavior\BuildLiteBehavior [ RunTime:0.000031s ]
INFO: [ app_init ] --END-- [ RunTime:0.000426s ]

[ 2016-10-18T15:50:47+08:00 ] ::1 /easycan/index.php/Home/Rbac/addUserHandle.html
INFO: [ app_init ] --START--
INFO: Run Behavior\BuildLiteBehavior [ RunTime:0.000028s ]
INFO: [ app_init ] --END-- [ RunTime:0.000380s ]

[ 2016-10-18T15:50:48+08:00 ] ::1 /easycan/index.php/Home/Rbac/addUser.html
INFO: [ app_init ] --START--
INFO: Run Behavior\BuildLiteBehavior [ RunTime:0.000030s ]
INFO: [ app_init ] --END-- [ RunTime:0.000381s ]

[ 2016-10-18T15:55:07+08:00 ] 127.0.0.1 /easycan/index.php/Home/Rbac/addNode.html
INFO: [ app_init ] --START--
INFO: Run Behavior\BuildLiteBehavior [ RunTime:0.000029s ]
INFO: [ app_init ] --END-- [ RunTime:0.000408s ]

[ 2016-10-18T15:55:09+08:00 ] 127.0.0.1 /easycan/index.php/Home/Rbac/addUser.html
INFO: [ app_init ] --START--
INFO: Run Behavior\BuildLiteBehavior [ RunTime:0.000029s ]
INFO: [ app_init ] --END-- [ RunTime:0.000367s ]

[ 2016-10-18T15:55:17+08:00 ] 127.0.0.1 /easycan/index.php/Home/Rbac/addUserHandle.html
INFO: [ app_init ] --START--
INFO: Run Behavior\BuildLiteBehavior [ RunTime:0.000027s ]
INFO: [ app_init ] --END-- [ RunTime:0.000349s ]

[ 2016-10-18T15:55:17+08:00 ] 127.0.0.1 /easycan/index.php/Home/Rbac/addUser.html
INFO: [ app_init ] --START--
INFO: Run Behavior\BuildLiteBehavior [ RunTime:0.000031s ]
INFO: [ app_init ] --END-- [ RunTime:0.000385s ]

[ 2016-10-18T16:05:34+08:00 ] ::1 /easycan/index.php/Home/Index/index.html
INFO: [ app_init ] --START--
INFO: Run Behavior\BuildLiteBehavior [ RunTime:0.000027s ]
INFO: [ app_init ] --END-- [ RunTime:0.000499s ]

[ 2016-10-18T16:05:36+08:00 ] ::1 /easycan/index.php/Home/Rbac/userList.html
INFO: [ app_init ] --START--
INFO: Run Behavior\BuildLiteBehavior [ RunTime:0.000025s ]
INFO: [ app_init ] --END-- [ RunTime:0.000378s ]
ERR: 非法操作:userList

[ 2016-10-18T16:13:40+08:00 ] ::1 /easycan/index.php/Home/Index/index.html
INFO: [ app_init ] --START--
INFO: Run Behavior\BuildLiteBehavior [ RunTime:0.000026s ]
INFO: [ app_init ] --END-- [ RunTime:0.000416s ]

[ 2016-10-18T16:13:42+08:00 ] ::1 /easycan/index.php/Home/Rbac/userList.html
INFO: [ app_init ] --START--
INFO: Run Behavior\BuildLiteBehavior [ RunTime:0.000027s ]
INFO: [ app_init ] --END-- [ RunTime:0.000399s ]

[ 2016-10-18T16:14:40+08:00 ] ::1 /easycan/index.php/Home/Rbac/userList.html
INFO: [ app_init ] --START--
INFO: Run Behavior\BuildLiteBehavior [ RunTime:0.000025s ]
INFO: [ app_init ] --END-- [ RunTime:0.000380s ]

[ 2016-10-18T16:15:09+08:00 ] ::1 /easycan/index.php/Home/Rbac/userList.html
INFO: [ app_init ] --START--
INFO: Run Behavior\BuildLiteBehavior [ RunTime:0.000026s ]
INFO: [ app_init ] --END-- [ RunTime:0.000396s ]

[ 2016-10-18T16:15:10+08:00 ] ::1 /easycan/index.php/Home/Rbac/userList.html
INFO: [ app_init ] --START--
INFO: Run Behavior\BuildLiteBehavior [ RunTime:0.000025s ]
INFO: [ app_init ] --END-- [ RunTime:0.000380s ]

[ 2016-10-18T16:15:11+08:00 ] ::1 /easycan/index.php/Home/Rbac/userList.html
INFO: [ app_init ] --START--
INFO: Run Behavior\BuildLiteBehavior [ RunTime:0.000026s ]
INFO: [ app_init ] --END-- [ RunTime:0.000417s ]

[ 2016-10-18T16:15:16+08:00 ] ::1 /easycan/index.php/Home/Rbac/userList.html
INFO: [ app_init ] --START--
INFO: Run Behavior\BuildLiteBehavior [ RunTime:0.000025s ]
INFO: [ app_init ] --END-- [ RunTime:0.000392s ]

[ 2016-10-18T16:17:40+08:00 ] ::1 /easycan/index.php/Home/Rbac/userList.html
INFO: [ app_init ] --START--
INFO: Run Behavior\BuildLiteBehavior [ RunTime:0.000028s ]
INFO: [ app_init ] --END-- [ RunTime:0.000428s ]

[ 2016-10-18T16:17:41+08:00 ] ::1 /easycan/index.php/Home/Rbac/userList.html
INFO: [ app_init ] --START--
INFO: Run Behavior\BuildLiteBehavior [ RunTime:0.000026s ]
INFO: [ app_init ] --END-- [ RunTime:0.000451s ]

[ 2016-10-18T16:17:41+08:00 ] ::1 /easycan/index.php/Home/Rbac/userList.html
INFO: [ app_init ] --START--
INFO: Run Behavior\BuildLiteBehavior [ RunTime:0.000024s ]
INFO: [ app_init ] --END-- [ RunTime:0.000409s ]

[ 2016-10-18T16:17:42+08:00 ] ::1 /easycan/index.php/Home/Rbac/userList.html
INFO: [ app_init ] --START--
INFO: Run Behavior\BuildLiteBehavior [ RunTime:0.000027s ]
INFO: [ app_init ] --END-- [ RunTime:0.000403s ]

[ 2016-10-18T16:18:46+08:00 ] ::1 /easycan/index.php/Home/Rbac/userList.html
INFO: [ app_init ] --START--
INFO: Run Behavior\BuildLiteBehavior [ RunTime:0.000026s ]
INFO: [ app_init ] --END-- [ RunTime:0.000408s ]

[ 2016-10-18T16:19:06+08:00 ] ::1 /easycan/index.php/Home/Rbac/userList.html
INFO: [ app_init ] --START--
INFO: Run Behavior\BuildLiteBehavior [ RunTime:0.000025s ]
INFO: [ app_init ] --END-- [ RunTime:0.000513s ]

[ 2016-10-18T16:19:43+08:00 ] ::1 /easycan/index.php/Home/Rbac/userList.html
INFO: [ app_init ] --START--
INFO: Run Behavior\BuildLiteBehavior [ RunTime:0.000027s ]
INFO: [ app_init ] --END-- [ RunTime:0.000417s ]

[ 2016-10-18T16:19:59+08:00 ] ::1 /easycan/index.php/Home/Rbac/userList.html
INFO: [ app_init ] --START--
INFO: Run Behavior\BuildLiteBehavior [ RunTime:0.000025s ]
INFO: [ app_init ] --END-- [ RunTime:0.000471s ]

[ 2016-10-18T16:20:01+08:00 ] ::1 /easycan/index.php/Home/Rbac/userList.html
INFO: [ app_init ] --START--
INFO: Run Behavior\BuildLiteBehavior [ RunTime:0.000027s ]
INFO: [ app_init ] --END-- [ RunTime:0.000397s ]

[ 2016-10-18T16:20:28+08:00 ] ::1 /easycan/index.php/Home/Rbac/userList.html
INFO: [ app_init ] --START--
INFO: Run Behavior\BuildLiteBehavior [ RunTime:0.000026s ]
INFO: [ app_init ] --END-- [ RunTime:0.000399s ]

[ 2016-10-18T16:27:22+08:00 ] ::1 /easycan/index.php/Home/Rbac/userList.html
INFO: [ app_init ] --START--
INFO: Run Behavior\BuildLiteBehavior [ RunTime:0.000026s ]
INFO: [ app_init ] --END-- [ RunTime:0.000414s ]

[ 2016-10-18T16:27:27+08:00 ] ::1 /easycan/index.php/Home/Rbac/userList.html
INFO: [ app_init ] --START--
INFO: Run Behavior\BuildLiteBehavior [ RunTime:0.000029s ]
INFO: [ app_init ] --END-- [ RunTime:0.000431s ]

[ 2016-10-18T16:27:29+08:00 ] ::1 /easycan/index.php/Home/Rbac/userList.html
INFO: [ app_init ] --START--
INFO: Run Behavior\BuildLiteBehavior [ RunTime:0.000026s ]
INFO: [ app_init ] --END-- [ RunTime:0.000409s ]

[ 2016-10-18T16:27:31+08:00 ] ::1 /easycan/index.php/Home/Rbac/userList.html
INFO: [ app_init ] --START--
INFO: Run Behavior\BuildLiteBehavior [ RunTime:0.000028s ]
INFO: [ app_init ] --END-- [ RunTime:0.000417s ]

[ 2016-10-18T16:28:38+08:00 ] ::1 /easycan/index.php/Home/Rbac/userList.html
INFO: [ app_init ] --START--
INFO: Run Behavior\BuildLiteBehavior [ RunTime:0.000027s ]
INFO: [ app_init ] --END-- [ RunTime:0.000419s ]

[ 2016-10-18T16:29:08+08:00 ] ::1 /easycan/index.php/Home/Rbac/userList.html
INFO: [ app_init ] --START--
INFO: Run Behavior\BuildLiteBehavior [ RunTime:0.000027s ]
INFO: [ app_init ] --END-- [ RunTime:0.000412s ]

[ 2016-10-18T16:30:04+08:00 ] ::1 /easycan/index.php/Home/Rbac/userList.html
INFO: [ app_init ] --START--
INFO: Run Behavior\BuildLiteBehavior [ RunTime:0.000027s ]
INFO: [ app_init ] --END-- [ RunTime:0.000418s ]

[ 2016-10-18T16:31:10+08:00 ] ::1 /easycan/index.php/Home/Rbac/userList.html
INFO: [ app_init ] --START--
INFO: Run Behavior\BuildLiteBehavior [ RunTime:0.000026s ]
INFO: [ app_init ] --END-- [ RunTime:0.000399s ]

[ 2016-10-18T16:35:36+08:00 ] ::1 /easycan/index.php/Home/Rbac/userList.html
INFO: [ app_init ] --START--
INFO: Run Behavior\BuildLiteBehavior [ RunTime:0.000028s ]
INFO: [ app_init ] --END-- [ RunTime:0.000463s ]

[ 2016-10-18T17:39:51+08:00 ] ::1 /easycan/index.php/Home/Rbac/userList.html
INFO: [ app_init ] --START--
INFO: Run Behavior\BuildLiteBehavior [ RunTime:0.000027s ]
INFO: [ app_init ] --END-- [ RunTime:0.000441s ]

[ 2016-10-18T17:40:50+08:00 ] ::1 /easycan/index.php/Home/Rbac/userList.html
INFO: [ app_init ] --START--
INFO: Run Behavior\BuildLiteBehavior [ RunTime:0.000029s ]
INFO: [ app_init ] --END-- [ RunTime:0.000449s ]

[ 2016-10-18T17:42:16+08:00 ] ::1 /easycan/index.php/Home/Rbac/nodeList.html
INFO: [ app_init ] --START--
INFO: Run Behavior\BuildLiteBehavior [ RunTime:0.000027s ]
INFO: [ app_init ] --END-- [ RunTime:0.000420s ]

[ 2016-10-18T17:42:19+08:00 ] ::1 /easycan/index.php/Home/Rbac/roleList.html
INFO: [ app_init ] --START--
INFO: Run Behavior\BuildLiteBehavior [ RunTime:0.000027s ]
INFO: [ app_init ] --END-- [ RunTime:0.000378s ]

[ 2016-10-18T17:42:54+08:00 ] ::1 /easycan/index.php/Home/Rbac/roleList.html
INFO: [ app_init ] --START--
INFO: Run Behavior\BuildLiteBehavior [ RunTime:0.000025s ]
INFO: [ app_init ] --END-- [ RunTime:0.000386s ]

[ 2016-10-18T17:43:52+08:00 ] ::1 /easycan/index.php/Home/Rbac/addNode.html
INFO: [ app_init ] --START--
INFO: Run Behavior\BuildLiteBehavior [ RunTime:0.000027s ]
INFO: [ app_init ] --END-- [ RunTime:0.000379s ]

[ 2016-10-18T17:43:53+08:00 ] ::1 /easycan/index.php/Home/Rbac/roleList.html
INFO: [ app_init ] --START--
INFO: Run Behavior\BuildLiteBehavior [ RunTime:0.000028s ]
INFO: [ app_init ] --END-- [ RunTime:0.000406s ]

[ 2016-10-18T17:46:55+08:00 ] ::1 /easycan/index.php/Home/Rbac/roleList.html
INFO: [ app_init ] --START--
INFO: Run Behavior\BuildLiteBehavior [ RunTime:0.000027s ]
INFO: [ app_init ] --END-- [ RunTime:0.000421s ]

[ 2016-10-18T17:47:08+08:00 ] ::1 /easycan/index.php/Home/Rbac/roleList.html
INFO: [ app_init ] --START--
INFO: Run Behavior\BuildLiteBehavior [ RunTime:0.000028s ]
INFO: [ app_init ] --END-- [ RunTime:0.000420s ]

[ 2016-10-18T17:47:16+08:00 ] ::1 /easycan/index.php/Home/Rbac/roleList.html
INFO: [ app_init ] --START--
INFO: Run Behavior\BuildLiteBehavior [ RunTime:0.000029s ]
INFO: [ app_init ] --END-- [ RunTime:0.000739s ]

[ 2016-10-18T17:47:22+08:00 ] ::1 /easycan/index.php/Home/Rbac/access/rid/1.html
INFO: [ app_init ] --START--
INFO: Run Behavior\BuildLiteBehavior [ RunTime:0.000026s ]
INFO: [ app_init ] --END-- [ RunTime:0.000395s ]
ERR: 非法操作:access

[ 2016-10-18T18:38:30+08:00 ] ::1 /easycan/index.php/Home/Index/index.html
INFO: [ app_init ] --START--
INFO: Run Behavior\BuildLiteBehavior [ RunTime:0.000037s ]
INFO: [ app_init ] --END-- [ RunTime:0.000459s ]

[ 2016-10-18T18:38:32+08:00 ] ::1 /easycan/index.php/Home/Rbac/userList.html
INFO: [ app_init ] --START--
INFO: Run Behavior\BuildLiteBehavior [ RunTime:0.000023s ]
INFO: [ app_init ] --END-- [ RunTime:0.000356s ]

[ 2016-10-18T18:38:33+08:00 ] ::1 /easycan/index.php/Home/Rbac/addUser.html
INFO: [ app_init ] --START--
INFO: Run Behavior\BuildLiteBehavior [ RunTime:0.000027s ]
INFO: [ app_init ] --END-- [ RunTime:0.000368s ]

[ 2016-10-18T18:38:34+08:00 ] ::1 /easycan/index.php/Home/Rbac/nodeList.html
INFO: [ app_init ] --START--
INFO: Run Behavior\BuildLiteBehavior [ RunTime:0.000026s ]
INFO: [ app_init ] --END-- [ RunTime:0.000371s ]

[ 2016-10-18T18:38:42+08:00 ] ::1 /easycan/index.php/Home/Rbac/nodeList.html
INFO: [ app_init ] --START--
INFO: Run Behavior\BuildLiteBehavior [ RunTime:0.000026s ]
INFO: [ app_init ] --END-- [ RunTime:0.000372s ]

[ 2016-10-18T18:38:44+08:00 ] ::1 /easycan/index.php/Home/Rbac/roleList.html
INFO: [ app_init ] --START--
INFO: Run Behavior\BuildLiteBehavior [ RunTime:0.000026s ]
INFO: [ app_init ] --END-- [ RunTime:0.000375s ]

[ 2016-10-18T18:38:47+08:00 ] ::1 /easycan/index.php/Home/Rbac/access/rid/1.html
INFO: [ app_init ] --START--
INFO: Run Behavior\BuildLiteBehavior [ RunTime:0.000028s ]
INFO: [ app_init ] --END-- [ RunTime:0.000656s ]

[ 2016-10-18T18:42:00+08:00 ] ::1 /easycan/index.php/Home/Rbac/access/rid/1.html
INFO: [ app_init ] --START--
INFO: Run Behavior\BuildLiteBehavior [ RunTime:0.000024s ]
INFO: [ app_init ] --END-- [ RunTime:0.000498s ]

[ 2016-10-18T18:42:01+08:00 ] ::1 /easycan/index.php/Home/Rbac/access/rid/__IMAGES__/icon19.png
INFO: [ app_init ] --START--
INFO: Run Behavior\BuildLiteBehavior [ RunTime:0.000029s ]
INFO: [ app_init ] --END-- [ RunTime:0.000393s ]

[ 2016-10-18T18:42:01+08:00 ] ::1 /easycan/index.php/Home/Rbac/access/rid/__IMAGES__/icon20.png
INFO: [ app_init ] --START--
INFO: Run Behavior\BuildLiteBehavior [ RunTime:0.000028s ]
INFO: [ app_init ] --END-- [ RunTime:0.000419s ]

[ 2016-10-18T18:42:01+08:00 ] ::1 /easycan/index.php/Home/Rbac/access/rid/__IMAGES__/icon19.png
INFO: [ app_init ] --START--
INFO: Run Behavior\BuildLiteBehavior [ RunTime:0.000026s ]
INFO: [ app_init ] --END-- [ RunTime:0.000396s ]

[ 2016-10-18T18:42:01+08:00 ] ::1 /easycan/index.php/Home/Rbac/access/rid/__IMAGES__/icon20.png
INFO: [ app_init ] --START--
INFO: Run Behavior\BuildLiteBehavior [ RunTime:0.000028s ]
INFO: [ app_init ] --END-- [ RunTime:0.000433s ]

[ 2016-10-18T18:43:25+08:00 ] ::1 /easycan/index.php/Home/Rbac/access/rid/1.html
INFO: [ app_init ] --START--
INFO: Run Behavior\BuildLiteBehavior [ RunTime:0.000027s ]
INFO: [ app_init ] --END-- [ RunTime:0.000404s ]

[ 2016-10-18T18:49:05+08:00 ] ::1 /easycan/index.php/Home/Rbac/access/rid/2.html
INFO: [ app_init ] --START--
INFO: Run Behavior\BuildLiteBehavior [ RunTime:0.000026s ]
INFO: [ app_init ] --END-- [ RunTime:0.000413s ]

[ 2016-10-18T18:49:08+08:00 ] ::1 /easycan/index.php/Home/Rbac/access/rid/3.html
INFO: [ app_init ] --START--
INFO: Run Behavior\BuildLiteBehavior [ RunTime:0.000026s ]
INFO: [ app_init ] --END-- [ RunTime:0.000369s ]

[ 2016-10-18T18:49:10+08:00 ] ::1 /easycan/index.php/Home/Rbac/access/rid/4.html
INFO: [ app_init ] --START--
INFO: Run Behavior\BuildLiteBehavior [ RunTime:0.000034s ]
INFO: [ app_init ] --END-- [ RunTime:0.000518s ]

[ 2016-10-18T18:52:07+08:00 ] ::1 /easycan/index.php/Home/Rbac/access/rid/1.html
INFO: [ app_init ] --START--
INFO: Run Behavior\BuildLiteBehavior [ RunTime:0.000025s ]
INFO: [ app_init ] --END-- [ RunTime:0.000409s ]

[ 2016-10-18T18:52:28+08:00 ] ::1 /easycan/index.php/Home/Rbac/access/rid/1.html
INFO: [ app_init ] --START--
INFO: Run Behavior\BuildLiteBehavior [ RunTime:0.000024s ]
INFO: [ app_init ] --END-- [ RunTime:0.000354s ]

[ 2016-10-18T18:52:32+08:00 ] ::1 /easycan/index.php/Home/Rbac/access/rid/2.html
INFO: [ app_init ] --START--
INFO: Run Behavior\BuildLiteBehavior [ RunTime:0.000028s ]
INFO: [ app_init ] --END-- [ RunTime:0.000428s ]

[ 2016-10-18T18:53:55+08:00 ] ::1 /easycan/index.php/Home/Rbac/access/rid/1.html
INFO: [ app_init ] --START--
INFO: Run Behavior\BuildLiteBehavior [ RunTime:0.000025s ]
INFO: [ app_init ] --END-- [ RunTime:0.000395s ]

[ 2016-10-18T18:53:58+08:00 ] ::1 /easycan/index.php/Home/Rbac/access/rid/2.html
INFO: [ app_init ] --START--
INFO: Run Behavior\BuildLiteBehavior [ RunTime:0.000023s ]
INFO: [ app_init ] --END-- [ RunTime:0.000381s ]

[ 2016-10-18T18:58:53+08:00 ] ::1 /easycan/index.php/Home/Rbac/access/rid/1.html
INFO: [ app_init ] --START--
INFO: Run Behavior\BuildLiteBehavior [ RunTime:0.000027s ]
INFO: [ app_init ] --END-- [ RunTime:0.000413s ]

[ 2016-10-18T18:59:02+08:00 ] ::1 /easycan/index.php/Home/Rbac/access/rid/1.html
INFO: [ app_init ] --START--
INFO: Run Behavior\BuildLiteBehavior [ RunTime:0.000023s ]
INFO: [ app_init ] --END-- [ RunTime:0.000342s ]

[ 2016-10-18T18:59:16+08:00 ] ::1 /easycan/index.php/Home/Rbac/access/rid/1.html
INFO: [ app_init ] --START--
INFO: Run Behavior\BuildLiteBehavior [ RunTime:0.000024s ]
INFO: [ app_init ] --END-- [ RunTime:0.000344s ]

[ 2016-10-18T18:59:29+08:00 ] ::1 /easycan/index.php/Home/Rbac/access/rid/1.html
INFO: [ app_init ] --START--
INFO: Run Behavior\BuildLiteBehavior [ RunTime:0.000025s ]
INFO: [ app_init ] --END-- [ RunTime:0.000413s ]

[ 2016-10-18T18:59:35+08:00 ] ::1 /easycan/index.php/Home/Rbac/access/rid/1.html
INFO: [ app_init ] --START--
INFO: Run Behavior\BuildLiteBehavior [ RunTime:0.000024s ]
INFO: [ app_init ] --END-- [ RunTime:0.000344s ]

[ 2016-10-18T18:59:46+08:00 ] ::1 /easycan/index.php/Home/Rbac/access/rid/1.html
INFO: [ app_init ] --START--
INFO: Run Behavior\BuildLiteBehavior [ RunTime:0.000025s ]
INFO: [ app_init ] --END-- [ RunTime:0.000352s ]

[ 2016-10-18T18:59:53+08:00 ] ::1 /easycan/index.php/Home/Rbac/access/rid/1.html
INFO: [ app_init ] --START--
INFO: Run Behavior\BuildLiteBehavior [ RunTime:0.000024s ]
INFO: [ app_init ] --END-- [ RunTime:0.000342s ]

[ 2016-10-18T18:59:59+08:00 ] ::1 /easycan/index.php/Home/Rbac/access/rid/1.html
INFO: [ app_init ] --START--
INFO: Run Behavior\BuildLiteBehavior [ RunTime:0.000041s ]
INFO: [ app_init ] --END-- [ RunTime:0.000371s ]

[ 2016-10-18T19:04:12+08:00 ] ::1 /easycan/index.php/Home/Rbac/access/rid/1.html
INFO: [ app_init ] --START--
INFO: Run Behavior\BuildLiteBehavior [ RunTime:0.000025s ]
INFO: [ app_init ] --END-- [ RunTime:0.000393s ]

[ 2016-10-18T19:11:51+08:00 ] ::1 /easycan/index.php/Home/Rbac/access/rid/1.html
INFO: [ app_init ] --START--
INFO: Run Behavior\BuildLiteBehavior [ RunTime:0.000026s ]
INFO: [ app_init ] --END-- [ RunTime:0.000412s ]

[ 2016-10-18T19:11:53+08:00 ] ::1 /easycan/index.php/Home/Rbac/access/rid/1.html
INFO: [ app_init ] --START--
INFO: Run Behavior\BuildLiteBehavior [ RunTime:0.000042s ]
INFO: [ app_init ] --END-- [ RunTime:0.000385s ]

[ 2016-10-18T19:12:03+08:00 ] ::1 /easycan/index.php/Home/Rbac/access/rid/1.html
INFO: [ app_init ] --START--
INFO: Run Behavior\BuildLiteBehavior [ RunTime:0.000023s ]
INFO: [ app_init ] --END-- [ RunTime:0.000345s ]

[ 2016-10-18T19:13:46+08:00 ] ::1 /easycan/index.php/Home/Rbac/access/rid/1.html
INFO: [ app_init ] --START--
INFO: Run Behavior\BuildLiteBehavior [ RunTime:0.000024s ]
INFO: [ app_init ] --END-- [ RunTime:0.000344s ]

[ 2016-10-18T19:15:20+08:00 ] ::1 /easycan/index.php/Home/Rbac/access/rid/1.html
INFO: [ app_init ] --START--
INFO: Run Behavior\BuildLiteBehavior [ RunTime:0.000026s ]
INFO: [ app_init ] --END-- [ RunTime:0.000396s ]

[ 2016-10-18T19:16:15+08:00 ] ::1 /easycan/index.php/Home/Rbac/access/rid/1.html
INFO: [ app_init ] --START--
INFO: Run Behavior\BuildLiteBehavior [ RunTime:0.000024s ]
INFO: [ app_init ] --END-- [ RunTime:0.000373s ]

[ 2016-10-18T19:16:48+08:00 ] ::1 /easycan/index.php/Home/Rbac/access/rid/1.html
INFO: [ app_init ] --START--
INFO: Run Behavior\BuildLiteBehavior [ RunTime:0.000027s ]
INFO: [ app_init ] --END-- [ RunTime:0.000407s ]

[ 2016-10-18T19:16:51+08:00 ] ::1 /easycan/index.php/Home/Rbac/access/rid/1.html
INFO: [ app_init ] --START--
INFO: Run Behavior\BuildLiteBehavior [ RunTime:0.000028s ]
INFO: [ app_init ] --END-- [ RunTime:0.000419s ]

[ 2016-10-18T19:16:53+08:00 ] ::1 /easycan/index.php/Home/Rbac/access/rid/1.html
INFO: [ app_init ] --START--
INFO: Run Behavior\BuildLiteBehavior [ RunTime:0.000026s ]
INFO: [ app_init ] --END-- [ RunTime:0.000367s ]

[ 2016-10-18T19:23:00+08:00 ] ::1 /easycan/index.php/Home/Rbac/access/rid/1.html
INFO: [ app_init ] --START--
INFO: Run Behavior\BuildLiteBehavior [ RunTime:0.000028s ]
INFO: [ app_init ] --END-- [ RunTime:0.000421s ]

[ 2016-10-18T19:25:15+08:00 ] ::1 /easycan/index.php/Home/Rbac/access/rid/1.html
INFO: [ app_init ] --START--
INFO: Run Behavior\BuildLiteBehavior [ RunTime:0.000028s ]
INFO: [ app_init ] --END-- [ RunTime:0.000415s ]

[ 2016-10-18T19:25:55+08:00 ] ::1 /easycan/index.php/Home/Rbac/access/rid/1.html
INFO: [ app_init ] --START--
INFO: Run Behavior\BuildLiteBehavior [ RunTime:0.000055s ]
INFO: [ app_init ] --END-- [ RunTime:0.000529s ]

[ 2016-10-18T19:26:16+08:00 ] ::1 /easycan/index.php/Home/Rbac/access/rid/1.html
INFO: [ app_init ] --START--
INFO: Run Behavior\BuildLiteBehavior [ RunTime:0.000026s ]
INFO: [ app_init ] --END-- [ RunTime:0.000348s ]
ERR: XML标签语法错误 : condition="$vo['level'] eq 1"/

[ 2016-10-18T19:27:24+08:00 ] ::1 /easycan/index.php/Home/Rbac/access/rid/1.html
INFO: [ app_init ] --START--
INFO: Run Behavior\BuildLiteBehavior [ RunTime:0.000027s ]
INFO: [ app_init ] --END-- [ RunTime:0.000431s ]
ERR: XML标签语法错误 : condition="$vo['level'] eq 1"/

[ 2016-10-18T19:27:36+08:00 ] ::1 /easycan/index.php/Home/Rbac/access/rid/1.html
INFO: [ app_init ] --START--
INFO: Run Behavior\BuildLiteBehavior [ RunTime:0.000027s ]
INFO: [ app_init ] --END-- [ RunTime:0.000422s ]

[ 2016-10-18T19:28:05+08:00 ] ::1 /easycan/index.php/Home/Rbac/access/rid/1.html
INFO: [ app_init ] --START--
INFO: Run Behavior\BuildLiteBehavior [ RunTime:0.000027s ]
INFO: [ app_init ] --END-- [ RunTime:0.000383s ]

[ 2016-10-18T19:28:37+08:00 ] ::1 /easycan/index.php/Home/Rbac/access/rid/1.html
INFO: [ app_init ] --START--
INFO: Run Behavior\BuildLiteBehavior [ RunTime:0.000028s ]
INFO: [ app_init ] --END-- [ RunTime:0.000381s ]

[ 2016-10-18T19:28:49+08:00 ] ::1 /easycan/index.php/Home/Rbac/access/rid/1.html
INFO: [ app_init ] --START--
INFO: Run Behavior\BuildLiteBehavior [ RunTime:0.000026s ]
INFO: [ app_init ] --END-- [ RunTime:0.000384s ]

[ 2016-10-18T19:28:50+08:00 ] ::1 /easycan/index.php/Home/Rbac/access/rid/1.html
INFO: [ app_init ] --START--
INFO: Run Behavior\BuildLiteBehavior [ RunTime:0.000027s ]
INFO: [ app_init ] --END-- [ RunTime:0.000364s ]

[ 2016-10-18T19:28:53+08:00 ] ::1 /easycan/index.php/Home/Rbac/access/rid/1.html
INFO: [ app_init ] --START--
INFO: Run Behavior\BuildLiteBehavior [ RunTime:0.000038s ]
INFO: [ app_init ] --END-- [ RunTime:0.000399s ]

[ 2016-10-18T19:28:57+08:00 ] ::1 /easycan/index.php/Home/Rbac/access/rid/1.html
INFO: [ app_init ] --START--
INFO: Run Behavior\BuildLiteBehavior [ RunTime:0.000027s ]
INFO: [ app_init ] --END-- [ RunTime:0.000379s ]

[ 2016-10-18T19:30:26+08:00 ] ::1 /easycan/index.php/Home/Rbac/access/rid/1.html
INFO: [ app_init ] --START--
INFO: Run Behavior\BuildLiteBehavior [ RunTime:0.000026s ]
INFO: [ app_init ] --END-- [ RunTime:0.000470s ]

[ 2016-10-18T19:30:27+08:00 ] ::1 /easycan/index.php/Home/Rbac/addNode.html
INFO: [ app_init ] --START--
INFO: Run Behavior\BuildLiteBehavior [ RunTime:0.000026s ]
INFO: [ app_init ] --END-- [ RunTime:0.000373s ]

[ 2016-10-18T19:30:31+08:00 ] ::1 /easycan/index.php/Home/Rbac/addNode.html
INFO: [ app_init ] --START--
INFO: Run Behavior\BuildLiteBehavior [ RunTime:0.000028s ]
INFO: [ app_init ] --END-- [ RunTime:0.000518s ]

[ 2016-10-18T19:30:32+08:00 ] ::1 /easycan/index.php/Home/Rbac/addNode.html
INFO: [ app_init ] --START--
INFO: Run Behavior\BuildLiteBehavior [ RunTime:0.000026s ]
INFO: [ app_init ] --END-- [ RunTime:0.000378s ]

[ 2016-10-18T19:30:33+08:00 ] ::1 /easycan/index.php/Home/Rbac/nodeList.html
INFO: [ app_init ] --START--
INFO: Run Behavior\BuildLiteBehavior [ RunTime:0.000025s ]
INFO: [ app_init ] --END-- [ RunTime:0.000362s ]

[ 2016-10-18T19:30:36+08:00 ] ::1 /easycan/index.php/Home/Rbac/addNode.html
INFO: [ app_init ] --START--
INFO: Run Behavior\BuildLiteBehavior [ RunTime:0.000026s ]
INFO: [ app_init ] --END-- [ RunTime:0.000366s ]

[ 2016-10-18T19:30:37+08:00 ] ::1 /easycan/index.php/Home/Rbac/roleList.html
INFO: [ app_init ] --START--
INFO: Run Behavior\BuildLiteBehavior [ RunTime:0.000027s ]
INFO: [ app_init ] --END-- [ RunTime:0.000374s ]

[ 2016-10-18T19:30:38+08:00 ] ::1 /easycan/index.php/Home/Rbac/addRole.html
INFO: [ app_init ] --START--
INFO: Run Behavior\BuildLiteBehavior [ RunTime:0.000027s ]
INFO: [ app_init ] --END-- [ RunTime:0.000371s ]

[ 2016-10-18T19:30:39+08:00 ] ::1 /easycan/index.php/Home/Rbac/nodeList.html
INFO: [ app_init ] --START--
INFO: Run Behavior\BuildLiteBehavior [ RunTime:0.000026s ]
INFO: [ app_init ] --END-- [ RunTime:0.000404s ]

[ 2016-10-18T19:30:41+08:00 ] ::1 /easycan/index.php/Home/Rbac/addUser.html
INFO: [ app_init ] --START--
INFO: Run Behavior\BuildLiteBehavior [ RunTime:0.000025s ]
INFO: [ app_init ] --END-- [ RunTime:0.000359s ]

[ 2016-10-18T19:30:42+08:00 ] ::1 /easycan/index.php/Home/Rbac/userList.html
INFO: [ app_init ] --START--
INFO: Run Behavior\BuildLiteBehavior [ RunTime:0.000026s ]
INFO: [ app_init ] --END-- [ RunTime:0.000381s ]

[ 2016-10-18T19:30:43+08:00 ] ::1 /easycan/index.php/Home/Rbac/addUser.html
INFO: [ app_init ] --START--
INFO: Run Behavior\BuildLiteBehavior [ RunTime:0.000026s ]
INFO: [ app_init ] --END-- [ RunTime:0.000401s ]

[ 2016-10-18T19:30:45+08:00 ] ::1 /easycan/index.php/Home/Rbac/nodeList.html
INFO: [ app_init ] --START--
INFO: Run Behavior\BuildLiteBehavior [ RunTime:0.000026s ]
INFO: [ app_init ] --END-- [ RunTime:0.000406s ]

[ 2016-10-18T19:30:47+08:00 ] ::1 /easycan/index.php/Home/Rbac/addNode.html
INFO: [ app_init ] --START--
INFO: Run Behavior\BuildLiteBehavior [ RunTime:0.000027s ]
INFO: [ app_init ] --END-- [ RunTime:0.000423s ]

[ 2016-10-18T19:31:23+08:00 ] ::1 /easycan/index.php/Home/Rbac/addNodeHandle.html
INFO: [ app_init ] --START--
INFO: Run Behavior\BuildLiteBehavior [ RunTime:0.000025s ]
INFO: [ app_init ] --END-- [ RunTime:0.000354s ]

[ 2016-10-18T19:31:24+08:00 ] ::1 /easycan/index.php/Home/Rbac/addNode.html
INFO: [ app_init ] --START--
INFO: Run Behavior\BuildLiteBehavior [ RunTime:0.000025s ]
INFO: [ app_init ] --END-- [ RunTime:0.000351s ]

[ 2016-10-18T19:31:42+08:00 ] ::1 /easycan/index.php/Home/Rbac/addNodeHandle.html
INFO: [ app_init ] --START--
INFO: Run Behavior\BuildLiteBehavior [ RunTime:0.000025s ]
INFO: [ app_init ] --END-- [ RunTime:0.000367s ]

[ 2016-10-18T19:31:44+08:00 ] ::1 /easycan/index.php/Home/Rbac/addNode.html
INFO: [ app_init ] --START--
INFO: Run Behavior\BuildLiteBehavior [ RunTime:0.000038s ]
INFO: [ app_init ] --END-- [ RunTime:0.000609s ]

[ 2016-10-18T19:31:45+08:00 ] ::1 /easycan/index.php/Home/Rbac/nodeList.html
INFO: [ app_init ] --START--
INFO: Run Behavior\BuildLiteBehavior [ RunTime:0.000026s ]
INFO: [ app_init ] --END-- [ RunTime:0.000364s ]

[ 2016-10-18T19:32:20+08:00 ] ::1 /easycan/index.php/Home/Rbac/nodeList.html
INFO: [ app_init ] --START--
INFO: Run Behavior\BuildLiteBehavior [ RunTime:0.000026s ]
INFO: [ app_init ] --END-- [ RunTime:0.000373s ]

[ 2016-10-18T19:32:32+08:00 ] ::1 /easycan/index.php/Home/Rbac/nodeList.html
INFO: [ app_init ] --START--
INFO: Run Behavior\BuildLiteBehavior [ RunTime:0.000026s ]
INFO: [ app_init ] --END-- [ RunTime:0.000418s ]

[ 2016-10-18T19:32:46+08:00 ] ::1 /easycan/index.php/Home/Rbac/addNode.html
INFO: [ app_init ] --START--
INFO: Run Behavior\BuildLiteBehavior [ RunTime:0.000027s ]
INFO: [ app_init ] --END-- [ RunTime:0.000369s ]

[ 2016-10-18T19:33:02+08:00 ] ::1 /easycan/index.php/Home/Rbac/addNodeHandle.html
INFO: [ app_init ] --START--
INFO: Run Behavior\BuildLiteBehavior [ RunTime:0.000025s ]
INFO: [ app_init ] --END-- [ RunTime:0.000377s ]

[ 2016-10-18T19:33:03+08:00 ] ::1 /easycan/index.php/Home/Rbac/addNode.html
INFO: [ app_init ] --START--
INFO: Run Behavior\BuildLiteBehavior [ RunTime:0.000028s ]
INFO: [ app_init ] --END-- [ RunTime:0.000381s ]

[ 2016-10-18T19:33:16+08:00 ] ::1 /easycan/index.php/Home/Rbac/addNodeHandle.html
INFO: [ app_init ] --START--
INFO: Run Behavior\BuildLiteBehavior [ RunTime:0.000025s ]
INFO: [ app_init ] --END-- [ RunTime:0.000358s ]

[ 2016-10-18T19:33:17+08:00 ] ::1 /easycan/index.php/Home/Rbac/addNode.html
INFO: [ app_init ] --START--
INFO: Run Behavior\BuildLiteBehavior [ RunTime:0.000027s ]
INFO: [ app_init ] --END-- [ RunTime:0.000370s ]

[ 2016-10-18T19:33:31+08:00 ] ::1 /easycan/index.php/Home/Rbac/nodeList.html
INFO: [ app_init ] --START--
INFO: Run Behavior\BuildLiteBehavior [ RunTime:0.000025s ]
INFO: [ app_init ] --END-- [ RunTime:0.000362s ]

[ 2016-10-18T19:34:37+08:00 ] ::1 /easycan/index.php/Home/Rbac/addNodeHandle.html
INFO: [ app_init ] --START--
INFO: Run Behavior\BuildLiteBehavior [ RunTime:0.000026s ]
INFO: [ app_init ] --END-- [ RunTime:0.000393s ]

[ 2016-10-18T19:34:38+08:00 ] ::1 /easycan/index.php/Home/Rbac/addNode.html
INFO: [ app_init ] --START--
INFO: Run Behavior\BuildLiteBehavior [ RunTime:0.000028s ]
INFO: [ app_init ] --END-- [ RunTime:0.000378s ]

[ 2016-10-18T19:34:40+08:00 ] ::1 /easycan/index.php/Home/Rbac/nodeList.html
INFO: [ app_init ] --START--
INFO: Run Behavior\BuildLiteBehavior [ RunTime:0.000026s ]
INFO: [ app_init ] --END-- [ RunTime:0.000372s ]

[ 2016-10-18T19:38:08+08:00 ] ::1 /easycan/index.php/Home/Rbac/nodeList.html
INFO: [ app_init ] --START--
INFO: Run Behavior\BuildLiteBehavior [ RunTime:0.000025s ]
INFO: [ app_init ] --END-- [ RunTime:0.000383s ]

[ 2016-10-18T19:41:14+08:00 ] ::1 /easycan/index.php/Home/Rbac/roleList.html
INFO: [ app_init ] --START--
INFO: Run Behavior\BuildLiteBehavior [ RunTime:0.000025s ]
INFO: [ app_init ] --END-- [ RunTime:0.000392s ]

[ 2016-10-18T19:41:15+08:00 ] ::1 /easycan/index.php/Home/Rbac/access/rid/1.html
INFO: [ app_init ] --START--
INFO: Run Behavior\BuildLiteBehavior [ RunTime:0.000034s ]
INFO: [ app_init ] --END-- [ RunTime:0.000433s ]

[ 2016-10-18T19:42:11+08:00 ] ::1 /easycan/index.php/Home/Rbac/access/rid/1.html
INFO: [ app_init ] --START--
INFO: Run Behavior\BuildLiteBehavior [ RunTime:0.000024s ]
INFO: [ app_init ] --END-- [ RunTime:0.000347s ]

[ 2016-10-18T19:42:38+08:00 ] ::1 /easycan/index.php/Home/Rbac/access/rid/1.html
INFO: [ app_init ] --START--
INFO: Run Behavior\BuildLiteBehavior [ RunTime:0.000026s ]
INFO: [ app_init ] --END-- [ RunTime:0.000366s ]

[ 2016-10-18T19:42:56+08:00 ] ::1 /easycan/index.php/Home/Rbac/access/rid/1.html
INFO: [ app_init ] --START--
INFO: Run Behavior\BuildLiteBehavior [ RunTime:0.000035s ]
INFO: [ app_init ] --END-- [ RunTime:0.000513s ]

[ 2016-10-18T19:45:27+08:00 ] ::1 /easycan/index.php/Home/Rbac/access/rid/1.html
INFO: [ app_init ] --START--
INFO: Run Behavior\BuildLiteBehavior [ RunTime:0.000024s ]
INFO: [ app_init ] --END-- [ RunTime:0.000431s ]
ERR: XML标签语法错误 : condition='$vo['level'] eq 3'

[ 2016-10-18T19:46:05+08:00 ] ::1 /easycan/index.php/Home/Rbac/access/rid/1.html
INFO: [ app_init ] --START--
INFO: Run Behavior\BuildLiteBehavior [ RunTime:0.000026s ]
INFO: [ app_init ] --END-- [ RunTime:0.000363s ]
ERR: XML标签语法错误 : condition=\"$vo['level'] eq 3\"

[ 2016-10-18T19:46:37+08:00 ] ::1 /easycan/index.php/Home/Rbac/access/rid/1.html
INFO: [ app_init ] --START--
INFO: Run Behavior\BuildLiteBehavior [ RunTime:0.000026s ]
INFO: [ app_init ] --END-- [ RunTime:0.000373s ]

[ 2016-10-18T19:47:02+08:00 ] ::1 /easycan/index.php/Home/Rbac/access/rid/1.html
INFO: [ app_init ] --START--
INFO: Run Behavior\BuildLiteBehavior [ RunTime:0.000026s ]
INFO: [ app_init ] --END-- [ RunTime:0.000383s ]

[ 2016-10-18T21:54:40+08:00 ] ::1 /easycan/
INFO: [ app_init ] --START--
INFO: Run Behavior\BuildLiteBehavior [ RunTime:0.000038s ]
INFO: [ app_init ] --END-- [ RunTime:0.201380s ]

[ 2016-10-18T21:54:52+08:00 ] ::1 /easycan/index.php/Home/Rbac/roleList.html
INFO: [ app_init ] --START--
INFO: Run Behavior\BuildLiteBehavior [ RunTime:0.000030s ]
INFO: [ app_init ] --END-- [ RunTime:0.000470s ]

[ 2016-10-18T21:54:54+08:00 ] ::1 /easycan/index.php/Home/Rbac/addNode.html
INFO: [ app_init ] --START--
INFO: Run Behavior\BuildLiteBehavior [ RunTime:0.000029s ]
INFO: [ app_init ] --END-- [ RunTime:0.000436s ]

[ 2016-10-18T21:54:55+08:00 ] ::1 /easycan/index.php/Home/Rbac/addRole.html
INFO: [ app_init ] --START--
INFO: Run Behavior\BuildLiteBehavior [ RunTime:0.000030s ]
INFO: [ app_init ] --END-- [ RunTime:0.000434s ]

[ 2016-10-18T21:54:57+08:00 ] ::1 /easycan/index.php/Home/Rbac/roleList.html
INFO: [ app_init ] --START--
INFO: Run Behavior\BuildLiteBehavior [ RunTime:0.000031s ]
INFO: [ app_init ] --END-- [ RunTime:0.000473s ]

[ 2016-10-18T21:54:57+08:00 ] ::1 /easycan/index.php/Home/Rbac/addNode.html
INFO: [ app_init ] --START--
INFO: Run Behavior\BuildLiteBehavior [ RunTime:0.000031s ]
INFO: [ app_init ] --END-- [ RunTime:0.000456s ]

[ 2016-10-18T21:54:58+08:00 ] ::1 /easycan/index.php/Home/Rbac/nodeList.html
INFO: [ app_init ] --START--
INFO: Run Behavior\BuildLiteBehavior [ RunTime:0.000030s ]
INFO: [ app_init ] --END-- [ RunTime:0.000432s ]

[ 2016-10-18T21:54:59+08:00 ] ::1 /easycan/index.php/Home/Rbac/addUser.html
INFO: [ app_init ] --START--
INFO: Run Behavior\BuildLiteBehavior [ RunTime:0.000033s ]
INFO: [ app_init ] --END-- [ RunTime:0.000482s ]

[ 2016-10-18T21:54:59+08:00 ] ::1 /easycan/index.php/Home/Rbac/addRole.html
INFO: [ app_init ] --START--
INFO: Run Behavior\BuildLiteBehavior [ RunTime:0.000031s ]
INFO: [ app_init ] --END-- [ RunTime:0.000430s ]

[ 2016-10-18T21:55:00+08:00 ] ::1 /easycan/index.php/Home/Rbac/addNode.html
INFO: [ app_init ] --START--
INFO: Run Behavior\BuildLiteBehavior [ RunTime:0.000031s ]
INFO: [ app_init ] --END-- [ RunTime:0.000459s ]

[ 2016-10-18T21:55:01+08:00 ] ::1 /easycan/index.php/Home/Rbac/nodeList.html
INFO: [ app_init ] --START--
INFO: Run Behavior\BuildLiteBehavior [ RunTime:0.000030s ]
INFO: [ app_init ] --END-- [ RunTime:0.000427s ]

[ 2016-10-18T21:55:10+08:00 ] ::1 /easycan/index.php/Home/Rbac/roleList.html
INFO: [ app_init ] --START--
INFO: Run Behavior\BuildLiteBehavior [ RunTime:0.000030s ]
INFO: [ app_init ] --END-- [ RunTime:0.000448s ]

[ 2016-10-18T21:55:11+08:00 ] ::1 /easycan/index.php/Home/Rbac/access/rid/1.html
INFO: [ app_init ] --START--
INFO: Run Behavior\BuildLiteBehavior [ RunTime:0.000031s ]
INFO: [ app_init ] --END-- [ RunTime:0.000477s ]

[ 2016-10-18T21:56:36+08:00 ] ::1 /easycan/index.php/Home/Rbac/access/rid/1.html
INFO: [ app_init ] --START--
INFO: Run Behavior\BuildLiteBehavior [ RunTime:0.000033s ]
INFO: [ app_init ] --END-- [ RunTime:0.000497s ]

[ 2016-10-18T21:56:50+08:00 ] ::1 /easycan/index.php/Home/Rbac/access/rid/1.html
INFO: [ app_init ] --START--
INFO: Run Behavior\BuildLiteBehavior [ RunTime:0.000029s ]
INFO: [ app_init ] --END-- [ RunTime:0.000509s ]

[ 2016-10-18T21:56:53+08:00 ] ::1 /easycan/index.php/Home/Rbac/access/rid/1.html
INFO: [ app_init ] --START--
INFO: Run Behavior\BuildLiteBehavior [ RunTime:0.000030s ]
INFO: [ app_init ] --END-- [ RunTime:0.000453s ]

[ 2016-10-18T21:56:54+08:00 ] ::1 /easycan/index.php/Home/Rbac/access/rid/1.html
INFO: [ app_init ] --START--
INFO: Run Behavior\BuildLiteBehavior [ RunTime:0.000029s ]
INFO: [ app_init ] --END-- [ RunTime:0.000497s ]

[ 2016-10-18T21:56:57+08:00 ] ::1 /easycan/index.php/Home/Rbac/access/rid/1.html
INFO: [ app_init ] --START--
INFO: Run Behavior\BuildLiteBehavior [ RunTime:0.000059s ]
INFO: [ app_init ] --END-- [ RunTime:0.000680s ]

[ 2016-10-18T21:56:59+08:00 ] ::1 /easycan/index.php/Home/Rbac/nodeList.html
INFO: [ app_init ] --START--
INFO: Run Behavior\BuildLiteBehavior [ RunTime:0.000030s ]
INFO: [ app_init ] --END-- [ RunTime:0.000449s ]

[ 2016-10-18T21:57:02+08:00 ] ::1 /easycan/index.php/Home/Rbac/roleList.html
INFO: [ app_init ] --START--
INFO: Run Behavior\BuildLiteBehavior [ RunTime:0.000031s ]
INFO: [ app_init ] --END-- [ RunTime:0.000488s ]

[ 2016-10-18T21:57:03+08:00 ] ::1 /easycan/index.php/Home/Rbac/access/rid/1.html
INFO: [ app_init ] --START--
INFO: Run Behavior\BuildLiteBehavior [ RunTime:0.000029s ]
INFO: [ app_init ] --END-- [ RunTime:0.000450s ]

[ 2016-10-18T21:57:29+08:00 ] ::1 /easycan/index.php/Home/Rbac/access/rid/1.html
INFO: [ app_init ] --START--
INFO: Run Behavior\BuildLiteBehavior [ RunTime:0.000031s ]
INFO: [ app_init ] --END-- [ RunTime:0.000488s ]

[ 2016-10-18T21:57:45+08:00 ] ::1 /easycan/index.php/Home/Rbac/access/rid/1.html
INFO: [ app_init ] --START--
INFO: Run Behavior\BuildLiteBehavior [ RunTime:0.000029s ]
INFO: [ app_init ] --END-- [ RunTime:0.000453s ]

[ 2016-10-18T22:00:01+08:00 ] ::1 /easycan/index.php/Home/Rbac/access/rid/1.html
INFO: [ app_init ] --START--
INFO: Run Behavior\BuildLiteBehavior [ RunTime:0.000033s ]
INFO: [ app_init ] --END-- [ RunTime:0.000617s ]

[ 2016-10-18T22:00:02+08:00 ] ::1 /easycan/index.php/Home/Rbac/access/rid/1.html
INFO: [ app_init ] --START--
INFO: Run Behavior\BuildLiteBehavior [ RunTime:0.000030s ]
INFO: [ app_init ] --END-- [ RunTime:0.000557s ]

[ 2016-10-18T22:00:46+08:00 ] ::1 /easycan/index.php/Home/Rbac/access/rid/1.html
INFO: [ app_init ] --START--
INFO: Run Behavior\BuildLiteBehavior [ RunTime:0.000033s ]
INFO: [ app_init ] --END-- [ RunTime:0.000538s ]

[ 2016-10-18T22:00:47+08:00 ] ::1 /easycan/index.php/Home/Rbac/access/rid/1.html
INFO: [ app_init ] --START--
INFO: Run Behavior\BuildLiteBehavior [ RunTime:0.000030s ]
INFO: [ app_init ] --END-- [ RunTime:0.000466s ]

[ 2016-10-18T22:00:47+08:00 ] ::1 /easycan/index.php/Home/Rbac/access/rid/1.html
INFO: [ app_init ] --START--
INFO: Run Behavior\BuildLiteBehavior [ RunTime:0.000031s ]
INFO: [ app_init ] --END-- [ RunTime:0.000475s ]

[ 2016-10-18T22:44:47+08:00 ] ::1 /easycan/
INFO: [ app_init ] --START--
INFO: Run Behavior\BuildLiteBehavior [ RunTime:0.000038s ]
INFO: [ app_init ] --END-- [ RunTime:0.078868s ]

[ 2016-10-18T22:47:09+08:00 ] ::1 /easycan/
INFO: [ app_init ] --START--
INFO: Run Behavior\BuildLiteBehavior [ RunTime:0.000031s ]
INFO: [ app_init ] --END-- [ RunTime:0.000515s ]

[ 2016-10-18T23:02:49+08:00 ] ::1 /easycan/index.php/Home/Rbac/access/rid/1.html
INFO: [ app_init ] --START--
INFO: Run Behavior\BuildLiteBehavior [ RunTime:0.000033s ]
INFO: [ app_init ] --END-- [ RunTime:0.000556s ]

[ 2016-10-18T23:03:00+08:00 ] ::1 /easycan/index.php/Home/Rbac/access/rid/1.html
INFO: [ app_init ] --START--
INFO: Run Behavior\BuildLiteBehavior [ RunTime:0.000032s ]
INFO: [ app_init ] --END-- [ RunTime:0.000546s ]

[ 2016-10-18T23:03:01+08:00 ] ::1 /easycan/index.php/Home/Rbac/access/rid/1.html
INFO: [ app_init ] --START--
INFO: Run Behavior\BuildLiteBehavior [ RunTime:0.000030s ]
INFO: [ app_init ] --END-- [ RunTime:0.000484s ]

[ 2016-10-18T23:03:55+08:00 ] ::1 /easycan/index.php/Home/Rbac/access/rid/1.html
INFO: [ app_init ] --START--
INFO: Run Behavior\BuildLiteBehavior [ RunTime:0.000030s ]
INFO: [ app_init ] --END-- [ RunTime:0.000472s ]

[ 2016-10-18T23:05:14+08:00 ] ::1 /easycan/index.php/Home/Rbac/access/rid/1.html
INFO: [ app_init ] --START--
INFO: Run Behavior\BuildLiteBehavior [ RunTime:0.000041s ]
INFO: [ app_init ] --END-- [ RunTime:0.000614s ]

[ 2016-10-18T23:05:17+08:00 ] ::1 /easycan/index.php/Home/Rbac/roleList.html
INFO: [ app_init ] --START--
INFO: Run Behavior\BuildLiteBehavior [ RunTime:0.000030s ]
INFO: [ app_init ] --END-- [ RunTime:0.000456s ]

[ 2016-10-18T23:05:18+08:00 ] ::1 /easycan/index.php/Home/Rbac/access/rid/1.html
INFO: [ app_init ] --START--
INFO: Run Behavior\BuildLiteBehavior [ RunTime:0.000032s ]
INFO: [ app_init ] --END-- [ RunTime:0.000466s ]

[ 2016-10-18T23:05:20+08:00 ] ::1 /easycan/index.php/Home/Rbac/addNode.html
INFO: [ app_init ] --START--
INFO: Run Behavior\BuildLiteBehavior [ RunTime:0.000030s ]
INFO: [ app_init ] --END-- [ RunTime:0.000430s ]

[ 2016-10-18T23:05:21+08:00 ] ::1 /easycan/index.php/Home/Rbac/roleList.html
INFO: [ app_init ] --START--
INFO: Run Behavior\BuildLiteBehavior [ RunTime:0.000033s ]
INFO: [ app_init ] --END-- [ RunTime:0.000496s ]

[ 2016-10-18T23:05:23+08:00 ] ::1 /easycan/index.php/Home/Rbac/addNode.html
INFO: [ app_init ] --START--
INFO: Run Behavior\BuildLiteBehavior [ RunTime:0.000058s ]
INFO: [ app_init ] --END-- [ RunTime:0.000539s ]

[ 2016-10-18T23:05:23+08:00 ] ::1 /easycan/index.php/Home/Rbac/roleList.html
INFO: [ app_init ] --START--
INFO: Run Behavior\BuildLiteBehavior [ RunTime:0.000031s ]
INFO: [ app_init ] --END-- [ RunTime:0.000474s ]

[ 2016-10-18T23:05:24+08:00 ] ::1 /easycan/index.php/Home/Rbac/access/rid/2.html
INFO: [ app_init ] --START--
INFO: Run Behavior\BuildLiteBehavior [ RunTime:0.000029s ]
INFO: [ app_init ] --END-- [ RunTime:0.000462s ]

[ 2016-10-18T23:09:18+08:00 ] ::1 /easycan/index.php/Home/Rbac/access/rid/2.html
INFO: [ app_init ] --START--
INFO: Run Behavior\BuildLiteBehavior [ RunTime:0.000031s ]
INFO: [ app_init ] --END-- [ RunTime:0.000510s ]

[ 2016-10-18T23:09:19+08:00 ] ::1 /easycan/index.php/Home/Rbac/access/rid/2.html
INFO: [ app_init ] --START--
INFO: Run Behavior\BuildLiteBehavior [ RunTime:0.000031s ]
INFO: [ app_init ] --END-- [ RunTime:0.000437s ]

[ 2016-10-18T23:09:21+08:00 ] ::1 /easycan/index.php/Home/Rbac/access/rid/2.html
INFO: [ app_init ] --START--
INFO: Run Behavior\BuildLiteBehavior [ RunTime:0.000030s ]
INFO: [ app_init ] --END-- [ RunTime:0.000485s ]

[ 2016-10-18T23:09:22+08:00 ] ::1 /easycan/index.php/Home/Rbac/access/rid/2.html
INFO: [ app_init ] --START--
INFO: Run Behavior\BuildLiteBehavior [ RunTime:0.000032s ]
INFO: [ app_init ] --END-- [ RunTime:0.000615s ]

[ 2016-10-18T23:09:22+08:00 ] ::1 /easycan/index.php/Home/Rbac/access/rid/2.html
INFO: [ app_init ] --START--
INFO: Run Behavior\BuildLiteBehavior [ RunTime:0.000035s ]
INFO: [ app_init ] --END-- [ RunTime:0.000634s ]

[ 2016-10-18T23:09:23+08:00 ] ::1 /easycan/index.php/Home/Rbac/access/rid/2.html
INFO: [ app_init ] --START--
INFO: Run Behavior\BuildLiteBehavior [ RunTime:0.000030s ]
INFO: [ app_init ] --END-- [ RunTime:0.000453s ]

[ 2016-10-18T23:09:25+08:00 ] ::1 /easycan/index.php/Home/Rbac/access/rid/2.html
INFO: [ app_init ] --START--
INFO: Run Behavior\BuildLiteBehavior [ RunTime:0.000029s ]
INFO: [ app_init ] --END-- [ RunTime:0.000432s ]

[ 2016-10-18T23:10:01+08:00 ] ::1 /easycan/index.php/Home/Rbac/access/rid/2.html
INFO: [ app_init ] --START--
INFO: Run Behavior\BuildLiteBehavior [ RunTime:0.000029s ]
INFO: [ app_init ] --END-- [ RunTime:0.000441s ]

[ 2016-10-18T23:14:08+08:00 ] ::1 /easycan/index.php/Home/Rbac/access/rid/2.html
INFO: [ app_init ] --START--
INFO: Run Behavior\BuildLiteBehavior [ RunTime:0.000032s ]
INFO: [ app_init ] --END-- [ RunTime:0.000522s ]

[ 2016-10-18T23:20:40+08:00 ] ::1 /easycan/index.php/Home/Rbac/access/rid/2.html
INFO: [ app_init ] --START--
INFO: Run Behavior\BuildLiteBehavior [ RunTime:0.000029s ]
INFO: [ app_init ] --END-- [ RunTime:0.000494s ]

[ 2016-10-18T23:20:41+08:00 ] ::1 /easycan/index.php/Home/Rbac/access/rid/2.html
INFO: [ app_init ] --START--
INFO: Run Behavior\BuildLiteBehavior [ RunTime:0.000035s ]
INFO: [ app_init ] --END-- [ RunTime:0.000589s ]

[ 2016-10-18T23:21:20+08:00 ] ::1 /easycan/
INFO: [ app_init ] --START--
INFO: Run Behavior\BuildLiteBehavior [ RunTime:0.000049s ]
INFO: [ app_init ] --END-- [ RunTime:0.000668s ]

[ 2016-10-18T23:21:22+08:00 ] ::1 /easycan/index.php/Home/Rbac/roleList.html
INFO: [ app_init ] --START--
INFO: Run Behavior\BuildLiteBehavior [ RunTime:0.000029s ]
INFO: [ app_init ] --END-- [ RunTime:0.000456s ]

[ 2016-10-18T23:21:23+08:00 ] ::1 /easycan/index.php/Home/Rbac/access/rid/2.html
INFO: [ app_init ] --START--
INFO: Run Behavior\BuildLiteBehavior [ RunTime:0.000030s ]
INFO: [ app_init ] --END-- [ RunTime:0.000438s ]

[ 2016-10-18T23:26:37+08:00 ] ::1 /easycan/index.php/Home/Rbac/access/rid/2.html
INFO: [ app_init ] --START--
INFO: Run Behavior\BuildLiteBehavior [ RunTime:0.000031s ]
INFO: [ app_init ] --END-- [ RunTime:0.000491s ]

[ 2016-10-18T23:26:53+08:00 ] ::1 /easycan/index.php/Home/Rbac/access/rid/2.html
INFO: [ app_init ] --START--
INFO: Run Behavior\BuildLiteBehavior [ RunTime:0.000035s ]
INFO: [ app_init ] --END-- [ RunTime:0.000563s ]

[ 2016-10-18T23:26:53+08:00 ] ::1 /easycan/index.php/Home/Rbac/access/rid/2.html
INFO: [ app_init ] --START--
INFO: Run Behavior\BuildLiteBehavior [ RunTime:0.000029s ]
INFO: [ app_init ] --END-- [ RunTime:0.000453s ]

[ 2016-10-18T23:26:53+08:00 ] ::1 /easycan/index.php/Home/Rbac/access/rid/2.html
INFO: [ app_init ] --START--
INFO: Run Behavior\BuildLiteBehavior [ RunTime:0.000059s ]
INFO: [ app_init ] --END-- [ RunTime:0.000569s ]

[ 2016-10-18T23:26:56+08:00 ] ::1 /easycan/index.php/Home/Rbac/access/rid/2.html
INFO: [ app_init ] --START--
INFO: Run Behavior\BuildLiteBehavior [ RunTime:0.000034s ]
INFO: [ app_init ] --END-- [ RunTime:0.000789s ]

[ 2016-10-18T23:26:57+08:00 ] ::1 /easycan/index.php/Home/Rbac/access/rid/2.html
INFO: [ app_init ] --START--
INFO: Run Behavior\BuildLiteBehavior [ RunTime:0.000030s ]
INFO: [ app_init ] --END-- [ RunTime:0.000480s ]

[ 2016-10-18T23:27:34+08:00 ] ::1 /easycan/index.php/Home/Rbac/access/rid/2.html
INFO: [ app_init ] --START--
INFO: Run Behavior\BuildLiteBehavior [ RunTime:0.000029s ]
INFO: [ app_init ] --END-- [ RunTime:0.000466s ]

[ 2016-10-18T23:27:58+08:00 ] ::1 /easycan/index.php/Home/Rbac/access/rid/2.html
INFO: [ app_init ] --START--
INFO: Run Behavior\BuildLiteBehavior [ RunTime:0.000040s ]
INFO: [ app_init ] --END-- [ RunTime:0.000642s ]

[ 2016-10-18T23:30:45+08:00 ] ::1 /easycan/index.php/Home/Rbac/access/rid/2.html
INFO: [ app_init ] --START--
INFO: Run Behavior\BuildLiteBehavior [ RunTime:0.000031s ]
INFO: [ app_init ] --END-- [ RunTime:0.000487s ]

[ 2016-10-18T23:30:46+08:00 ] ::1 /easycan/index.php/Home/Rbac/access/rid/2.html
INFO: [ app_init ] --START--
INFO: Run Behavior\BuildLiteBehavior [ RunTime:0.000032s ]
INFO: [ app_init ] --END-- [ RunTime:0.000508s ]

[ 2016-10-18T23:30:52+08:00 ] ::1 /easycan/index.php/Home/Rbac/addNode.html
INFO: [ app_init ] --START--
INFO: Run Behavior\BuildLiteBehavior [ RunTime:0.000030s ]
INFO: [ app_init ] --END-- [ RunTime:0.000464s ]

[ 2016-10-18T23:30:54+08:00 ] ::1 /easycan/index.php/Home/Rbac/roleList.html
INFO: [ app_init ] --START--
INFO: Run Behavior\BuildLiteBehavior [ RunTime:0.000030s ]
INFO: [ app_init ] --END-- [ RunTime:0.000440s ]

[ 2016-10-18T23:30:55+08:00 ] ::1 /easycan/index.php/Home/Rbac/access/rid/1.html
INFO: [ app_init ] --START--
INFO: Run Behavior\BuildLiteBehavior [ RunTime:0.000030s ]
INFO: [ app_init ] --END-- [ RunTime:0.000434s ]

[ 2016-10-18T23:37:20+08:00 ] ::1 /easycan/index.php/Home/Rbac/access/rid/1.html
INFO: [ app_init ] --START--
INFO: Run Behavior\BuildLiteBehavior [ RunTime:0.000039s ]
INFO: [ app_init ] --END-- [ RunTime:0.000524s ]

[ 2016-10-18T23:38:43+08:00 ] ::1 /easycan/index.php/Home/Rbac/addNode.html
INFO: [ app_init ] --START--
INFO: Run Behavior\BuildLiteBehavior [ RunTime:0.000031s ]
INFO: [ app_init ] --END-- [ RunTime:0.000553s ]

[ 2016-10-18T23:38:44+08:00 ] ::1 /easycan/index.php/Home/Rbac/roleList.html
INFO: [ app_init ] --START--
INFO: Run Behavior\BuildLiteBehavior [ RunTime:0.000030s ]
INFO: [ app_init ] --END-- [ RunTime:0.000446s ]

[ 2016-10-18T23:38:45+08:00 ] ::1 /easycan/index.php/Home/Rbac/access/rid/1.html
INFO: [ app_init ] --START--
INFO: Run Behavior\BuildLiteBehavior [ RunTime:0.000031s ]
INFO: [ app_init ] --END-- [ RunTime:0.000576s ]

[ 2016-10-18T23:38:48+08:00 ] ::1 /easycan/index.php/Home/Rbac/access/rid/2.html
INFO: [ app_init ] --START--
INFO: Run Behavior\BuildLiteBehavior [ RunTime:0.000030s ]
INFO: [ app_init ] --END-- [ RunTime:0.000437s ]

[ 2016-10-18T23:38:56+08:00 ] ::1 /easycan/index.php/Home/Rbac/access/rid/3.html
INFO: [ app_init ] --START--
INFO: Run Behavior\BuildLiteBehavior [ RunTime:0.000034s ]
INFO: [ app_init ] --END-- [ RunTime:0.000675s ]

[ 2016-10-18T23:39:00+08:00 ] ::1 /easycan/index.php/Home/Rbac/access/rid/1.html
INFO: [ app_init ] --START--
INFO: Run Behavior\BuildLiteBehavior [ RunTime:0.000046s ]
INFO: [ app_init ] --END-- [ RunTime:0.000471s ]

[ 2016-10-18T23:45:54+08:00 ] ::1 /easycan/index.php/Home/Rbac/access/rid/1.html
INFO: [ app_init ] --START--
INFO: Run Behavior\BuildLiteBehavior [ RunTime:0.000040s ]
INFO: [ app_init ] --END-- [ RunTime:0.000726s ]

[ 2016-10-18T23:45:54+08:00 ] ::1 /easycan/index.php/Home/Rbac/access/rid/__IMAGES__/icon19.png
INFO: [ app_init ] --START--
INFO: Run Behavior\BuildLiteBehavior [ RunTime:0.000034s ]
INFO: [ app_init ] --END-- [ RunTime:0.000555s ]

[ 2016-10-18T23:45:54+08:00 ] ::1 /easycan/index.php/Home/Rbac/access/rid/__IMAGES__/icon20.png
INFO: [ app_init ] --START--
INFO: Run Behavior\BuildLiteBehavior [ RunTime:0.000052s ]
INFO: [ app_init ] --END-- [ RunTime:0.000676s ]

[ 2016-10-18T23:47:12+08:00 ] ::1 /easycan/index.php/Home/Rbac/access/rid/1.html
INFO: [ app_init ] --START--
INFO: Run Behavior\BuildLiteBehavior [ RunTime:0.000030s ]
INFO: [ app_init ] --END-- [ RunTime:0.000454s ]

[ 2016-10-18T23:47:12+08:00 ] ::1 /easycan/index.php/Home/Rbac/access/rid/__IMAGES__/icon19.png
INFO: [ app_init ] --START--
INFO: Run Behavior\BuildLiteBehavior [ RunTime:0.000034s ]
INFO: [ app_init ] --END-- [ RunTime:0.000491s ]

[ 2016-10-18T23:47:12+08:00 ] ::1 /easycan/index.php/Home/Rbac/access/rid/1.html
INFO: [ app_init ] --START--
INFO: Run Behavior\BuildLiteBehavior [ RunTime:0.000029s ]
INFO: [ app_init ] --END-- [ RunTime:0.000454s ]

[ 2016-10-18T23:47:12+08:00 ] ::1 /easycan/index.php/Home/Rbac/access/rid/__IMAGES__/icon19.png
INFO: [ app_init ] --START--
INFO: Run Behavior\BuildLiteBehavior [ RunTime:0.000053s ]
INFO: [ app_init ] --END-- [ RunTime:0.000721s ]

[ 2016-10-18T23:47:12+08:00 ] ::1 /easycan/index.php/Home/Rbac/access/rid/__IMAGES__/icon19.png
INFO: [ app_init ] --START--
INFO: Run Behavior\BuildLiteBehavior [ RunTime:0.000054s ]
INFO: [ app_init ] --END-- [ RunTime:0.000800s ]

[ 2016-10-18T23:47:24+08:00 ] ::1 /easycan/index.php/Home/Rbac/access/rid/1.html
INFO: [ app_init ] --START--
INFO: Run Behavior\BuildLiteBehavior [ RunTime:0.000032s ]
INFO: [ app_init ] --END-- [ RunTime:0.000484s ]

[ 2016-10-18T23:48:03+08:00 ] ::1 /easycan/index.php/Home/Rbac/access/rid/1.html
INFO: [ app_init ] --START--
INFO: Run Behavior\BuildLiteBehavior [ RunTime:0.000031s ]
INFO: [ app_init ] --END-- [ RunTime:0.000580s ]

[ 2016-10-18T23:48:03+08:00 ] ::1 /easycan/index.php/Home/Rbac/access/rid/__IMAGES__/icon22.png
INFO: [ app_init ] --START--
INFO: Run Behavior\BuildLiteBehavior [ RunTime:0.000038s ]
INFO: [ app_init ] --END-- [ RunTime:0.000849s ]

[ 2016-10-18T23:48:03+08:00 ] ::1 /easycan/index.php/Home/Rbac/access/rid/__IMAGES__/icon22.png
INFO: [ app_init ] --START--
INFO: Run Behavior\BuildLiteBehavior [ RunTime:0.000065s ]
INFO: [ app_init ] --END-- [ RunTime:0.001123s ]

[ 2016-10-18T23:49:11+08:00 ] ::1 /easycan/index.php/Home/Rbac/access/rid/1.html
INFO: [ app_init ] --START--
INFO: Run Behavior\BuildLiteBehavior [ RunTime:0.000030s ]
INFO: [ app_init ] --END-- [ RunTime:0.000430s ]

[ 2016-10-18T23:51:27+08:00 ] ::1 /easycan/index.php/Home/Rbac/access/rid/1.html
INFO: [ app_init ] --START--
INFO: Run Behavior\BuildLiteBehavior [ RunTime:0.000029s ]
INFO: [ app_init ] --END-- [ RunTime:0.000511s ]

[ 2016-10-18T23:51:29+08:00 ] ::1 /easycan/index.php/Home/Rbac/access/rid/1.html
INFO: [ app_init ] --START--
INFO: Run Behavior\BuildLiteBehavior [ RunTime:0.000038s ]
INFO: [ app_init ] --END-- [ RunTime:0.000513s ]

[ 2016-10-18T23:51:32+08:00 ] ::1 /easycan/index.php/Home/Rbac/roleList.html
INFO: [ app_init ] --START--
INFO: Run Behavior\BuildLiteBehavior [ RunTime:0.000029s ]
INFO: [ app_init ] --END-- [ RunTime:0.000433s ]

[ 2016-10-18T23:51:34+08:00 ] ::1 /easycan/index.php/Home/Rbac/access/rid/2.html
INFO: [ app_init ] --START--
INFO: Run Behavior\BuildLiteBehavior [ RunTime:0.000030s ]
INFO: [ app_init ] --END-- [ RunTime:0.000427s ]

[ 2016-10-18T23:51:57+08:00 ] ::1 /easycan/index.php/Home/Rbac/access/rid/2.html
INFO: [ app_init ] --START--
INFO: Run Behavior\BuildLiteBehavior [ RunTime:0.000030s ]
INFO: [ app_init ] --END-- [ RunTime:0.000435s ]

[ 2016-10-18T23:54:58+08:00 ] ::1 /easycan/index.php/Home/Rbac/access/rid/2.html
INFO: [ app_init ] --START--
INFO: Run Behavior\BuildLiteBehavior [ RunTime:0.000030s ]
INFO: [ app_init ] --END-- [ RunTime:0.000498s ]

[ 2016-10-18T23:54:59+08:00 ] ::1 /easycan/index.php/Home/Rbac/access/rid/2.html
INFO: [ app_init ] --START--
INFO: Run Behavior\BuildLiteBehavior [ RunTime:0.000032s ]
INFO: [ app_init ] --END-- [ RunTime:0.000517s ]

[ 2016-10-18T23:54:59+08:00 ] ::1 /easycan/index.php/Home/Rbac/access/rid/2.html
INFO: [ app_init ] --START--
INFO: Run Behavior\BuildLiteBehavior [ RunTime:0.000030s ]
INFO: [ app_init ] --END-- [ RunTime:0.000479s ]

[ 2016-10-18T23:55:47+08:00 ] ::1 /easycan/index.php/Home/Rbac/access/rid/2.html
INFO: [ app_init ] --START--
INFO: Run Behavior\BuildLiteBehavior [ RunTime:0.000030s ]
INFO: [ app_init ] --END-- [ RunTime:0.000481s ]

[ 2016-10-18T23:55:51+08:00 ] ::1 /easycan/index.php/Home/Rbac/access/rid/2.html
INFO: [ app_init ] --START--
INFO: Run Behavior\BuildLiteBehavior [ RunTime:0.000031s ]
INFO: [ app_init ] --END-- [ RunTime:0.000493s ]

[ 2016-10-18T23:55:52+08:00 ] ::1 /easycan/index.php/Home/Rbac/addNode.html
INFO: [ app_init ] --START--
INFO: Run Behavior\BuildLiteBehavior [ RunTime:0.000029s ]
INFO: [ app_init ] --END-- [ RunTime:0.000445s ]

[ 2016-10-18T23:55:53+08:00 ] ::1 /easycan/index.php/Home/Rbac/roleList.html
INFO: [ app_init ] --START--
INFO: Run Behavior\BuildLiteBehavior [ RunTime:0.000030s ]
INFO: [ app_init ] --END-- [ RunTime:0.000487s ]

[ 2016-10-18T23:55:54+08:00 ] ::1 /easycan/index.php/Home/Rbac/access/rid/1.html
INFO: [ app_init ] --START--
INFO: Run Behavior\BuildLiteBehavior [ RunTime:0.000030s ]
INFO: [ app_init ] --END-- [ RunTime:0.000457s ]

[ 2016-10-18T23:55:56+08:00 ] ::1 /easycan/index.php/Home/Rbac/roleList.html
INFO: [ app_init ] --START--
INFO: Run Behavior\BuildLiteBehavior [ RunTime:0.000030s ]
INFO: [ app_init ] --END-- [ RunTime:0.000439s ]

[ 2016-10-18T23:55:57+08:00 ] ::1 /easycan/index.php/Home/Rbac/addNode.html
INFO: [ app_init ] --START--
INFO: Run Behavior\BuildLiteBehavior [ RunTime:0.000029s ]
INFO: [ app_init ] --END-- [ RunTime:0.000451s ]

[ 2016-10-18T23:55:58+08:00 ] ::1 /easycan/index.php/Home/Rbac/roleList.html
INFO: [ app_init ] --START--
INFO: Run Behavior\BuildLiteBehavior [ RunTime:0.000029s ]
INFO: [ app_init ] --END-- [ RunTime:0.000448s ]

[ 2016-10-18T23:55:59+08:00 ] ::1 /easycan/index.php/Home/Rbac/access/rid/2.html
INFO: [ app_init ] --START--
INFO: Run Behavior\BuildLiteBehavior [ RunTime:0.000030s ]
INFO: [ app_init ] --END-- [ RunTime:0.000459s ]

[ 2016-10-18T23:56:06+08:00 ] ::1 /easycan/index.php/Home/Rbac/access/rid/2.html
INFO: [ app_init ] --START--
INFO: Run Behavior\BuildLiteBehavior [ RunTime:0.000046s ]
INFO: [ app_init ] --END-- [ RunTime:0.000591s ]

