[ 2016-11-06T11:08:13+08:00 ] ::1 /easycan/index.php/Api/Order/index
INFO: [ app_init ] --START--
INFO: Run Behavior\BuildLiteBehavior [ RunTime:0.000000s ]
INFO: [ app_init ] --END-- [ RunTime:0.000000s ]

[ 2016-11-06T11:08:54+08:00 ] 127.0.0.1 /easycan/index.php/Api/Order/index
INFO: [ app_init ] --START--
INFO: Run Behavior\BuildLiteBehavior [ RunTime:0.000000s ]
INFO: [ app_init ] --END-- [ RunTime:0.001000s ]

[ 2016-11-06T11:09:15+08:00 ] 127.0.0.1 /easycan/index.php/Api/Order/index
INFO: [ app_init ] --START--
INFO: Run Behavior\BuildLiteBehavior [ RunTime:0.000000s ]
INFO: [ app_init ] --END-- [ RunTime:0.002000s ]

[ 2016-11-06T11:10:38+08:00 ] 127.0.0.1 /easycan/index.php/Api/Order/index
INFO: [ app_init ] --START--
INFO: Run Behavior\BuildLiteBehavior [ RunTime:0.000000s ]
INFO: [ app_init ] --END-- [ RunTime:0.001000s ]

[ 2016-11-06T11:15:40+08:00 ] 127.0.0.1 /easycan/index.php/Api/Order/index
INFO: [ app_init ] --START--
INFO: Run Behavior\BuildLiteBehavior [ RunTime:0.000000s ]
INFO: [ app_init ] --END-- [ RunTime:0.001000s ]
ERR: 非法操作:index

[ 2016-11-06T11:15:49+08:00 ] 127.0.0.1 /easycan/index.php/Api/Order/submitOrder
INFO: [ app_init ] --START--
INFO: Run Behavior\BuildLiteBehavior [ RunTime:0.000000s ]
INFO: [ app_init ] --END-- [ RunTime:0.001000s ]

[ 2016-11-06T11:16:18+08:00 ] 127.0.0.1 /easycan/index.php/Api/Order/submitOrder?phone=123&address=123
INFO: [ app_init ] --START--
INFO: Run Behavior\BuildLiteBehavior [ RunTime:0.001000s ]
INFO: [ app_init ] --END-- [ RunTime:0.001000s ]

[ 2016-11-06T11:17:00+08:00 ] 127.0.0.1 /easycan/index.php/Api/Order/submitOrder?phone=123&address=123
INFO: [ app_init ] --START--
INFO: Run Behavior\BuildLiteBehavior [ RunTime:0.000000s ]
INFO: [ app_init ] --END-- [ RunTime:0.000000s ]

[ 2016-11-06T11:17:03+08:00 ] 127.0.0.1 /easycan/index.php/Api/Order/submitOrder?phone=123&address=123
INFO: [ app_init ] --START--
INFO: Run Behavior\BuildLiteBehavior [ RunTime:0.000000s ]
INFO: [ app_init ] --END-- [ RunTime:0.001000s ]

[ 2016-11-06T11:17:09+08:00 ] 127.0.0.1 /easycan/index.php/Api/Order/submitOrder?phone=123&address=123&price=123
INFO: [ app_init ] --START--
INFO: Run Behavior\BuildLiteBehavior [ RunTime:0.000000s ]
INFO: [ app_init ] --END-- [ RunTime:0.001000s ]

[ 2016-11-06T11:17:16+08:00 ] 127.0.0.1 /easycan/index.php/Api/Order/submitOrder?phone=123
INFO: [ app_init ] --START--
INFO: Run Behavior\BuildLiteBehavior [ RunTime:0.001000s ]
INFO: [ app_init ] --END-- [ RunTime:0.001000s ]

[ 2016-11-06T11:30:41+08:00 ] 127.0.0.1 /easycan/index.php/Api/Order/submitOrder?phone=123
INFO: [ app_init ] --START--
INFO: Run Behavior\BuildLiteBehavior [ RunTime:0.000000s ]
INFO: [ app_init ] --END-- [ RunTime:0.000000s ]

[ 2016-11-06T11:35:04+08:00 ] 127.0.0.1 /easycan/index.php/Api/Order/submitOrder?phone=123
INFO: [ app_init ] --START--
INFO: Run Behavior\BuildLiteBehavior [ RunTime:0.000000s ]
INFO: [ app_init ] --END-- [ RunTime:0.001000s ]

[ 2016-11-06T11:36:47+08:00 ] 127.0.0.1 /easycan/index.php/Api/Order/submitOrder?phone=123
INFO: [ app_init ] --START--
INFO: Run Behavior\BuildLiteBehavior [ RunTime:0.000000s ]
INFO: [ app_init ] --END-- [ RunTime:0.000000s ]

[ 2016-11-06T11:54:53+08:00 ] 127.0.0.1 /easycan/index.php/Api/Order/submitOrder?phone=123
INFO: [ app_init ] --START--
INFO: Run Behavior\BuildLiteBehavior [ RunTime:0.000000s ]
INFO: [ app_init ] --END-- [ RunTime:0.000000s ]

[ 2016-11-06T11:55:58+08:00 ] 127.0.0.1 /easycan/index.php/Api/Order/submitOrder?uid=10&phone=123&address=USA&price=12&remark=oppo
INFO: [ app_init ] --START--
INFO: Run Behavior\BuildLiteBehavior [ RunTime:0.000000s ]
INFO: [ app_init ] --END-- [ RunTime:0.000000s ]

[ 2016-11-06T11:56:14+08:00 ] 127.0.0.1 /easycan/index.php/Api/Order/submitOrder?uid=10&phone=123&address=USA&price=12&remark=oppo
INFO: [ app_init ] --START--
INFO: Run Behavior\BuildLiteBehavior [ RunTime:0.000000s ]
INFO: [ app_init ] --END-- [ RunTime:0.001000s ]

[ 2016-11-06T11:56:28+08:00 ] 127.0.0.1 /easycan/index.php/Api/Order/submitOrder?uid=10&phone=123&address=USA&price=12&remark=oppo
INFO: [ app_init ] --START--
INFO: Run Behavior\BuildLiteBehavior [ RunTime:0.000000s ]
INFO: [ app_init ] --END-- [ RunTime:0.000000s ]

[ 2016-11-06T11:57:32+08:00 ] 127.0.0.1 /easycan/index.php/Api/Order/submitOrder?uid=10&phone=123&address=USA&price=12&remark=oppo
INFO: [ app_init ] --START--
INFO: Run Behavior\BuildLiteBehavior [ RunTime:0.000000s ]
INFO: [ app_init ] --END-- [ RunTime:0.000000s ]

[ 2016-11-06T12:53:37+08:00 ] 192.168.16.210 /easycan/index.php/Api/Order/submitOrder
INFO: [ app_init ] --START--
INFO: Run Behavior\BuildLiteBehavior [ RunTime:0.000000s ]
INFO: [ app_init ] --END-- [ RunTime:0.000000s ]

[ 2016-11-06T12:53:51+08:00 ] 192.168.16.210 /easycan/index.php/Api/Order/submitOrder
INFO: [ app_init ] --START--
INFO: Run Behavior\BuildLiteBehavior [ RunTime:0.000000s ]
INFO: [ app_init ] --END-- [ RunTime:0.001000s ]

[ 2016-11-06T12:55:00+08:00 ] 192.168.16.210 /easycan/index.php/Api/Order/submitOrder
INFO: [ app_init ] --START--
INFO: Run Behavior\BuildLiteBehavior [ RunTime:0.000000s ]
INFO: [ app_init ] --END-- [ RunTime:0.000000s ]

[ 2016-11-06T12:55:07+08:00 ] 192.168.16.210 /easycan/index.php/Api/Order/submitOrder
INFO: [ app_init ] --START--
INFO: Run Behavior\BuildLiteBehavior [ RunTime:0.000000s ]
INFO: [ app_init ] --END-- [ RunTime:0.000000s ]

[ 2016-11-06T13:48:41+08:00 ] 127.0.0.1 /easycan/index.php/Api/Order/orderList
INFO: [ app_init ] --START--
INFO: Run Behavior\BuildLiteBehavior [ RunTime:0.000000s ]
INFO: [ app_init ] --END-- [ RunTime:0.001000s ]

[ 2016-11-06T13:58:09+08:00 ] 127.0.0.1 /easycan/index.php/Api/Order/orderList?currentPage=1
INFO: [ app_init ] --START--
INFO: Run Behavior\BuildLiteBehavior [ RunTime:0.000000s ]
INFO: [ app_init ] --END-- [ RunTime:0.000000s ]

[ 2016-11-06T13:58:18+08:00 ] 127.0.0.1 /easycan/index.php/Api/Order/orderList?currentPage=2
INFO: [ app_init ] --START--
INFO: Run Behavior\BuildLiteBehavior [ RunTime:0.000000s ]
INFO: [ app_init ] --END-- [ RunTime:0.000000s ]

[ 2016-11-06T14:01:53+08:00 ] 127.0.0.1 /easycan/index.php/Api/Order/orderList?currentPage=2
INFO: [ app_init ] --START--
INFO: Run Behavior\BuildLiteBehavior [ RunTime:0.000000s ]
INFO: [ app_init ] --END-- [ RunTime:0.001000s ]

[ 2016-11-06T14:02:01+08:00 ] 127.0.0.1 /easycan/index.php/Api/Order/orderList?currentPage=2
INFO: [ app_init ] --START--
INFO: Run Behavior\BuildLiteBehavior [ RunTime:0.000000s ]
INFO: [ app_init ] --END-- [ RunTime:0.001000s ]

[ 2016-11-06T14:03:21+08:00 ] 127.0.0.1 /easycan/index.php/Api/Order/orderList?currentPage=2
INFO: [ app_init ] --START--
INFO: Run Behavior\BuildLiteBehavior [ RunTime:0.000000s ]
INFO: [ app_init ] --END-- [ RunTime:0.001000s ]

[ 2016-11-06T14:03:26+08:00 ] 127.0.0.1 /easycan/index.php/Api/Order/orderList?currentPage=2
INFO: [ app_init ] --START--
INFO: Run Behavior\BuildLiteBehavior [ RunTime:0.000000s ]
INFO: [ app_init ] --END-- [ RunTime:0.000000s ]

[ 2016-11-06T15:10:26+08:00 ] 192.168.16.210 /easycan/index.php/Api/Order/orderList
INFO: [ app_init ] --START--
INFO: Run Behavior\BuildLiteBehavior [ RunTime:0.000000s ]
INFO: [ app_init ] --END-- [ RunTime:0.010000s ]

[ 2016-11-06T15:17:26+08:00 ] 127.0.0.1 /easycan/index.php/Api/Order/orderList?currentPage=2
INFO: [ app_init ] --START--
INFO: Run Behavior\BuildLiteBehavior [ RunTime:0.000000s ]
INFO: [ app_init ] --END-- [ RunTime:0.001000s ]

[ 2016-11-06T15:17:47+08:00 ] 127.0.0.1 /easycan/index.php/Api/Order/orderList?currentPage=2
INFO: [ app_init ] --START--
INFO: Run Behavior\BuildLiteBehavior [ RunTime:0.000000s ]
INFO: [ app_init ] --END-- [ RunTime:0.001000s ]

[ 2016-11-06T15:17:50+08:00 ] 127.0.0.1 /easycan/index.php/Api/Order/orderList?currentPage=2
INFO: [ app_init ] --START--
INFO: Run Behavior\BuildLiteBehavior [ RunTime:0.000000s ]
INFO: [ app_init ] --END-- [ RunTime:0.001000s ]

[ 2016-11-06T15:18:10+08:00 ] 127.0.0.1 /easycan/index.php/Api/Order/orderList?currentPage=2
INFO: [ app_init ] --START--
INFO: Run Behavior\BuildLiteBehavior [ RunTime:0.000000s ]
INFO: [ app_init ] --END-- [ RunTime:0.001000s ]

[ 2016-11-06T15:18:11+08:00 ] 127.0.0.1 /easycan/index.php/Api/Order/orderList?currentPage=2
INFO: [ app_init ] --START--
INFO: Run Behavior\BuildLiteBehavior [ RunTime:0.000000s ]
INFO: [ app_init ] --END-- [ RunTime:0.001000s ]

[ 2016-11-06T15:18:33+08:00 ] 127.0.0.1 /easycan/index.php/Api/Order/orderList?currentPage=2
INFO: [ app_init ] --START--
INFO: Run Behavior\BuildLiteBehavior [ RunTime:0.000000s ]
INFO: [ app_init ] --END-- [ RunTime:0.001000s ]

[ 2016-11-06T15:18:35+08:00 ] 127.0.0.1 /easycan/index.php/Api/Order/orderList?currentPage=2
INFO: [ app_init ] --START--
INFO: Run Behavior\BuildLiteBehavior [ RunTime:0.000000s ]
INFO: [ app_init ] --END-- [ RunTime:0.000000s ]

[ 2016-11-06T15:18:35+08:00 ] 127.0.0.1 /easycan/index.php/Api/Order/orderList?currentPage=2
INFO: [ app_init ] --START--
INFO: Run Behavior\BuildLiteBehavior [ RunTime:0.000000s ]
INFO: [ app_init ] --END-- [ RunTime:0.001000s ]

[ 2016-11-06T15:18:35+08:00 ] 127.0.0.1 /easycan/index.php/Api/Order/orderList?currentPage=2
INFO: [ app_init ] --START--
INFO: Run Behavior\BuildLiteBehavior [ RunTime:0.000000s ]
INFO: [ app_init ] --END-- [ RunTime:0.001000s ]

[ 2016-11-06T15:19:16+08:00 ] 192.168.16.210 /easycan/index.php/Api/Order/orderList
INFO: [ app_init ] --START--
INFO: Run Behavior\BuildLiteBehavior [ RunTime:0.000000s ]
INFO: [ app_init ] --END-- [ RunTime:0.001000s ]

[ 2016-11-06T15:20:04+08:00 ] 192.168.16.210 /easycan/index.php/Api/Order/orderList
INFO: [ app_init ] --START--
INFO: Run Behavior\BuildLiteBehavior [ RunTime:0.000000s ]
INFO: [ app_init ] --END-- [ RunTime:0.001000s ]

[ 2016-11-06T15:22:06+08:00 ] 127.0.0.1 /easycan/index.php/Api/Order/orderList?currentPage=2
INFO: [ app_init ] --START--
INFO: Run Behavior\BuildLiteBehavior [ RunTime:0.000000s ]
INFO: [ app_init ] --END-- [ RunTime:0.000000s ]

[ 2016-11-06T15:24:44+08:00 ] 192.168.16.210 /easycan/index.php/Api/Order/orderList
INFO: [ app_init ] --START--
INFO: Run Behavior\BuildLiteBehavior [ RunTime:0.000000s ]
INFO: [ app_init ] --END-- [ RunTime:0.000000s ]

[ 2016-11-06T15:25:16+08:00 ] 192.168.16.210 /easycan/index.php/Api/Order/orderList
INFO: [ app_init ] --START--
INFO: Run Behavior\BuildLiteBehavior [ RunTime:0.000000s ]
INFO: [ app_init ] --END-- [ RunTime:0.000000s ]

[ 2016-11-06T15:25:22+08:00 ] 192.168.16.210 /easycan/index.php/Api/Order/orderList
INFO: [ app_init ] --START--
INFO: Run Behavior\BuildLiteBehavior [ RunTime:0.000000s ]
INFO: [ app_init ] --END-- [ RunTime:0.001000s ]

[ 2016-11-06T15:25:39+08:00 ] 192.168.16.210 /easycan/index.php/Api/Order/orderList
INFO: [ app_init ] --START--
INFO: Run Behavior\BuildLiteBehavior [ RunTime:0.000000s ]
INFO: [ app_init ] --END-- [ RunTime:0.000000s ]

[ 2016-11-06T15:26:30+08:00 ] 192.168.16.210 /easycan/index.php/Api/Order/orderList
INFO: [ app_init ] --START--
INFO: Run Behavior\BuildLiteBehavior [ RunTime:0.000000s ]
INFO: [ app_init ] --END-- [ RunTime:0.000000s ]

[ 2016-11-06T15:28:48+08:00 ] 192.168.16.210 /easycan/index.php/Api/Order/orderList
INFO: [ app_init ] --START--
INFO: Run Behavior\BuildLiteBehavior [ RunTime:0.001000s ]
INFO: [ app_init ] --END-- [ RunTime:0.001000s ]

[ 2016-11-06T15:37:21+08:00 ] 192.168.16.210 /easycan/index.php/Api/Order/orderList
INFO: [ app_init ] --START--
INFO: Run Behavior\BuildLiteBehavior [ RunTime:0.000000s ]
INFO: [ app_init ] --END-- [ RunTime:0.000000s ]

[ 2016-11-06T15:37:26+08:00 ] 192.168.16.210 /easycan/index.php/Api/Order/orderList
INFO: [ app_init ] --START--
INFO: Run Behavior\BuildLiteBehavior [ RunTime:0.000000s ]
INFO: [ app_init ] --END-- [ RunTime:0.000000s ]

[ 2016-11-06T15:37:29+08:00 ] 192.168.16.210 /easycan/index.php/Api/Order/orderList
INFO: [ app_init ] --START--
INFO: Run Behavior\BuildLiteBehavior [ RunTime:0.000000s ]
INFO: [ app_init ] --END-- [ RunTime:0.001000s ]

[ 2016-11-06T15:37:32+08:00 ] 192.168.16.210 /easycan/index.php/Api/Order/orderList
INFO: [ app_init ] --START--
INFO: Run Behavior\BuildLiteBehavior [ RunTime:0.000000s ]
INFO: [ app_init ] --END-- [ RunTime:0.001000s ]

[ 2016-11-06T15:37:35+08:00 ] 192.168.16.210 /easycan/index.php/Api/Order/orderList
INFO: [ app_init ] --START--
INFO: Run Behavior\BuildLiteBehavior [ RunTime:0.000000s ]
INFO: [ app_init ] --END-- [ RunTime:0.000000s ]

[ 2016-11-06T15:37:38+08:00 ] 192.168.16.210 /easycan/index.php/Api/Order/orderList
INFO: [ app_init ] --START--
INFO: Run Behavior\BuildLiteBehavior [ RunTime:0.000000s ]
INFO: [ app_init ] --END-- [ RunTime:0.001000s ]

[ 2016-11-06T18:49:01+08:00 ] 192.168.16.93 /easycan/index.php/Api/Order/orderList
INFO: [ app_init ] --START--
INFO: Run Behavior\BuildLiteBehavior [ RunTime:0.000000s ]
INFO: [ app_init ] --END-- [ RunTime:0.001000s ]

[ 2016-11-06T18:49:09+08:00 ] 192.168.16.93 /easycan/index.php/Api/Order/orderList
INFO: [ app_init ] --START--
INFO: Run Behavior\BuildLiteBehavior [ RunTime:0.000000s ]
INFO: [ app_init ] --END-- [ RunTime:0.001000s ]

[ 2016-11-06T18:49:12+08:00 ] 192.168.16.93 /easycan/index.php/Api/Order/orderList
INFO: [ app_init ] --START--
INFO: Run Behavior\BuildLiteBehavior [ RunTime:0.000000s ]
INFO: [ app_init ] --END-- [ RunTime:0.001000s ]

[ 2016-11-06T18:49:14+08:00 ] 192.168.16.93 /easycan/index.php/Api/Order/orderList
INFO: [ app_init ] --START--
INFO: Run Behavior\BuildLiteBehavior [ RunTime:0.000000s ]
INFO: [ app_init ] --END-- [ RunTime:0.000000s ]

[ 2016-11-06T18:50:49+08:00 ] 192.168.16.93 /easycan/index.php/Api/Order/orderList
INFO: [ app_init ] --START--
INFO: Run Behavior\BuildLiteBehavior [ RunTime:0.000000s ]
INFO: [ app_init ] --END-- [ RunTime:0.000000s ]

[ 2016-11-06T18:50:51+08:00 ] 192.168.16.93 /easycan/index.php/Api/Order/orderList
INFO: [ app_init ] --START--
INFO: Run Behavior\BuildLiteBehavior [ RunTime:0.000000s ]
INFO: [ app_init ] --END-- [ RunTime:0.001000s ]

[ 2016-11-06T18:50:53+08:00 ] 192.168.16.93 /easycan/index.php/Api/Order/orderList
INFO: [ app_init ] --START--
INFO: Run Behavior\BuildLiteBehavior [ RunTime:0.000000s ]
INFO: [ app_init ] --END-- [ RunTime:0.000000s ]

[ 2016-11-06T18:50:55+08:00 ] 192.168.16.93 /easycan/index.php/Api/Order/orderList
INFO: [ app_init ] --START--
INFO: Run Behavior\BuildLiteBehavior [ RunTime:0.000000s ]
INFO: [ app_init ] --END-- [ RunTime:0.001000s ]

[ 2016-11-06T18:50:55+08:00 ] 192.168.16.93 /easycan/index.php/Api/Order/orderList
INFO: [ app_init ] --START--
INFO: Run Behavior\BuildLiteBehavior [ RunTime:0.000000s ]
INFO: [ app_init ] --END-- [ RunTime:0.000000s ]

[ 2016-11-06T18:50:56+08:00 ] 192.168.16.93 /easycan/index.php/Api/Order/orderList
INFO: [ app_init ] --START--
INFO: Run Behavior\BuildLiteBehavior [ RunTime:0.000000s ]
INFO: [ app_init ] --END-- [ RunTime:0.000000s ]

[ 2016-11-06T18:50:57+08:00 ] 192.168.16.93 /easycan/index.php/Api/Order/orderList
INFO: [ app_init ] --START--
INFO: Run Behavior\BuildLiteBehavior [ RunTime:0.000000s ]
INFO: [ app_init ] --END-- [ RunTime:0.001000s ]

[ 2016-11-06T18:50:57+08:00 ] 192.168.16.93 /easycan/index.php/Api/Order/orderList
INFO: [ app_init ] --START--
INFO: Run Behavior\BuildLiteBehavior [ RunTime:0.000000s ]
INFO: [ app_init ] --END-- [ RunTime:0.000000s ]

[ 2016-11-06T19:01:47+08:00 ] 192.168.16.93 /easycan/index.php/Api/Order/orderList
INFO: [ app_init ] --START--
INFO: Run Behavior\BuildLiteBehavior [ RunTime:0.000000s ]
INFO: [ app_init ] --END-- [ RunTime:0.000000s ]

[ 2016-11-06T19:03:57+08:00 ] 192.168.16.93 /easycan/index.php/Api/Order/orderList
INFO: [ app_init ] --START--
INFO: Run Behavior\BuildLiteBehavior [ RunTime:0.000000s ]
INFO: [ app_init ] --END-- [ RunTime:0.000000s ]

[ 2016-11-06T19:06:13+08:00 ] 192.168.16.93 /easycan/index.php/Api/Order/orderList
INFO: [ app_init ] --START--
INFO: Run Behavior\BuildLiteBehavior [ RunTime:0.000000s ]
INFO: [ app_init ] --END-- [ RunTime:0.001000s ]

[ 2016-11-06T19:06:16+08:00 ] 192.168.16.93 /easycan/index.php/Api/Order/orderList
INFO: [ app_init ] --START--
INFO: Run Behavior\BuildLiteBehavior [ RunTime:0.000000s ]
INFO: [ app_init ] --END-- [ RunTime:0.000000s ]

[ 2016-11-06T19:06:20+08:00 ] 192.168.16.93 /easycan/index.php/Api/Order/orderList
INFO: [ app_init ] --START--
INFO: Run Behavior\BuildLiteBehavior [ RunTime:0.000000s ]
INFO: [ app_init ] --END-- [ RunTime:0.000000s ]

[ 2016-11-06T19:06:23+08:00 ] 192.168.16.93 /easycan/index.php/Api/Order/orderList
INFO: [ app_init ] --START--
INFO: Run Behavior\BuildLiteBehavior [ RunTime:0.000000s ]
INFO: [ app_init ] --END-- [ RunTime:0.001000s ]

[ 2016-11-06T19:06:26+08:00 ] 192.168.16.93 /easycan/index.php/Api/Order/orderList
INFO: [ app_init ] --START--
INFO: Run Behavior\BuildLiteBehavior [ RunTime:0.000000s ]
INFO: [ app_init ] --END-- [ RunTime:0.001000s ]

[ 2016-11-06T19:06:28+08:00 ] 192.168.16.93 /easycan/index.php/Api/Order/orderList
INFO: [ app_init ] --START--
INFO: Run Behavior\BuildLiteBehavior [ RunTime:0.000000s ]
INFO: [ app_init ] --END-- [ RunTime:0.000000s ]

[ 2016-11-06T19:06:33+08:00 ] 192.168.16.93 /easycan/index.php/Api/Order/orderList
INFO: [ app_init ] --START--
INFO: Run Behavior\BuildLiteBehavior [ RunTime:0.000000s ]
INFO: [ app_init ] --END-- [ RunTime:0.000000s ]

[ 2016-11-06T19:06:35+08:00 ] 192.168.16.93 /easycan/index.php/Api/Order/orderList
INFO: [ app_init ] --START--
INFO: Run Behavior\BuildLiteBehavior [ RunTime:0.000000s ]
INFO: [ app_init ] --END-- [ RunTime:0.001000s ]

[ 2016-11-06T19:06:36+08:00 ] 192.168.16.93 /easycan/index.php/Api/Order/orderList
INFO: [ app_init ] --START--
INFO: Run Behavior\BuildLiteBehavior [ RunTime:0.000000s ]
INFO: [ app_init ] --END-- [ RunTime:0.001000s ]

[ 2016-11-06T19:06:38+08:00 ] 192.168.16.93 /easycan/index.php/Api/Order/orderList
INFO: [ app_init ] --START--
INFO: Run Behavior\BuildLiteBehavior [ RunTime:0.000000s ]
INFO: [ app_init ] --END-- [ RunTime:0.000000s ]

[ 2016-11-06T19:06:39+08:00 ] 192.168.16.93 /easycan/index.php/Api/Order/orderList
INFO: [ app_init ] --START--
INFO: Run Behavior\BuildLiteBehavior [ RunTime:0.000000s ]
INFO: [ app_init ] --END-- [ RunTime:0.001000s ]

[ 2016-11-06T19:06:47+08:00 ] 192.168.16.93 /easycan/index.php/Api/Order/orderList
INFO: [ app_init ] --START--
INFO: Run Behavior\BuildLiteBehavior [ RunTime:0.000000s ]
INFO: [ app_init ] --END-- [ RunTime:0.000000s ]

[ 2016-11-06T19:07:18+08:00 ] 192.168.16.93 /easycan/index.php/Api/Order/orderList
INFO: [ app_init ] --START--
INFO: Run Behavior\BuildLiteBehavior [ RunTime:0.000000s ]
INFO: [ app_init ] --END-- [ RunTime:0.000000s ]

[ 2016-11-06T19:07:21+08:00 ] 192.168.16.93 /easycan/index.php/Api/Order/orderList
INFO: [ app_init ] --START--
INFO: Run Behavior\BuildLiteBehavior [ RunTime:0.000000s ]
INFO: [ app_init ] --END-- [ RunTime:0.000000s ]

[ 2016-11-06T19:07:24+08:00 ] 192.168.16.93 /easycan/index.php/Api/Order/orderList
INFO: [ app_init ] --START--
INFO: Run Behavior\BuildLiteBehavior [ RunTime:0.000000s ]
INFO: [ app_init ] --END-- [ RunTime:0.000000s ]

[ 2016-11-06T19:07:27+08:00 ] 192.168.16.93 /easycan/index.php/Api/Order/orderList
INFO: [ app_init ] --START--
INFO: Run Behavior\BuildLiteBehavior [ RunTime:0.000000s ]
INFO: [ app_init ] --END-- [ RunTime:0.000000s ]

[ 2016-11-06T19:07:30+08:00 ] 192.168.16.93 /easycan/index.php/Api/Order/orderList
INFO: [ app_init ] --START--
INFO: Run Behavior\BuildLiteBehavior [ RunTime:0.000000s ]
INFO: [ app_init ] --END-- [ RunTime:0.001000s ]

[ 2016-11-06T19:07:32+08:00 ] 192.168.16.93 /easycan/index.php/Api/Order/orderList
INFO: [ app_init ] --START--
INFO: Run Behavior\BuildLiteBehavior [ RunTime:0.000000s ]
INFO: [ app_init ] --END-- [ RunTime:0.000000s ]

[ 2016-11-06T19:07:35+08:00 ] 192.168.16.93 /easycan/index.php/Api/Order/orderList
INFO: [ app_init ] --START--
INFO: Run Behavior\BuildLiteBehavior [ RunTime:0.000000s ]
INFO: [ app_init ] --END-- [ RunTime:0.000000s ]

[ 2016-11-06T19:07:37+08:00 ] 192.168.16.93 /easycan/index.php/Api/Order/orderList
INFO: [ app_init ] --START--
INFO: Run Behavior\BuildLiteBehavior [ RunTime:0.000000s ]
INFO: [ app_init ] --END-- [ RunTime:0.001000s ]

[ 2016-11-06T19:08:25+08:00 ] 192.168.16.93 /easycan/index.php/Api/Order/orderList
INFO: [ app_init ] --START--
INFO: Run Behavior\BuildLiteBehavior [ RunTime:0.000000s ]
INFO: [ app_init ] --END-- [ RunTime:0.001000s ]

[ 2016-11-06T19:08:30+08:00 ] 192.168.16.93 /easycan/index.php/Api/Order/orderList
INFO: [ app_init ] --START--
INFO: Run Behavior\BuildLiteBehavior [ RunTime:0.000000s ]
INFO: [ app_init ] --END-- [ RunTime:0.000000s ]

[ 2016-11-06T19:08:51+08:00 ] 192.168.16.93 /easycan/index.php/Api/Order/orderList
INFO: [ app_init ] --START--
INFO: Run Behavior\BuildLiteBehavior [ RunTime:0.000000s ]
INFO: [ app_init ] --END-- [ RunTime:0.001000s ]

[ 2016-11-06T19:18:32+08:00 ] 192.168.16.93 /easycan/index.php/Api/Order/orderList
INFO: [ app_init ] --START--
INFO: Run Behavior\BuildLiteBehavior [ RunTime:0.000000s ]
INFO: [ app_init ] --END-- [ RunTime:0.001000s ]

[ 2016-11-06T19:18:38+08:00 ] 192.168.16.93 /easycan/index.php/Api/Order/orderList
INFO: [ app_init ] --START--
INFO: Run Behavior\BuildLiteBehavior [ RunTime:0.000000s ]
INFO: [ app_init ] --END-- [ RunTime:0.001000s ]

[ 2016-11-06T19:20:19+08:00 ] 192.168.16.93 /easycan/index.php/Api/Order/orderList
INFO: [ app_init ] --START--
INFO: Run Behavior\BuildLiteBehavior [ RunTime:0.000000s ]
INFO: [ app_init ] --END-- [ RunTime:0.000000s ]

[ 2016-11-06T19:20:25+08:00 ] 192.168.16.93 /easycan/index.php/Api/Order/orderList
INFO: [ app_init ] --START--
INFO: Run Behavior\BuildLiteBehavior [ RunTime:0.000000s ]
INFO: [ app_init ] --END-- [ RunTime:0.000000s ]

[ 2016-11-06T19:20:28+08:00 ] 192.168.16.93 /easycan/index.php/Api/Order/orderList
INFO: [ app_init ] --START--
INFO: Run Behavior\BuildLiteBehavior [ RunTime:0.000000s ]
INFO: [ app_init ] --END-- [ RunTime:0.001000s ]

[ 2016-11-06T19:20:30+08:00 ] 192.168.16.93 /easycan/index.php/Api/Order/orderList
INFO: [ app_init ] --START--
INFO: Run Behavior\BuildLiteBehavior [ RunTime:0.000000s ]
INFO: [ app_init ] --END-- [ RunTime:0.000000s ]

[ 2016-11-06T19:21:23+08:00 ] 192.168.16.93 /easycan/index.php/Api/Order/orderList
INFO: [ app_init ] --START--
INFO: Run Behavior\BuildLiteBehavior [ RunTime:0.000000s ]
INFO: [ app_init ] --END-- [ RunTime:0.001000s ]

[ 2016-11-06T19:21:24+08:00 ] 192.168.16.93 /easycan/index.php/Api/Order/orderList
INFO: [ app_init ] --START--
INFO: Run Behavior\BuildLiteBehavior [ RunTime:0.000000s ]
INFO: [ app_init ] --END-- [ RunTime:0.000000s ]

[ 2016-11-06T19:23:04+08:00 ] 192.168.16.93 /easycan/index.php/Api/Order/orderList
INFO: [ app_init ] --START--
INFO: Run Behavior\BuildLiteBehavior [ RunTime:0.000000s ]
INFO: [ app_init ] --END-- [ RunTime:0.001000s ]

[ 2016-11-06T19:23:11+08:00 ] 192.168.16.93 /easycan/index.php/Api/Order/orderList
INFO: [ app_init ] --START--
INFO: Run Behavior\BuildLiteBehavior [ RunTime:0.000000s ]
INFO: [ app_init ] --END-- [ RunTime:0.001000s ]

[ 2016-11-06T19:23:12+08:00 ] 192.168.16.93 /easycan/index.php/Api/Order/orderList
INFO: [ app_init ] --START--
INFO: Run Behavior\BuildLiteBehavior [ RunTime:0.000000s ]
INFO: [ app_init ] --END-- [ RunTime:0.000000s ]

[ 2016-11-06T19:32:14+08:00 ] 192.168.16.93 /easycan/index.php/Api/Order/orderList
INFO: [ app_init ] --START--
INFO: Run Behavior\BuildLiteBehavior [ RunTime:0.000000s ]
INFO: [ app_init ] --END-- [ RunTime:0.001000s ]

[ 2016-11-06T19:33:21+08:00 ] 192.168.16.93 /easycan/index.php/Api/Order/orderList
INFO: [ app_init ] --START--
INFO: Run Behavior\BuildLiteBehavior [ RunTime:0.000000s ]
INFO: [ app_init ] --END-- [ RunTime:0.000000s ]

[ 2016-11-06T19:33:40+08:00 ] 192.168.16.93 /easycan/index.php/Api/Order/orderList
INFO: [ app_init ] --START--
INFO: Run Behavior\BuildLiteBehavior [ RunTime:0.000000s ]
INFO: [ app_init ] --END-- [ RunTime:0.000000s ]

[ 2016-11-06T19:33:46+08:00 ] 192.168.16.93 /easycan/index.php/Api/Order/orderList
INFO: [ app_init ] --START--
INFO: Run Behavior\BuildLiteBehavior [ RunTime:0.000000s ]
INFO: [ app_init ] --END-- [ RunTime:0.000000s ]

[ 2016-11-06T19:33:47+08:00 ] 192.168.16.93 /easycan/index.php/Api/Order/orderList
INFO: [ app_init ] --START--
INFO: Run Behavior\BuildLiteBehavior [ RunTime:0.000000s ]
INFO: [ app_init ] --END-- [ RunTime:0.000000s ]

[ 2016-11-06T19:35:44+08:00 ] 192.168.16.93 /easycan/index.php/Api/Order/orderList
INFO: [ app_init ] --START--
INFO: Run Behavior\BuildLiteBehavior [ RunTime:0.000000s ]
INFO: [ app_init ] --END-- [ RunTime:0.001000s ]

[ 2016-11-06T19:36:31+08:00 ] 192.168.16.93 /easycan/index.php/Api/Order/orderList
INFO: [ app_init ] --START--
INFO: Run Behavior\BuildLiteBehavior [ RunTime:0.000000s ]
INFO: [ app_init ] --END-- [ RunTime:0.000000s ]

[ 2016-11-06T19:36:35+08:00 ] 192.168.16.93 /easycan/index.php/Api/Order/orderList
INFO: [ app_init ] --START--
INFO: Run Behavior\BuildLiteBehavior [ RunTime:0.000000s ]
INFO: [ app_init ] --END-- [ RunTime:0.000000s ]

[ 2016-11-06T19:36:37+08:00 ] 192.168.16.93 /easycan/index.php/Api/Order/orderList
INFO: [ app_init ] --START--
INFO: Run Behavior\BuildLiteBehavior [ RunTime:0.000000s ]
INFO: [ app_init ] --END-- [ RunTime:0.001000s ]

[ 2016-11-06T19:38:17+08:00 ] 192.168.16.93 /easycan/index.php/Api/Order/orderList
INFO: [ app_init ] --START--
INFO: Run Behavior\BuildLiteBehavior [ RunTime:0.000000s ]
INFO: [ app_init ] --END-- [ RunTime:0.000000s ]

[ 2016-11-06T19:38:19+08:00 ] 192.168.16.93 /easycan/index.php/Api/Order/orderList
INFO: [ app_init ] --START--
INFO: Run Behavior\BuildLiteBehavior [ RunTime:0.000000s ]
INFO: [ app_init ] --END-- [ RunTime:0.001000s ]

[ 2016-11-06T19:38:21+08:00 ] 192.168.16.93 /easycan/index.php/Api/Order/orderList
INFO: [ app_init ] --START--
INFO: Run Behavior\BuildLiteBehavior [ RunTime:0.000000s ]
INFO: [ app_init ] --END-- [ RunTime:0.001000s ]

[ 2016-11-06T19:38:22+08:00 ] 192.168.16.93 /easycan/index.php/Api/Order/orderList
INFO: [ app_init ] --START--
INFO: Run Behavior\BuildLiteBehavior [ RunTime:0.000000s ]
INFO: [ app_init ] --END-- [ RunTime:0.001000s ]

[ 2016-11-06T19:38:42+08:00 ] 192.168.16.93 /easycan/index.php/Api/Order/orderList
INFO: [ app_init ] --START--
INFO: Run Behavior\BuildLiteBehavior [ RunTime:0.000000s ]
INFO: [ app_init ] --END-- [ RunTime:0.001000s ]

[ 2016-11-06T19:38:46+08:00 ] 192.168.16.93 /easycan/index.php/Api/Order/orderList
INFO: [ app_init ] --START--
INFO: Run Behavior\BuildLiteBehavior [ RunTime:0.000000s ]
INFO: [ app_init ] --END-- [ RunTime:0.000000s ]

[ 2016-11-06T21:06:15+08:00 ] 192.168.16.93 /easycan/index.php/Api/User/login
INFO: [ app_init ] --START--
INFO: Run Behavior\BuildLiteBehavior [ RunTime:0.000000s ]
INFO: [ app_init ] --END-- [ RunTime:0.001000s ]

[ 2016-11-06T21:06:17+08:00 ] 192.168.16.93 /easycan/index.php/Api/Order/orderList
INFO: [ app_init ] --START--
INFO: Run Behavior\BuildLiteBehavior [ RunTime:0.000000s ]
INFO: [ app_init ] --END-- [ RunTime:0.001000s ]

[ 2016-11-06T21:06:22+08:00 ] 192.168.16.93 /easycan/index.php/Api/Order/orderList
INFO: [ app_init ] --START--
INFO: Run Behavior\BuildLiteBehavior [ RunTime:0.000000s ]
INFO: [ app_init ] --END-- [ RunTime:0.000000s ]

[ 2016-11-06T21:06:26+08:00 ] 192.168.16.93 /easycan/index.php/Api/Order/orderList
INFO: [ app_init ] --START--
INFO: Run Behavior\BuildLiteBehavior [ RunTime:0.000000s ]
INFO: [ app_init ] --END-- [ RunTime:0.001000s ]

[ 2016-11-06T21:25:00+08:00 ] 127.0.0.1 /easycan/index.php/Api/Map/getLatAndLngByAddress?address=%E5%B9%BF%E5%B7%9E
INFO: [ app_init ] --START--
INFO: Run Behavior\BuildLiteBehavior [ RunTime:0.000000s ]
INFO: [ app_init ] --END-- [ RunTime:0.000000s ]

[ 2016-11-06T21:25:31+08:00 ] 127.0.0.1 /easycan/index.php/Api/Map/getLatAndLngByAddress?address=%E5%B9%BF%E5%B7%9E
INFO: [ app_init ] --START--
INFO: Run Behavior\BuildLiteBehavior [ RunTime:0.000000s ]
INFO: [ app_init ] --END-- [ RunTime:0.001000s ]

[ 2016-11-06T21:25:32+08:00 ] 127.0.0.1 /easycan/index.php/Api/Map/getLatAndLngByAddress?address=%E5%B9%BF%E5%B7%9E
INFO: [ app_init ] --START--
INFO: Run Behavior\BuildLiteBehavior [ RunTime:0.000000s ]
INFO: [ app_init ] --END-- [ RunTime:0.001000s ]

[ 2016-11-06T21:26:08+08:00 ] 127.0.0.1 /easycan/index.php/Api/Map/getLatAndLngByAddress?address=%E5%B9%BF%E5%B7%9E
INFO: [ app_init ] --START--
INFO: Run Behavior\BuildLiteBehavior [ RunTime:0.000000s ]
INFO: [ app_init ] --END-- [ RunTime:0.000000s ]

[ 2016-11-06T21:26:37+08:00 ] 127.0.0.1 /easycan/index.php/Api/Map/getLatAndLngByAddress?address=5902%20Rue%20Hamilton,%20MONTREAL,%20QC,%20Canada
INFO: [ app_init ] --START--
INFO: Run Behavior\BuildLiteBehavior [ RunTime:0.000000s ]
INFO: [ app_init ] --END-- [ RunTime:0.001000s ]

[ 2016-11-06T21:30:52+08:00 ] 127.0.0.1 /easycan/index.php/Api/Map/getLatAndLngByAddress?address=5902%20Rue%20Hamilton,%20MONTREAL,%20QC,%20Canada
INFO: [ app_init ] --START--
INFO: Run Behavior\BuildLiteBehavior [ RunTime:0.000000s ]
INFO: [ app_init ] --END-- [ RunTime:0.000000s ]

[ 2016-11-06T21:31:27+08:00 ] 127.0.0.1 /easycan/index.php/Api/Map/getLatAndLngByAddress?address=5902%20Rue%20Hamilton,%20MONTREAL,%20QC,%20Canada
INFO: [ app_init ] --START--
INFO: Run Behavior\BuildLiteBehavior [ RunTime:0.000000s ]
INFO: [ app_init ] --END-- [ RunTime:0.001000s ]

[ 2016-11-06T21:32:29+08:00 ] 127.0.0.1 /easycan/index.php/Api/Map/getLatAndLngByAddress?address=5902%20Rue%20Hamilton,%20MONTREAL,%20QC,%20Canada
INFO: [ app_init ] --START--
INFO: Run Behavior\BuildLiteBehavior [ RunTime:0.000000s ]
INFO: [ app_init ] --END-- [ RunTime:0.001000s ]

[ 2016-11-06T21:33:28+08:00 ] 127.0.0.1 /easycan/index.php/Api/Map/getLatAndLngByAddress?address=5902%20Rue%20Hamilton,%20MONTREAL,%20QC,%20Canada
INFO: [ app_init ] --START--
INFO: Run Behavior\BuildLiteBehavior [ RunTime:0.000000s ]
INFO: [ app_init ] --END-- [ RunTime:0.001000s ]

[ 2016-11-06T21:36:27+08:00 ] 127.0.0.1 /easycan/index.php/Api/Map/getLatAndLngByAddress?address=5902%20Rue%20Hamilton,%20MONTREAL,%20QC,%20Canada
INFO: [ app_init ] --START--
INFO: Run Behavior\BuildLiteBehavior [ RunTime:0.000000s ]
INFO: [ app_init ] --END-- [ RunTime:0.000000s ]

[ 2016-11-06T21:36:30+08:00 ] 127.0.0.1 /easycan/index.php/Api/Map/getLatAndLngByAddress?address=5902%20Rue%20Hamilton,%20MONTREAL,%20QC,%20Canada
INFO: [ app_init ] --START--
INFO: Run Behavior\BuildLiteBehavior [ RunTime:0.000000s ]
INFO: [ app_init ] --END-- [ RunTime:0.000000s ]

[ 2016-11-06T21:37:34+08:00 ] 127.0.0.1 /easycan/index.php/Api/Map/getLatAndLngByAddress?address=5902%20Rue%20Hamilton,%20MONTREAL,%20QC,%20Canada
INFO: [ app_init ] --START--
INFO: Run Behavior\BuildLiteBehavior [ RunTime:0.000000s ]
INFO: [ app_init ] --END-- [ RunTime:0.001000s ]

[ 2016-11-06T21:37:48+08:00 ] 127.0.0.1 /easycan/index.php/Api/Map/getLatAndLngByAddress?address=5902%20Rue%20Hamilton,%20MONTREAL,%20QC,%20Canada
INFO: [ app_init ] --START--
INFO: Run Behavior\BuildLiteBehavior [ RunTime:0.000000s ]
INFO: [ app_init ] --END-- [ RunTime:0.001000s ]

[ 2016-11-06T21:37:58+08:00 ] ::1 /easycan/index.php/Api/Map/getLatAndLngByAddress?address=5902%20Rue%20Hamilton,%20MONTREAL,%20QC,%20Canada
INFO: [ app_init ] --START--
INFO: Run Behavior\BuildLiteBehavior [ RunTime:0.000000s ]
INFO: [ app_init ] --END-- [ RunTime:0.000000s ]

[ 2016-11-06T21:38:24+08:00 ] 192.168.16.93 /easycan/index.php/Api/Map/getLatAndLngByAddress?address=5902%20Rue%20Hamilton,%20MONTREAL,%20QC,%20Canada
INFO: [ app_init ] --START--
INFO: Run Behavior\BuildLiteBehavior [ RunTime:0.000000s ]
INFO: [ app_init ] --END-- [ RunTime:0.000000s ]

[ 2016-11-06T21:38:36+08:00 ] ::1 /easycan/index.php/Api/Map/getLatAndLngByAddress?address=5902%20Rue%20Hamilton,%20MONTREAL,%20QC,%20Canada
INFO: [ app_init ] --START--
INFO: Run Behavior\BuildLiteBehavior [ RunTime:0.000000s ]
INFO: [ app_init ] --END-- [ RunTime:0.001000s ]

[ 2016-11-06T21:42:08+08:00 ] 127.0.0.1 /easycan/index.php/Api/Map/getLatAndLngByAddress?address=5902%20Rue%20Hamilton,%20MONTREAL,%20QC,%20Canada
INFO: [ app_init ] --START--
INFO: Run Behavior\BuildLiteBehavior [ RunTime:0.000000s ]
INFO: [ app_init ] --END-- [ RunTime:0.000000s ]

[ 2016-11-06T21:42:10+08:00 ] 127.0.0.1 /easycan/index.php/Api/Map/getLatAndLngByAddress?address=5902%20Rue%20Hamilton,%20MONTREAL,%20QC,%20Canada
INFO: [ app_init ] --START--
INFO: Run Behavior\BuildLiteBehavior [ RunTime:0.001000s ]
INFO: [ app_init ] --END-- [ RunTime:0.001000s ]

[ 2016-11-06T21:44:15+08:00 ] 127.0.0.1 /easycan/index.php/Api/Map/getLatAndLngByAddress?address=5902%20Rue%20Hamilton,%20MONTREAL,%20QC,%20Canada
INFO: [ app_init ] --START--
INFO: Run Behavior\BuildLiteBehavior [ RunTime:0.000000s ]
INFO: [ app_init ] --END-- [ RunTime:0.001000s ]

[ 2016-11-06T21:44:17+08:00 ] 127.0.0.1 /easycan/index.php/Api/Map/getLatAndLngByAddress?address=5902%20Rue%20Hamilton,%20MONTREAL,%20QC,%20Canada
INFO: [ app_init ] --START--
INFO: Run Behavior\BuildLiteBehavior [ RunTime:0.000000s ]
INFO: [ app_init ] --END-- [ RunTime:0.000000s ]

[ 2016-11-06T21:44:29+08:00 ] 127.0.0.1 /easycan/index.php/Api/Map/getLatAndLngByAddress?address=5902%20Rue%20Hamilton,%20MONTREAL,%20QC,%20Canada
INFO: [ app_init ] --START--
INFO: Run Behavior\BuildLiteBehavior [ RunTime:0.000000s ]
INFO: [ app_init ] --END-- [ RunTime:0.001000s ]

[ 2016-11-06T21:45:15+08:00 ] 127.0.0.1 /easycan/index.php/Api/Map/getLatAndLngByAddress?address=5902%20Rue%20Hamilton,%20MONTREAL,%20QC,%20Canada
INFO: [ app_init ] --START--
INFO: Run Behavior\BuildLiteBehavior [ RunTime:0.000000s ]
INFO: [ app_init ] --END-- [ RunTime:0.001000s ]

[ 2016-11-06T21:50:15+08:00 ] 127.0.0.1 /easycan/index.php/Api/Map/getLatAndLngByAddress?address=5902%20Rue%20Hamilton,%20MONTREAL,%20QC,%20Canada
INFO: [ app_init ] --START--
INFO: Run Behavior\BuildLiteBehavior [ RunTime:0.000000s ]
INFO: [ app_init ] --END-- [ RunTime:0.000000s ]

[ 2016-11-06T21:51:24+08:00 ] 127.0.0.1 /easycan/index.php/Api/Map/getLatAndLngByAddress?address=5902%20Rue%20Hamilton,%20MONTREAL,%20QC,%20Canada
INFO: [ app_init ] --START--
INFO: Run Behavior\BuildLiteBehavior [ RunTime:0.000000s ]
INFO: [ app_init ] --END-- [ RunTime:0.000000s ]

[ 2016-11-06T21:51:35+08:00 ] 127.0.0.1 /easycan/index.php/Api/Map/getLatAndLngByAddress?address=5902%20Rue%20Hamilton,%20MONTREAL,%20QC,%20Canada
INFO: [ app_init ] --START--
INFO: Run Behavior\BuildLiteBehavior [ RunTime:0.000000s ]
INFO: [ app_init ] --END-- [ RunTime:0.000000s ]

[ 2016-11-06T21:52:46+08:00 ] 127.0.0.1 /easycan/index.php/Api/Map/getLatAndLngByAddress?address=5902%20Rue%20Hamilton,%20MONTREAL,%20QC,%20Canada
INFO: [ app_init ] --START--
INFO: Run Behavior\BuildLiteBehavior [ RunTime:0.000000s ]
INFO: [ app_init ] --END-- [ RunTime:0.000000s ]

[ 2016-11-06T21:54:03+08:00 ] 127.0.0.1 /easycan/index.php/Api/Map/getLatAndLngByAddress?address=5902%20Rue%20Hamilton,%20MONTREAL,%20QC,%20Canada
INFO: [ app_init ] --START--
INFO: Run Behavior\BuildLiteBehavior [ RunTime:0.000000s ]
INFO: [ app_init ] --END-- [ RunTime:0.000000s ]

[ 2016-11-06T21:57:03+08:00 ] 127.0.0.1 /easycan/index.php/Api/Map/getLatAndLngByAddress?address=5902%20Rue%20Hamilton,%20MONTREAL,%20QC,%20Canada
INFO: [ app_init ] --START--
INFO: Run Behavior\BuildLiteBehavior [ RunTime:0.000000s ]
INFO: [ app_init ] --END-- [ RunTime:0.002000s ]

[ 2016-11-06T21:57:20+08:00 ] 127.0.0.1 /easycan/index.php/Api/Map/getLatAndLngByAddress?address=5902%20Rue%20Hamilton,%20MONTREAL,%20QC,%20Canada
INFO: [ app_init ] --START--
INFO: Run Behavior\BuildLiteBehavior [ RunTime:0.000000s ]
INFO: [ app_init ] --END-- [ RunTime:0.001000s ]

[ 2016-11-06T21:59:31+08:00 ] 127.0.0.1 /easycan/index.php/Api/Map/getLatAndLngByAddress?address=5902%20Rue%20Hamilton,%20MONTREAL,%20QC,%20Canada
INFO: [ app_init ] --START--
INFO: Run Behavior\BuildLiteBehavior [ RunTime:0.000000s ]
INFO: [ app_init ] --END-- [ RunTime:0.000000s ]

[ 2016-11-06T22:00:30+08:00 ] 127.0.0.1 /easycan/index.php/Api/Map/getLatAndLngByAddress?address=%E5%B9%BF%E5%B7%9E%E5%A4%A7%E9%81%93%E4%B8%AD289%E5%8F%B7
INFO: [ app_init ] --START--
INFO: Run Behavior\BuildLiteBehavior [ RunTime:0.000000s ]
INFO: [ app_init ] --END-- [ RunTime:0.001000s ]

[ 2016-11-06T22:01:08+08:00 ] 127.0.0.1 /easycan/index.php/Api/Map/getLatAndLngByAddress?address=%E5%B9%BF%E5%B7%9E%E5%A4%A7%E9%81%93%E4%B8%AD289%E5%8F%B7
INFO: [ app_init ] --START--
INFO: Run Behavior\BuildLiteBehavior [ RunTime:0.001000s ]
INFO: [ app_init ] --END-- [ RunTime:0.001000s ]

[ 2016-11-06T22:02:06+08:00 ] 127.0.0.1 /easycan/index.php/Api/Map/getLatAndLngByAddress?address=%E5%B9%BF%E5%B7%9E%E5%A4%A7%E9%81%93%E4%B8%AD289%E5%8F%B7
INFO: [ app_init ] --START--
INFO: Run Behavior\BuildLiteBehavior [ RunTime:0.000000s ]
INFO: [ app_init ] --END-- [ RunTime:0.000000s ]

[ 2016-11-06T22:02:25+08:00 ] 127.0.0.1 /easycan/index.php/Api/Map/getLatAndLngByAddress?address=%E5%B9%BF%E5%B7%9E%E5%A4%A7%E9%81%93%E4%B8%AD289%E5%8F%B7
INFO: [ app_init ] --START--
INFO: Run Behavior\BuildLiteBehavior [ RunTime:0.000000s ]
INFO: [ app_init ] --END-- [ RunTime:0.001000s ]

[ 2016-11-06T22:04:22+08:00 ] 127.0.0.1 /easycan/index.php/Api/Map/getLatAndLngByAddress?address=%E5%B9%BF%E5%B7%9E%E5%A4%A7%E9%81%93%E4%B8%AD289%E5%8F%B7
INFO: [ app_init ] --START--
INFO: Run Behavior\BuildLiteBehavior [ RunTime:0.000000s ]
INFO: [ app_init ] --END-- [ RunTime:0.001000s ]

[ 2016-11-06T22:04:36+08:00 ] 127.0.0.1 /easycan/index.php/Api/Map/getLatAndLngByAddress?address=%E5%B9%BF%E5%B7%9E%E5%A4%A7%E9%81%93%E4%B8%AD289%E5%8F%B7
INFO: [ app_init ] --START--
INFO: Run Behavior\BuildLiteBehavior [ RunTime:0.000000s ]
INFO: [ app_init ] --END-- [ RunTime:0.000000s ]

[ 2016-11-06T22:07:18+08:00 ] 127.0.0.1 /easycan/index.php/Api/Map/getLatAndLngByAddress?address=%E5%B9%BF%E5%B7%9E%E5%A4%A7%E9%81%93%E4%B8%AD289%E5%8F%B7
INFO: [ app_init ] --START--
INFO: Run Behavior\BuildLiteBehavior [ RunTime:0.000000s ]
INFO: [ app_init ] --END-- [ RunTime:0.001000s ]

[ 2016-11-06T22:08:00+08:00 ] 127.0.0.1 /easycan/index.php/Api/Map/getLatAndLngByAddress?address=%E5%B9%BF%E5%B7%9E%E5%A4%A7%E9%81%93%E4%B8%AD289%E5%8F%B7
INFO: [ app_init ] --START--
INFO: Run Behavior\BuildLiteBehavior [ RunTime:0.000000s ]
INFO: [ app_init ] --END-- [ RunTime:0.000000s ]

[ 2016-11-06T22:08:02+08:00 ] 127.0.0.1 /easycan/index.php/Api/Map/getLatAndLngByAddress?address=%E5%B9%BF%E5%B7%9E%E5%A4%A7%E9%81%93%E4%B8%AD289%E5%8F%B7
INFO: [ app_init ] --START--
INFO: Run Behavior\BuildLiteBehavior [ RunTime:0.000000s ]
INFO: [ app_init ] --END-- [ RunTime:0.001000s ]

[ 2016-11-06T22:08:03+08:00 ] 127.0.0.1 /easycan/index.php/Api/Map/getLatAndLngByAddress?address=%E5%B9%BF%E5%B7%9E%E5%A4%A7%E9%81%93%E4%B8%AD289%E5%8F%B7
INFO: [ app_init ] --START--
INFO: Run Behavior\BuildLiteBehavior [ RunTime:0.000000s ]
INFO: [ app_init ] --END-- [ RunTime:0.001000s ]

[ 2016-11-06T22:09:14+08:00 ] 127.0.0.1 /easycan/index.php/Api/Map/getLatAndLngByAddress?address=%E4%B8%AD%E5%9B%BD%E5%B9%BF%E4%B8%9C%E7%9C%81%E5%B9%BF%E5%B7%9E%E5%B8%82%E5%A4%A9%E6%B2%B3%E5%8C%BA%E5%A4%A9%E6%B2%B3%E5%8C%97%E5%B9%BF%E5%B7%9E%E5%A4%A7%E9%81%93%E4%B8%AD289%E5%8F%B7
INFO: [ app_init ] --START--
INFO: Run Behavior\BuildLiteBehavior [ RunTime:0.000000s ]
INFO: [ app_init ] --END-- [ RunTime:0.001000s ]

[ 2016-11-06T22:09:31+08:00 ] 127.0.0.1 /easycan/index.php/Api/Map/getLatAndLngByAddress?address=%E4%B8%AD%E5%9B%BD%E5%B9%BF%E4%B8%9C%E7%9C%81%E5%B9%BF%E5%B7%9E%E5%B8%82%E5%A4%A9%E6%B2%B3%E5%8C%BA%E5%A4%A9%E6%B2%B3%E5%8C%97%E5%B9%BF%E5%B7%9E%E5%A4%A7%E9%81%93%E4%B8%AD289%E5%8F%B7
INFO: [ app_init ] --START--
INFO: Run Behavior\BuildLiteBehavior [ RunTime:0.000000s ]
INFO: [ app_init ] --END-- [ RunTime:0.000000s ]

[ 2016-11-06T22:10:12+08:00 ] 127.0.0.1 /easycan/index.php/Api/Map/getLatAndLngByAddress?address=%E4%B8%AD%E5%9B%BD%E5%B9%BF%E4%B8%9C%E7%9C%81%E5%B9%BF%E5%B7%9E%E5%B8%82%E5%A4%A9%E6%B2%B3%E5%8C%BA%E5%A4%A9%E6%B2%B3%E5%8C%97%E5%B9%BF%E5%B7%9E%E5%A4%A7%E9%81%93%E4%B8%AD289%E5%8F%B7
INFO: [ app_init ] --START--
INFO: Run Behavior\BuildLiteBehavior [ RunTime:0.000000s ]
INFO: [ app_init ] --END-- [ RunTime:0.000000s ]

[ 2016-11-06T22:11:31+08:00 ] 127.0.0.1 /easycan/index.php/Api/Map/getLatAndLngByAddress?address=%E5%8D%97%E6%96%B9%E6%8A%A5%E4%B8%9A%E9%9B%86%E5%9B%A2
INFO: [ app_init ] --START--
INFO: Run Behavior\BuildLiteBehavior [ RunTime:0.000000s ]
INFO: [ app_init ] --END-- [ RunTime:0.000000s ]

[ 2016-11-06T22:13:31+08:00 ] 127.0.0.1 /easycan/index.php/Api/Map/getLatAndLngByAddress?address=%E5%8D%97%E6%96%B9%E6%8A%A5%E4%B8%9A%E9%9B%86%E5%9B%A2
INFO: [ app_init ] --START--
INFO: Run Behavior\BuildLiteBehavior [ RunTime:0.000000s ]
INFO: [ app_init ] --END-- [ RunTime:0.001000s ]

[ 2016-11-06T22:14:00+08:00 ] 127.0.0.1 /easycan/index.php/Api/Map/getLatAndLngByAddress?address=%E5%B9%BF%E5%B7%9E
INFO: [ app_init ] --START--
INFO: Run Behavior\BuildLiteBehavior [ RunTime:0.000000s ]
INFO: [ app_init ] --END-- [ RunTime:0.000000s ]

[ 2016-11-06T22:14:38+08:00 ] 127.0.0.1 /easycan/index.php/Api/Map/getLatAndLngByAddress?address=%E5%B9%BF%E5%B7%9E%E5%A4%A7%E9%81%93%E4%B8%AD289%E5%8F%B7
INFO: [ app_init ] --START--
INFO: Run Behavior\BuildLiteBehavior [ RunTime:0.000000s ]
INFO: [ app_init ] --END-- [ RunTime:0.001000s ]

[ 2016-11-06T22:15:24+08:00 ] 127.0.0.1 /easycan/index.php/Api/Map/getLatAndLngByAddress?address=%E5%B9%BF%E5%B7%9E%E5%A4%A7%E9%81%93%E4%B8%AD289%E5%8F%B7
INFO: [ app_init ] --START--
INFO: Run Behavior\BuildLiteBehavior [ RunTime:0.000000s ]
INFO: [ app_init ] --END-- [ RunTime:0.000000s ]

[ 2016-11-06T22:16:34+08:00 ] 127.0.0.1 /easycan/index.php/Api/Map/getLatAndLngByAddress?address=%E5%B9%BF%E5%B7%9E%E5%A4%A7%E9%81%93%E4%B8%AD289%E5%8F%B7
INFO: [ app_init ] --START--
INFO: Run Behavior\BuildLiteBehavior [ RunTime:0.000000s ]
INFO: [ app_init ] --END-- [ RunTime:0.001000s ]

[ 2016-11-06T22:16:40+08:00 ] 127.0.0.1 /easycan/index.php/Api/Map/getLatAndLngByAddress?address=%E5%B9%BF%E5%B7%9E%E5%A4%A7%E9%81%93%E4%B8%AD289%E5%8F%B7
INFO: [ app_init ] --START--
INFO: Run Behavior\BuildLiteBehavior [ RunTime:0.000000s ]
INFO: [ app_init ] --END-- [ RunTime:0.001000s ]

[ 2016-11-06T22:35:03+08:00 ] 192.168.16.93 /easycan/index.php/Api/Order/orderList
INFO: [ app_init ] --START--
INFO: Run Behavior\BuildLiteBehavior [ RunTime:0.000000s ]
INFO: [ app_init ] --END-- [ RunTime:0.000000s ]

[ 2016-11-06T22:38:33+08:00 ] 192.168.16.93 /easycan/index.php/Api/Order/orderList
INFO: [ app_init ] --START--
INFO: Run Behavior\BuildLiteBehavior [ RunTime:0.000000s ]
INFO: [ app_init ] --END-- [ RunTime:0.002000s ]

